2022-01-20 13:41:15
2022-01-20 13:41:15
Namespace(A2_limit=False, EF_rates=0.01, FP=False, alpha=5, attention_dropout_rate=0.2, auxiliary_loss=True, batch_size=12, d_FC_layer=128, data_path='/home/caoduanhua/score_function/data/general_refineset', debug=False, deta_const=False, dis_adj2_with_adj1=False, dropout_rate=0.2, edge_bias=False, edge_type='single', embed_graph='double_graph', embed_graph_mode='ligand_protein', epoch=300, ffn_size=280, fundation_model='graphformer', gate=False, grad_sum=False, head_size=8, hot_start=False, in_degree_bias=True, initial_dev=4.0, initial_mu=2.5, layer_type='GAT_gate', loss_fn='bce_loss', lr=0.0001, lr_decay=False, mode='1_H', multi_hop_max_dist=10, n_FC_layer=4, n_graph_layer=2, n_in_feature=80, n_out_feature=80, ngpu=1, norm_type='gn', num_workers=4, only_adj2=False, only_dis_adj2=True, out_degree_bias=False, path_data_dir='../../data/pocket_data_path', patience=50, pred_mode='ligand', r_drop=False, rel_3d_pos_bias=False, rel_pos_bias=False, sampler=False, save_dir='../train_result/graphnorm/dude/', save_model='/home/caoduanhua/score_function/GNN/train_result/graphnorm/graphformer/GAT_gate/2021-12-24-05-33-55/save_best_model.pt', seed=42, share_layer=True, supernode=False, test=False, test_keys='/home/caoduanhua/scorefunction/GNN/GNN_graphformer_pyg/dude_keys/test_keys.pkl', test_path='/home/caoduanhua/scorefunction/data/independent/dude_pocket', train_keys='/home/caoduanhua/scorefunction/GNN/GNN_graphformer_pyg/dude_keys/train_keys.pkl', use_adj=True, virtual_aromatic_atom=False)
2022-01-20 13:41:15
Namespace(A2_limit=False, EF_rates=[0.001, 0.002, 0.005, 0.01, 0.02, 0.05], FP=False, alpha=5, attention_dropout_rate=0.2, auxiliary_loss=True, batch_size=12, d_FC_layer=128, data_path='/home/caoduanhua/score_function/data/general_refineset', debug=False, deta_const=False, dis_adj2_with_adj1=False, dropout_rate=0.2, edge_bias=False, edge_type='single', embed_graph='double_graph', embed_graph_mode='ligand_protein', epoch=300, ffn_size=280, fundation_model='graphformer', gate=False, grad_sum=False, head_size=8, hot_start=False, in_degree_bias=True, initial_dev=4.0, initial_mu=2.5, layer_type='GAT_gate', loss_fn='bce_loss', lr=0.0001, lr_decay=False, mode='1_H', multi_hop_max_dist=10, n_FC_layer=4, n_graph_layer=2, n_in_feature=80, n_out_feature=80, ngpu=1, norm_type='gn', num_workers=4, only_adj2=False, only_dis_adj2=True, out_degree_bias=False, path_data_dir='../../data/pocket_data_path', patience=50, pred_mode='ligand', r_drop=False, rel_3d_pos_bias=False, rel_pos_bias=False, sampler=False, save_dir='../train_result/graphnorm/dude/graphmode/', save_logits=False, save_model='/home/caoduanhua/score_function/GNN/train_result/graphnorm/graphformer/GAT_gate/2021-12-24-05-33-55/save_best_model.pt', seed=42, share_layer=True, supernode=False, test=True, test_keys='/home/caoduanhua/scorefunction/GNN/GNN_graphformer_pyg/dude_keys/test_keys.pkl', test_path='/home/caoduanhua/scorefunction/data/independent/dude_pocket', train_keys='/home/caoduanhua/scorefunction/GNN/GNN_graphformer_pyg/dude_keys/train_keys.pkl', use_adj=True, virtual_aromatic_atom=False)
Number of train data: 109687
Number of val data: 12188
Number of test data: 32633
Available GPU List
id	utilization.gpu(%)	memory.free(MiB)
0 	1                 	11019           
1 	0                 	11019           
Select id #1 for you.
number of parameters :  334773
/home/caoduanhua/anaconda3/envs/rdkit-env/lib/python3.6/site-packages/sklearn/metrics/_classification.py:1248: UndefinedMetricWarning: Precision is ill-defined and being set to 0.0 due to no predicted samples. Use `zero_division` parameter to control this behavior.
  _warn_prf(average, modifier, msg_start, len(result))
/home/caoduanhua/anaconda3/envs/rdkit-env/lib/python3.6/site-packages/sklearn/metrics/_classification.py:1248: UndefinedMetricWarning: Precision is ill-defined and being set to 0.0 due to no predicted samples. Use `zero_division` parameter to control this behavior.
  _warn_prf(average, modifier, msg_start, len(result))
/home/caoduanhua/anaconda3/envs/rdkit-env/lib/python3.6/site-packages/sklearn/metrics/_classification.py:1248: UndefinedMetricWarning: Precision is ill-defined and being set to 0.0 due to no predicted samples. Use `zero_division` parameter to control this behavior.
  _warn_prf(average, modifier, msg_start, len(result))
/home/caoduanhua/anaconda3/envs/rdkit-env/lib/python3.6/site-packages/sklearn/metrics/_classification.py:1248: UndefinedMetricWarning: Precision is ill-defined and being set to 0.0 due to no predicted samples. Use `zero_division` parameter to control this behavior.
  _warn_prf(average, modifier, msg_start, len(result))
/home/caoduanhua/anaconda3/envs/rdkit-env/lib/python3.6/site-packages/sklearn/metrics/_classification.py:1248: UndefinedMetricWarning: Precision is ill-defined and being set to 0.0 due to no predicted samples. Use `zero_division` parameter to control this behavior.
  _warn_prf(average, modifier, msg_start, len(result))
/home/caoduanhua/anaconda3/envs/rdkit-env/lib/python3.6/site-packages/sklearn/metrics/_classification.py:1248: UndefinedMetricWarning: Precision is ill-defined and being set to 0.0 due to no predicted samples. Use `zero_division` parameter to control this behavior.
  _warn_prf(average, modifier, msg_start, len(result))
/home/caoduanhua/anaconda3/envs/rdkit-env/lib/python3.6/site-packages/sklearn/metrics/_classification.py:1248: UndefinedMetricWarning: Precision is ill-defined and being set to 0.0 due to no predicted samples. Use `zero_division` parameter to control this behavior.
  _warn_prf(average, modifier, msg_start, len(result))
/home/caoduanhua/anaconda3/envs/rdkit-env/lib/python3.6/site-packages/sklearn/metrics/_classification.py:1248: UndefinedMetricWarning: Precision is ill-defined and being set to 0.0 due to no predicted samples. Use `zero_division` parameter to control this behavior.
  _warn_prf(average, modifier, msg_start, len(result))
