2022-09-16 01:49:02
Available GPU List
id	utilization.gpu(%)	memory.free(MiB)
0 	0                 	32510           
1 	0                 	32510           
2 	0                 	32510           
3 	0                 	32510           
4 	0                 	32510           
5 	0                 	32510           
6 	0                 	32510           
7 	0                 	32510           
Select id #0, 1, 2, 3, 4, 5, 6 for you.
load save model!
Let's use 7 GPUs!
load save model!
Let's use 7 GPUs!
load save model!
Let's use 7 GPUs!
load save model!
Let's use 7 GPUs!
load save model!
Let's use 7 GPUs!
load save model!
Let's use 7 GPUs!
load save model!
Let's use 7 GPUs!
/home/caoduanhua/score_function/GNN/GNN_graphformer_pyg/utils.py:233: RuntimeWarning: invalid value encountered in true_divide
  intercept = y[1:] - x[1:] * (dy / (x[1:] - x[:-1]))
