2022-09-24 12:42:00
Available GPU List
id	utilization.gpu(%)	memory.free(MiB)
0 	0                 	32510           
1 	0                 	32510           
2 	0                 	32510           
3 	0                 	32510           
4 	0                 	32510           
5 	0                 	32510           
6 	0                 	32510           
7 	0                 	32510           
Select id #0, 1, 2, 3, 4, 5, 6, 7 for you.
load save model!
Let's use 8 GPUs!
protein keys num  1199
load save model!
Let's use 8 GPUs!
protein keys num  1199
load save model!
Let's use 8 GPUs!
protein keys num  1199
load save model!
Let's use 8 GPUs!
protein keys num  1199
load save model!
Let's use 8 GPUs!
protein keys num  1199
load save model!
Let's use 8 GPUs!
protein keys num  1199
load save model!
Let's use 8 GPUs!
protein keys num  1199
load save model!
Let's use 8 GPUs!
protein keys num  1199
protein keys num  1199
protein keys num  1199
protein keys num  1199
protein keys num  1199
/home/caoduanhua/anaconda3/envs/prolif/lib/python3.8/site-packages/sklearn/metrics/_classification.py:1318: UndefinedMetricWarning: Precision is ill-defined and being set to 0.0 due to no predicted samples. Use `zero_division` parameter to control this behavior.
  _warn_prf(average, modifier, msg_start, len(result))
protein keys num  1199
protein keys num  1199
protein keys num  1199
protein keys num  1199
protein keys num  1199
protein keys num  1199
/home/caoduanhua/anaconda3/envs/prolif/lib/python3.8/site-packages/sklearn/metrics/_classification.py:1318: UndefinedMetricWarning: Precision is ill-defined and being set to 0.0 due to no predicted samples. Use `zero_division` parameter to control this behavior.
  _warn_prf(average, modifier, msg_start, len(result))
protein keys num  1199
protein keys num  1199
protein keys num  1199
protein keys num  1199
protein keys num  1199
protein keys num  1199
protein keys num  854
/home/caoduanhua/anaconda3/envs/prolif/lib/python3.8/site-packages/sklearn/metrics/_classification.py:1318: UndefinedMetricWarning: Precision is ill-defined and being set to 0.0 due to no predicted samples. Use `zero_division` parameter to control this behavior.
  _warn_prf(average, modifier, msg_start, len(result))
protein keys num  854
protein keys num  854
protein keys num  854
protein keys num  854
protein keys num  854
protein keys num  854
protein keys num  854
protein keys num  1215
protein keys num  1215
protein keys num  1215
protein keys num  1215
protein keys num  1215
protein keys num  1215
protein keys num  1215
/home/caoduanhua/anaconda3/envs/prolif/lib/python3.8/site-packages/sklearn/metrics/_classification.py:1318: UndefinedMetricWarning: Precision is ill-defined and being set to 0.0 due to no predicted samples. Use `zero_division` parameter to control this behavior.
  _warn_prf(average, modifier, msg_start, len(result))
protein keys num  1215
protein keys num  636
protein keys num  636
protein keys num  636
protein keys num  636
protein keys num  636
protein keys num  636
protein keys num  636
protein keys num  636
/home/caoduanhua/anaconda3/envs/prolif/lib/python3.8/site-packages/sklearn/metrics/_classification.py:1318: UndefinedMetricWarning: Precision is ill-defined and being set to 0.0 due to no predicted samples. Use `zero_division` parameter to control this behavior.
  _warn_prf(average, modifier, msg_start, len(result))
protein keys num  1193
protein keys num  1193
protein keys num  1193
protein keys num  1193
protein keys num  1193
protein keys num  1193
/home/caoduanhua/anaconda3/envs/prolif/lib/python3.8/site-packages/sklearn/metrics/_classification.py:1318: UndefinedMetricWarning: Precision is ill-defined and being set to 0.0 due to no predicted samples. Use `zero_division` parameter to control this behavior.
  _warn_prf(average, modifier, msg_start, len(result))
protein keys num  1193
protein keys num  1193
protein keys num  1217
/home/caoduanhua/anaconda3/envs/prolif/lib/python3.8/site-packages/sklearn/metrics/_classification.py:1318: UndefinedMetricWarning: Precision is ill-defined and being set to 0.0 due to no predicted samples. Use `zero_division` parameter to control this behavior.
  _warn_prf(average, modifier, msg_start, len(result))
protein keys num  1217
protein keys num  1217
protein keys num  1217
protein keys num  1217
protein keys num  1217
protein keys num  1217
protein keys num  1217
protein keys num  825
protein keys num  825
protein keys num  825
protein keys num  825
/home/caoduanhua/anaconda3/envs/prolif/lib/python3.8/site-packages/sklearn/metrics/_classification.py:1318: UndefinedMetricWarning: Precision is ill-defined and being set to 0.0 due to no predicted samples. Use `zero_division` parameter to control this behavior.
  _warn_prf(average, modifier, msg_start, len(result))
protein keys num  825
protein keys num  825
protein keys num  825
protein keys num  825
protein keys num  1229
protein keys num  1229
protein keys num  1229
protein keys num  1229
protein keys num  1229
protein keys num  1229
protein keys num  1229
protein keys num  1229
/home/caoduanhua/anaconda3/envs/prolif/lib/python3.8/site-packages/sklearn/metrics/_classification.py:1318: UndefinedMetricWarning: Precision is ill-defined and being set to 0.0 due to no predicted samples. Use `zero_division` parameter to control this behavior.
  _warn_prf(average, modifier, msg_start, len(result))
protein keys num  1145
protein keys num  1145
protein keys num  1145
protein keys num  1145
/home/caoduanhua/anaconda3/envs/prolif/lib/python3.8/site-packages/sklearn/metrics/_classification.py:1318: UndefinedMetricWarning: Precision is ill-defined and being set to 0.0 due to no predicted samples. Use `zero_division` parameter to control this behavior.
  _warn_prf(average, modifier, msg_start, len(result))
protein keys num  1145
protein keys num  1145
protein keys num  1145
protein keys num  1145
protein keys num  1173
protein keys num  1173
/home/caoduanhua/anaconda3/envs/prolif/lib/python3.8/site-packages/sklearn/metrics/_classification.py:1318: UndefinedMetricWarning: Precision is ill-defined and being set to 0.0 due to no predicted samples. Use `zero_division` parameter to control this behavior.
  _warn_prf(average, modifier, msg_start, len(result))
protein keys num  1173
protein keys num  1173
protein keys num  1173
protein keys num  1173
protein keys num  1173
protein keys num  1173
protein keys num  1199
protein keys num  1199
protein keys num  1199
/home/caoduanhua/anaconda3/envs/prolif/lib/python3.8/site-packages/sklearn/metrics/_classification.py:1318: UndefinedMetricWarning: Precision is ill-defined and being set to 0.0 due to no predicted samples. Use `zero_division` parameter to control this behavior.
  _warn_prf(average, modifier, msg_start, len(result))
protein keys num  1199
protein keys num  1199
protein keys num  1199
protein keys num  1199
protein keys num  1199
protein keys num  1239
protein keys num  1239
protein keys num  1239
protein keys num  1239
protein keys num  1239
/home/caoduanhua/anaconda3/envs/prolif/lib/python3.8/site-packages/sklearn/metrics/_classification.py:1318: UndefinedMetricWarning: Precision is ill-defined and being set to 0.0 due to no predicted samples. Use `zero_division` parameter to control this behavior.
  _warn_prf(average, modifier, msg_start, len(result))
protein keys num  1239
protein keys num  1239
protein keys num  1239
protein keys num  1177
protein keys num  1177
protein keys num  1177
protein keys num  1177
protein keys num  1177
/home/caoduanhua/anaconda3/envs/prolif/lib/python3.8/site-packages/sklearn/metrics/_classification.py:1318: UndefinedMetricWarning: Precision is ill-defined and being set to 0.0 due to no predicted samples. Use `zero_division` parameter to control this behavior.
  _warn_prf(average, modifier, msg_start, len(result))
protein keys num  1177
protein keys num  1177
protein keys num  1177
protein keys num  1215
protein keys num  1215
protein keys num  1215
protein keys num  1215
protein keys num  1215
protein keys num  1215
/home/caoduanhua/anaconda3/envs/prolif/lib/python3.8/site-packages/sklearn/metrics/_classification.py:1318: UndefinedMetricWarning: Precision is ill-defined and being set to 0.0 due to no predicted samples. Use `zero_division` parameter to control this behavior.
  _warn_prf(average, modifier, msg_start, len(result))
protein keys num  1215
protein keys num  1215
protein keys num  1190
protein keys num  1190
/home/caoduanhua/anaconda3/envs/prolif/lib/python3.8/site-packages/sklearn/metrics/_classification.py:1318: UndefinedMetricWarning: Precision is ill-defined and being set to 0.0 due to no predicted samples. Use `zero_division` parameter to control this behavior.
  _warn_prf(average, modifier, msg_start, len(result))
protein keys num  1190
protein keys num  1190
protein keys num  1190
protein keys num  1190
protein keys num  1190
protein keys num  1190
protein keys num  1003
protein keys num  1003
protein keys num  1003
protein keys num  1003
protein keys num  1003
/home/caoduanhua/anaconda3/envs/prolif/lib/python3.8/site-packages/sklearn/metrics/_classification.py:1318: UndefinedMetricWarning: Precision is ill-defined and being set to 0.0 due to no predicted samples. Use `zero_division` parameter to control this behavior.
  _warn_prf(average, modifier, msg_start, len(result))
protein keys num  1003
protein keys num  1003
protein keys num  1003
protein keys num  1236
protein keys num  1236
protein keys num  1236
protein keys num  1236
protein keys num  1236
protein keys num  1236
/home/caoduanhua/anaconda3/envs/prolif/lib/python3.8/site-packages/sklearn/metrics/_classification.py:1318: UndefinedMetricWarning: Precision is ill-defined and being set to 0.0 due to no predicted samples. Use `zero_division` parameter to control this behavior.
  _warn_prf(average, modifier, msg_start, len(result))
protein keys num  1236
protein keys num  1236
protein keys num  1205
protein keys num  1205
protein keys num  1205
protein keys num  1205
protein keys num  1205
protein keys num  1205
protein keys num  1205
protein keys num  1205
/home/caoduanhua/anaconda3/envs/prolif/lib/python3.8/site-packages/sklearn/metrics/_classification.py:1318: UndefinedMetricWarning: Precision is ill-defined and being set to 0.0 due to no predicted samples. Use `zero_division` parameter to control this behavior.
  _warn_prf(average, modifier, msg_start, len(result))
protein keys num  1023
protein keys num  1023
protein keys num  1023
protein keys num  1023
/home/caoduanhua/anaconda3/envs/prolif/lib/python3.8/site-packages/sklearn/metrics/_classification.py:1318: UndefinedMetricWarning: Precision is ill-defined and being set to 0.0 due to no predicted samples. Use `zero_division` parameter to control this behavior.
  _warn_prf(average, modifier, msg_start, len(result))
protein keys num  1023
protein keys num  1023
protein keys num  1023
protein keys num  1023
protein keys num  889
protein keys num  889
protein keys num  889
protein keys num  889
protein keys num  889
/home/caoduanhua/anaconda3/envs/prolif/lib/python3.8/site-packages/sklearn/metrics/_classification.py:1318: UndefinedMetricWarning: Precision is ill-defined and being set to 0.0 due to no predicted samples. Use `zero_division` parameter to control this behavior.
  _warn_prf(average, modifier, msg_start, len(result))
protein keys num  889
protein keys num  889
protein keys num  889
protein keys num  1216
protein keys num  1216
protein keys num  1216
protein keys num  1216
/home/caoduanhua/anaconda3/envs/prolif/lib/python3.8/site-packages/sklearn/metrics/_classification.py:1318: UndefinedMetricWarning: Precision is ill-defined and being set to 0.0 due to no predicted samples. Use `zero_division` parameter to control this behavior.
  _warn_prf(average, modifier, msg_start, len(result))
protein keys num  1216
protein keys num  1216
protein keys num  1216
protein keys num  1216
protein keys num  1195
protein keys num  1195
protein keys num  1195
/home/caoduanhua/anaconda3/envs/prolif/lib/python3.8/site-packages/sklearn/metrics/_classification.py:1318: UndefinedMetricWarning: Precision is ill-defined and being set to 0.0 due to no predicted samples. Use `zero_division` parameter to control this behavior.
  _warn_prf(average, modifier, msg_start, len(result))
protein keys num  1195
protein keys num  1195
protein keys num  1195
protein keys num  1195
protein keys num  1195
protein keys num  1213
protein keys num  1213
protein keys num  1213
/home/caoduanhua/anaconda3/envs/prolif/lib/python3.8/site-packages/sklearn/metrics/_classification.py:1318: UndefinedMetricWarning: Precision is ill-defined and being set to 0.0 due to no predicted samples. Use `zero_division` parameter to control this behavior.
  _warn_prf(average, modifier, msg_start, len(result))
protein keys num  1213
protein keys num  1213
protein keys num  1213
protein keys num  1213
protein keys num  1213
protein keys num  1208
protein keys num  1208
protein keys num  1208
protein keys num  1208
protein keys num  1208
/home/caoduanhua/anaconda3/envs/prolif/lib/python3.8/site-packages/sklearn/metrics/_classification.py:1318: UndefinedMetricWarning: Precision is ill-defined and being set to 0.0 due to no predicted samples. Use `zero_division` parameter to control this behavior.
  _warn_prf(average, modifier, msg_start, len(result))
protein keys num  1208
protein keys num  1208
protein keys num  1208
protein keys num  1200
protein keys num  1200
protein keys num  1200
protein keys num  1200
protein keys num  1200
/home/caoduanhua/anaconda3/envs/prolif/lib/python3.8/site-packages/sklearn/metrics/_classification.py:1318: UndefinedMetricWarning: Precision is ill-defined and being set to 0.0 due to no predicted samples. Use `zero_division` parameter to control this behavior.
  _warn_prf(average, modifier, msg_start, len(result))
protein keys num  1200
protein keys num  1200
protein keys num  1200
protein keys num  1230
/home/caoduanhua/anaconda3/envs/prolif/lib/python3.8/site-packages/sklearn/metrics/_classification.py:1318: UndefinedMetricWarning: Precision is ill-defined and being set to 0.0 due to no predicted samples. Use `zero_division` parameter to control this behavior.
  _warn_prf(average, modifier, msg_start, len(result))
protein keys num  1230
protein keys num  1230
protein keys num  1230
protein keys num  1230
protein keys num  1230
protein keys num  1230
protein keys num  1230
protein keys num  1229
/home/caoduanhua/anaconda3/envs/prolif/lib/python3.8/site-packages/sklearn/metrics/_classification.py:1318: UndefinedMetricWarning: Precision is ill-defined and being set to 0.0 due to no predicted samples. Use `zero_division` parameter to control this behavior.
  _warn_prf(average, modifier, msg_start, len(result))
protein keys num  1229
protein keys num  1229
protein keys num  1229
protein keys num  1229
protein keys num  1229
protein keys num  1229
protein keys num  1229
protein keys num  1216
protein keys num  1216
protein keys num  1216
protein keys num  1216
/home/caoduanhua/anaconda3/envs/prolif/lib/python3.8/site-packages/sklearn/metrics/_classification.py:1318: UndefinedMetricWarning: Precision is ill-defined and being set to 0.0 due to no predicted samples. Use `zero_division` parameter to control this behavior.
  _warn_prf(average, modifier, msg_start, len(result))
protein keys num  1216
protein keys num  1216
protein keys num  1216
protein keys num  1216
protein keys num  1228
protein keys num  1228
protein keys num  1228
protein keys num  1228
/home/caoduanhua/anaconda3/envs/prolif/lib/python3.8/site-packages/sklearn/metrics/_classification.py:1318: UndefinedMetricWarning: Precision is ill-defined and being set to 0.0 due to no predicted samples. Use `zero_division` parameter to control this behavior.
  _warn_prf(average, modifier, msg_start, len(result))
protein keys num  1228
protein keys num  1228
protein keys num  1228
protein keys num  1228
protein keys num  1194
protein keys num  1194
protein keys num  1194
protein keys num  1194
/home/caoduanhua/anaconda3/envs/prolif/lib/python3.8/site-packages/sklearn/metrics/_classification.py:1318: UndefinedMetricWarning: Precision is ill-defined and being set to 0.0 due to no predicted samples. Use `zero_division` parameter to control this behavior.
  _warn_prf(average, modifier, msg_start, len(result))
protein keys num  1194
protein keys num  1194
protein keys num  1194
protein keys num  1194
protein keys num  1185
protein keys num  1185
/home/caoduanhua/anaconda3/envs/prolif/lib/python3.8/site-packages/sklearn/metrics/_classification.py:1318: UndefinedMetricWarning: Precision is ill-defined and being set to 0.0 due to no predicted samples. Use `zero_division` parameter to control this behavior.
  _warn_prf(average, modifier, msg_start, len(result))
protein keys num  1185
protein keys num  1185
protein keys num  1185
protein keys num  1185
protein keys num  1185
protein keys num  1185
protein keys num  1199
protein keys num  1199
protein keys num  1199
/home/caoduanhua/anaconda3/envs/prolif/lib/python3.8/site-packages/sklearn/metrics/_classification.py:1318: UndefinedMetricWarning: Precision is ill-defined and being set to 0.0 due to no predicted samples. Use `zero_division` parameter to control this behavior.
  _warn_prf(average, modifier, msg_start, len(result))
protein keys num  1199
protein keys num  1199
protein keys num  1199
protein keys num  1199
protein keys num  1199
protein keys num  1201
protein keys num  1201
/home/caoduanhua/anaconda3/envs/prolif/lib/python3.8/site-packages/sklearn/metrics/_classification.py:1318: UndefinedMetricWarning: Precision is ill-defined and being set to 0.0 due to no predicted samples. Use `zero_division` parameter to control this behavior.
  _warn_prf(average, modifier, msg_start, len(result))
protein keys num  1201
protein keys num  1201
protein keys num  1201
protein keys num  1201
protein keys num  1201
protein keys num  1201
protein keys num  1174
protein keys num  1174
protein keys num  1174
/home/caoduanhua/anaconda3/envs/prolif/lib/python3.8/site-packages/sklearn/metrics/_classification.py:1318: UndefinedMetricWarning: Precision is ill-defined and being set to 0.0 due to no predicted samples. Use `zero_division` parameter to control this behavior.
  _warn_prf(average, modifier, msg_start, len(result))
protein keys num  1174
protein keys num  1174
protein keys num  1174
protein keys num  1174
protein keys num  1174
protein keys num  1227
protein keys num  1227
protein keys num  1227
protein keys num  1227
protein keys num  1227
protein keys num  1227
/home/caoduanhua/anaconda3/envs/prolif/lib/python3.8/site-packages/sklearn/metrics/_classification.py:1318: UndefinedMetricWarning: Precision is ill-defined and being set to 0.0 due to no predicted samples. Use `zero_division` parameter to control this behavior.
  _warn_prf(average, modifier, msg_start, len(result))
protein keys num  1227
protein keys num  1227
protein keys num  1206
protein keys num  1206
protein keys num  1206
protein keys num  1206
protein keys num  1206
protein keys num  1206
/home/caoduanhua/anaconda3/envs/prolif/lib/python3.8/site-packages/sklearn/metrics/_classification.py:1318: UndefinedMetricWarning: Precision is ill-defined and being set to 0.0 due to no predicted samples. Use `zero_division` parameter to control this behavior.
  _warn_prf(average, modifier, msg_start, len(result))
protein keys num  1206
protein keys num  1206
protein keys num  1235
protein keys num  1235
protein keys num  1235
protein keys num  1235
protein keys num  1235
/home/caoduanhua/anaconda3/envs/prolif/lib/python3.8/site-packages/sklearn/metrics/_classification.py:1318: UndefinedMetricWarning: Precision is ill-defined and being set to 0.0 due to no predicted samples. Use `zero_division` parameter to control this behavior.
  _warn_prf(average, modifier, msg_start, len(result))
protein keys num  1235
protein keys num  1235
protein keys num  1235
protein keys num  1228
protein keys num  1228
protein keys num  1228
protein keys num  1228
/home/caoduanhua/anaconda3/envs/prolif/lib/python3.8/site-packages/sklearn/metrics/_classification.py:1318: UndefinedMetricWarning: Precision is ill-defined and being set to 0.0 due to no predicted samples. Use `zero_division` parameter to control this behavior.
  _warn_prf(average, modifier, msg_start, len(result))
protein keys num  1228
protein keys num  1228
protein keys num  1228
protein keys num  1228
protein keys num  1192
protein keys num  1192
protein keys num  1192
/home/caoduanhua/anaconda3/envs/prolif/lib/python3.8/site-packages/sklearn/metrics/_classification.py:1318: UndefinedMetricWarning: Precision is ill-defined and being set to 0.0 due to no predicted samples. Use `zero_division` parameter to control this behavior.
  _warn_prf(average, modifier, msg_start, len(result))
protein keys num  1192
protein keys num  1192
protein keys num  1192
protein keys num  1192
protein keys num  1192
protein keys num  1224
protein keys num  1224
protein keys num  1224
protein keys num  1224
protein keys num  1224
/home/caoduanhua/anaconda3/envs/prolif/lib/python3.8/site-packages/sklearn/metrics/_classification.py:1318: UndefinedMetricWarning: Precision is ill-defined and being set to 0.0 due to no predicted samples. Use `zero_division` parameter to control this behavior.
  _warn_prf(average, modifier, msg_start, len(result))
protein keys num  1224
protein keys num  1224
protein keys num  1224
protein keys num  1206
protein keys num  1206
protein keys num  1206
protein keys num  1206
protein keys num  1206
protein keys num  1206
protein keys num  1206
protein keys num  1206
/home/caoduanhua/anaconda3/envs/prolif/lib/python3.8/site-packages/sklearn/metrics/_classification.py:1318: UndefinedMetricWarning: Precision is ill-defined and being set to 0.0 due to no predicted samples. Use `zero_division` parameter to control this behavior.
  _warn_prf(average, modifier, msg_start, len(result))
protein keys num  1214
protein keys num  1214
protein keys num  1214
protein keys num  1214
protein keys num  1214
/home/caoduanhua/anaconda3/envs/prolif/lib/python3.8/site-packages/sklearn/metrics/_classification.py:1318: UndefinedMetricWarning: Precision is ill-defined and being set to 0.0 due to no predicted samples. Use `zero_division` parameter to control this behavior.
  _warn_prf(average, modifier, msg_start, len(result))
protein keys num  1214
protein keys num  1214
protein keys num  1214
protein keys num  1161
protein keys num  1161
/home/caoduanhua/anaconda3/envs/prolif/lib/python3.8/site-packages/sklearn/metrics/_classification.py:1318: UndefinedMetricWarning: Precision is ill-defined and being set to 0.0 due to no predicted samples. Use `zero_division` parameter to control this behavior.
  _warn_prf(average, modifier, msg_start, len(result))
protein keys num  1161
protein keys num  1161
protein keys num  1161
protein keys num  1161
protein keys num  1161
protein keys num  1161
protein keys num  1203
protein keys num  1203
protein keys num  1203
protein keys num  1203
protein keys num  1203
protein keys num  1203
/home/caoduanhua/anaconda3/envs/prolif/lib/python3.8/site-packages/sklearn/metrics/_classification.py:1318: UndefinedMetricWarning: Precision is ill-defined and being set to 0.0 due to no predicted samples. Use `zero_division` parameter to control this behavior.
  _warn_prf(average, modifier, msg_start, len(result))
protein keys num  1203
protein keys num  1203
protein keys num  1233
protein keys num  1233
/home/caoduanhua/anaconda3/envs/prolif/lib/python3.8/site-packages/sklearn/metrics/_classification.py:1318: UndefinedMetricWarning: Precision is ill-defined and being set to 0.0 due to no predicted samples. Use `zero_division` parameter to control this behavior.
  _warn_prf(average, modifier, msg_start, len(result))
protein keys num  1233
protein keys num  1233
protein keys num  1233
protein keys num  1233
protein keys num  1233
protein keys num  1233
protein keys num  1232
protein keys num  1232
protein keys num  1232
protein keys num  1232
/home/caoduanhua/anaconda3/envs/prolif/lib/python3.8/site-packages/sklearn/metrics/_classification.py:1318: UndefinedMetricWarning: Precision is ill-defined and being set to 0.0 due to no predicted samples. Use `zero_division` parameter to control this behavior.
  _warn_prf(average, modifier, msg_start, len(result))
protein keys num  1232
protein keys num  1232
protein keys num  1232
protein keys num  1232
protein keys num  1152
protein keys num  1152
protein keys num  1152
protein keys num  1152
protein keys num  1152
/home/caoduanhua/anaconda3/envs/prolif/lib/python3.8/site-packages/sklearn/metrics/_classification.py:1318: UndefinedMetricWarning: Precision is ill-defined and being set to 0.0 due to no predicted samples. Use `zero_division` parameter to control this behavior.
  _warn_prf(average, modifier, msg_start, len(result))
protein keys num  1152
protein keys num  1152
protein keys num  1152
protein keys num  1237
protein keys num  1237
protein keys num  1237
/home/caoduanhua/anaconda3/envs/prolif/lib/python3.8/site-packages/sklearn/metrics/_classification.py:1318: UndefinedMetricWarning: Precision is ill-defined and being set to 0.0 due to no predicted samples. Use `zero_division` parameter to control this behavior.
  _warn_prf(average, modifier, msg_start, len(result))
protein keys num  1237
protein keys num  1237
protein keys num  1237
protein keys num  1237
protein keys num  1237
protein keys num  1167
protein keys num  1167
protein keys num  1167
protein keys num  1167
protein keys num  1167
protein keys num  1167
protein keys num  1167
/home/caoduanhua/anaconda3/envs/prolif/lib/python3.8/site-packages/sklearn/metrics/_classification.py:1318: UndefinedMetricWarning: Precision is ill-defined and being set to 0.0 due to no predicted samples. Use `zero_division` parameter to control this behavior.
  _warn_prf(average, modifier, msg_start, len(result))
protein keys num  1167
protein keys num  1232
protein keys num  1232
protein keys num  1232
protein keys num  1232
/home/caoduanhua/anaconda3/envs/prolif/lib/python3.8/site-packages/sklearn/metrics/_classification.py:1318: UndefinedMetricWarning: Precision is ill-defined and being set to 0.0 due to no predicted samples. Use `zero_division` parameter to control this behavior.
  _warn_prf(average, modifier, msg_start, len(result))
protein keys num  1232
protein keys num  1232
protein keys num  1232
protein keys num  1232
protein keys num  1233
protein keys num  1233
protein keys num  1233
protein keys num  1233
protein keys num  1233
/home/caoduanhua/anaconda3/envs/prolif/lib/python3.8/site-packages/sklearn/metrics/_classification.py:1318: UndefinedMetricWarning: Precision is ill-defined and being set to 0.0 due to no predicted samples. Use `zero_division` parameter to control this behavior.
  _warn_prf(average, modifier, msg_start, len(result))
protein keys num  1233
protein keys num  1233
protein keys num  1233
protein keys num  1198
protein keys num  1198
protein keys num  1198
protein keys num  1198
protein keys num  1198
protein keys num  1198
protein keys num  1198
/home/caoduanhua/anaconda3/envs/prolif/lib/python3.8/site-packages/sklearn/metrics/_classification.py:1318: UndefinedMetricWarning: Precision is ill-defined and being set to 0.0 due to no predicted samples. Use `zero_division` parameter to control this behavior.
  _warn_prf(average, modifier, msg_start, len(result))
protein keys num  1198
protein keys num  1230
/home/caoduanhua/anaconda3/envs/prolif/lib/python3.8/site-packages/sklearn/metrics/_classification.py:1318: UndefinedMetricWarning: Precision is ill-defined and being set to 0.0 due to no predicted samples. Use `zero_division` parameter to control this behavior.
  _warn_prf(average, modifier, msg_start, len(result))
protein keys num  1230
protein keys num  1230
protein keys num  1230
protein keys num  1230
protein keys num  1230
protein keys num  1230
protein keys num  1230
protein keys num  1209
protein keys num  1209
protein keys num  1209
protein keys num  1209
protein keys num  1209
/home/caoduanhua/anaconda3/envs/prolif/lib/python3.8/site-packages/sklearn/metrics/_classification.py:1318: UndefinedMetricWarning: Precision is ill-defined and being set to 0.0 due to no predicted samples. Use `zero_division` parameter to control this behavior.
  _warn_prf(average, modifier, msg_start, len(result))
protein keys num  1209
protein keys num  1209
protein keys num  1209
protein keys num  1210
protein keys num  1210
protein keys num  1210
protein keys num  1210
protein keys num  1210
/home/caoduanhua/anaconda3/envs/prolif/lib/python3.8/site-packages/sklearn/metrics/_classification.py:1318: UndefinedMetricWarning: Precision is ill-defined and being set to 0.0 due to no predicted samples. Use `zero_division` parameter to control this behavior.
  _warn_prf(average, modifier, msg_start, len(result))
protein keys num  1210
protein keys num  1210
protein keys num  1210
protein keys num  1221
protein keys num  1221
protein keys num  1221
protein keys num  1221
protein keys num  1221
protein keys num  1221
protein keys num  1221
protein keys num  1221
/home/caoduanhua/anaconda3/envs/prolif/lib/python3.8/site-packages/sklearn/metrics/_classification.py:1318: UndefinedMetricWarning: Precision is ill-defined and being set to 0.0 due to no predicted samples. Use `zero_division` parameter to control this behavior.
  _warn_prf(average, modifier, msg_start, len(result))
protein keys num  1191
protein keys num  1191
protein keys num  1191
protein keys num  1191
protein keys num  1191
protein keys num  1191
protein keys num  1191
protein keys num  1191
/home/caoduanhua/anaconda3/envs/prolif/lib/python3.8/site-packages/sklearn/metrics/_classification.py:1318: UndefinedMetricWarning: Precision is ill-defined and being set to 0.0 due to no predicted samples. Use `zero_division` parameter to control this behavior.
  _warn_prf(average, modifier, msg_start, len(result))
protein keys num  942
protein keys num  942
protein keys num  942
protein keys num  942
/home/caoduanhua/anaconda3/envs/prolif/lib/python3.8/site-packages/sklearn/metrics/_classification.py:1318: UndefinedMetricWarning: Precision is ill-defined and being set to 0.0 due to no predicted samples. Use `zero_division` parameter to control this behavior.
  _warn_prf(average, modifier, msg_start, len(result))
protein keys num  942
protein keys num  942
protein keys num  942
protein keys num  942
protein keys num  1240
protein keys num  1240
protein keys num  1240
protein keys num  1240
protein keys num  1240
/home/caoduanhua/anaconda3/envs/prolif/lib/python3.8/site-packages/sklearn/metrics/_classification.py:1318: UndefinedMetricWarning: Precision is ill-defined and being set to 0.0 due to no predicted samples. Use `zero_division` parameter to control this behavior.
  _warn_prf(average, modifier, msg_start, len(result))
protein keys num  1240
protein keys num  1240
protein keys num  1240
protein keys num  1225
protein keys num  1225
protein keys num  1225
protein keys num  1225
protein keys num  1225
/home/caoduanhua/anaconda3/envs/prolif/lib/python3.8/site-packages/sklearn/metrics/_classification.py:1318: UndefinedMetricWarning: Precision is ill-defined and being set to 0.0 due to no predicted samples. Use `zero_division` parameter to control this behavior.
  _warn_prf(average, modifier, msg_start, len(result))
protein keys num  1225
protein keys num  1225
protein keys num  1225
protein keys num  1221
protein keys num  1221
protein keys num  1221
protein keys num  1221
protein keys num  1221
/home/caoduanhua/anaconda3/envs/prolif/lib/python3.8/site-packages/sklearn/metrics/_classification.py:1318: UndefinedMetricWarning: Precision is ill-defined and being set to 0.0 due to no predicted samples. Use `zero_division` parameter to control this behavior.
  _warn_prf(average, modifier, msg_start, len(result))
protein keys num  1221
protein keys num  1221
protein keys num  1221
protein keys num  1193
protein keys num  1193
protein keys num  1193
protein keys num  1193
protein keys num  1193
/home/caoduanhua/anaconda3/envs/prolif/lib/python3.8/site-packages/sklearn/metrics/_classification.py:1318: UndefinedMetricWarning: Precision is ill-defined and being set to 0.0 due to no predicted samples. Use `zero_division` parameter to control this behavior.
  _warn_prf(average, modifier, msg_start, len(result))
protein keys num  1193
protein keys num  1193
protein keys num  1193
protein keys num  1133
protein keys num  1133
protein keys num  1133
protein keys num  1133
protein keys num  1133
/home/caoduanhua/anaconda3/envs/prolif/lib/python3.8/site-packages/sklearn/metrics/_classification.py:1318: UndefinedMetricWarning: Precision is ill-defined and being set to 0.0 due to no predicted samples. Use `zero_division` parameter to control this behavior.
  _warn_prf(average, modifier, msg_start, len(result))
protein keys num  1133
protein keys num  1133
protein keys num  1133
protein keys num  1182
protein keys num  1182
protein keys num  1182
protein keys num  1182
/home/caoduanhua/anaconda3/envs/prolif/lib/python3.8/site-packages/sklearn/metrics/_classification.py:1318: UndefinedMetricWarning: Precision is ill-defined and being set to 0.0 due to no predicted samples. Use `zero_division` parameter to control this behavior.
  _warn_prf(average, modifier, msg_start, len(result))
protein keys num  1182
protein keys num  1182
protein keys num  1182
protein keys num  1182
protein keys num  1226
/home/caoduanhua/anaconda3/envs/prolif/lib/python3.8/site-packages/sklearn/metrics/_classification.py:1318: UndefinedMetricWarning: Precision is ill-defined and being set to 0.0 due to no predicted samples. Use `zero_division` parameter to control this behavior.
  _warn_prf(average, modifier, msg_start, len(result))
protein keys num  1226
protein keys num  1226
protein keys num  1226
protein keys num  1226
protein keys num  1226
protein keys num  1226
protein keys num  1226
protein keys num  1232
protein keys num  1232
protein keys num  1232
protein keys num  1232
/home/caoduanhua/anaconda3/envs/prolif/lib/python3.8/site-packages/sklearn/metrics/_classification.py:1318: UndefinedMetricWarning: Precision is ill-defined and being set to 0.0 due to no predicted samples. Use `zero_division` parameter to control this behavior.
  _warn_prf(average, modifier, msg_start, len(result))
protein keys num  1232
protein keys num  1232
protein keys num  1232
protein keys num  1232
protein keys num  1221
/home/caoduanhua/anaconda3/envs/prolif/lib/python3.8/site-packages/sklearn/metrics/_classification.py:1318: UndefinedMetricWarning: Precision is ill-defined and being set to 0.0 due to no predicted samples. Use `zero_division` parameter to control this behavior.
  _warn_prf(average, modifier, msg_start, len(result))
protein keys num  1221
protein keys num  1221
protein keys num  1221
protein keys num  1221
protein keys num  1221
protein keys num  1221
protein keys num  1221
protein keys num  1202
protein keys num  1202
protein keys num  1202
protein keys num  1202
/home/caoduanhua/anaconda3/envs/prolif/lib/python3.8/site-packages/sklearn/metrics/_classification.py:1318: UndefinedMetricWarning: Precision is ill-defined and being set to 0.0 due to no predicted samples. Use `zero_division` parameter to control this behavior.
  _warn_prf(average, modifier, msg_start, len(result))
protein keys num  1202
protein keys num  1202
protein keys num  1202
protein keys num  1202
protein keys num  1201
/home/caoduanhua/anaconda3/envs/prolif/lib/python3.8/site-packages/sklearn/metrics/_classification.py:1318: UndefinedMetricWarning: Precision is ill-defined and being set to 0.0 due to no predicted samples. Use `zero_division` parameter to control this behavior.
  _warn_prf(average, modifier, msg_start, len(result))
protein keys num  1201
protein keys num  1201
protein keys num  1201
protein keys num  1201
protein keys num  1201
protein keys num  1201
protein keys num  1201
protein keys num  1227
protein keys num  1227
protein keys num  1227
protein keys num  1227
protein keys num  1227
protein keys num  1227
protein keys num  1227
/home/caoduanhua/anaconda3/envs/prolif/lib/python3.8/site-packages/sklearn/metrics/_classification.py:1318: UndefinedMetricWarning: Precision is ill-defined and being set to 0.0 due to no predicted samples. Use `zero_division` parameter to control this behavior.
  _warn_prf(average, modifier, msg_start, len(result))
protein keys num  1227
protein keys num  1218
protein keys num  1218
protein keys num  1218
/home/caoduanhua/anaconda3/envs/prolif/lib/python3.8/site-packages/sklearn/metrics/_classification.py:1318: UndefinedMetricWarning: Precision is ill-defined and being set to 0.0 due to no predicted samples. Use `zero_division` parameter to control this behavior.
  _warn_prf(average, modifier, msg_start, len(result))
protein keys num  1218
protein keys num  1218
protein keys num  1218
protein keys num  1218
protein keys num  1218
protein keys num  1129
protein keys num  1129
protein keys num  1129
/home/caoduanhua/anaconda3/envs/prolif/lib/python3.8/site-packages/sklearn/metrics/_classification.py:1318: UndefinedMetricWarning: Precision is ill-defined and being set to 0.0 due to no predicted samples. Use `zero_division` parameter to control this behavior.
  _warn_prf(average, modifier, msg_start, len(result))
protein keys num  1129
protein keys num  1129
protein keys num  1129
protein keys num  1129
protein keys num  1129
protein keys num  1235
/home/caoduanhua/anaconda3/envs/prolif/lib/python3.8/site-packages/sklearn/metrics/_classification.py:1318: UndefinedMetricWarning: Precision is ill-defined and being set to 0.0 due to no predicted samples. Use `zero_division` parameter to control this behavior.
  _warn_prf(average, modifier, msg_start, len(result))
protein keys num  1235
protein keys num  1235
protein keys num  1235
protein keys num  1235
protein keys num  1235
protein keys num  1235
protein keys num  1235
protein keys num  1137
protein keys num  1137
protein keys num  1137
protein keys num  1137
protein keys num  1137
protein keys num  1137
protein keys num  1137
/home/caoduanhua/anaconda3/envs/prolif/lib/python3.8/site-packages/sklearn/metrics/_classification.py:1318: UndefinedMetricWarning: Precision is ill-defined and being set to 0.0 due to no predicted samples. Use `zero_division` parameter to control this behavior.
  _warn_prf(average, modifier, msg_start, len(result))
protein keys num  1137
protein keys num  1219
protein keys num  1219
protein keys num  1219
protein keys num  1219
protein keys num  1219
/home/caoduanhua/anaconda3/envs/prolif/lib/python3.8/site-packages/sklearn/metrics/_classification.py:1318: UndefinedMetricWarning: Precision is ill-defined and being set to 0.0 due to no predicted samples. Use `zero_division` parameter to control this behavior.
  _warn_prf(average, modifier, msg_start, len(result))
protein keys num  1219
protein keys num  1219
protein keys num  1219
protein keys num  404
protein keys num  404
/home/caoduanhua/anaconda3/envs/prolif/lib/python3.8/site-packages/sklearn/metrics/_classification.py:1318: UndefinedMetricWarning: Precision is ill-defined and being set to 0.0 due to no predicted samples. Use `zero_division` parameter to control this behavior.
  _warn_prf(average, modifier, msg_start, len(result))
protein keys num  404
protein keys num  404
protein keys num  404
protein keys num  404
protein keys num  404
protein keys num  404
protein keys num  1130
/home/caoduanhua/anaconda3/envs/prolif/lib/python3.8/site-packages/sklearn/metrics/_classification.py:1318: UndefinedMetricWarning: Precision is ill-defined and being set to 0.0 due to no predicted samples. Use `zero_division` parameter to control this behavior.
  _warn_prf(average, modifier, msg_start, len(result))
protein keys num  1130
protein keys num  1130
protein keys num  1130
protein keys num  1130
protein keys num  1130
protein keys num  1130
protein keys num  1130
protein keys num  1122
protein keys num  1122
/home/caoduanhua/anaconda3/envs/prolif/lib/python3.8/site-packages/sklearn/metrics/_classification.py:1318: UndefinedMetricWarning: Precision is ill-defined and being set to 0.0 due to no predicted samples. Use `zero_division` parameter to control this behavior.
  _warn_prf(average, modifier, msg_start, len(result))
protein keys num  1122
protein keys num  1122
protein keys num  1122
protein keys num  1122
protein keys num  1122
protein keys num  1122
protein keys num  1180
/home/caoduanhua/anaconda3/envs/prolif/lib/python3.8/site-packages/sklearn/metrics/_classification.py:1318: UndefinedMetricWarning: Precision is ill-defined and being set to 0.0 due to no predicted samples. Use `zero_division` parameter to control this behavior.
  _warn_prf(average, modifier, msg_start, len(result))
protein keys num  1180
protein keys num  1180
protein keys num  1180
protein keys num  1180
protein keys num  1180
protein keys num  1180
protein keys num  1180
/home/caoduanhua/anaconda3/envs/prolif/lib/python3.8/site-packages/sklearn/metrics/_classification.py:1318: UndefinedMetricWarning: Precision is ill-defined and being set to 0.0 due to no predicted samples. Use `zero_division` parameter to control this behavior.
  _warn_prf(average, modifier, msg_start, len(result))
