2022-05-16 09:35:14
Available GPU List
id	utilization.gpu(%)	memory.free(MiB)
0 	0                 	32506           
1 	0                 	32506           
2 	0                 	32506           
3 	0                 	32506           
4 	0                 	32506           
5 	0                 	32506           
6 	0                 	32506           
7 	0                 	32506           
Select id #0, 1, 2, 3 for you.
load save model!
Let's use 4 GPUs!
load save model!
Let's use 4 GPUs!
load save model!
Let's use 4 GPUs!
load save model!
Let's use 4 GPUs!
ampc :skip for some bug
