2022-05-15 03:52:05
Available GPU List
id	utilization.gpu(%)	memory.free(MiB)
0 	0                 	32506           
1 	0                 	32506           
2 	0                 	32506           
3 	0                 	32506           
4 	0                 	32506           
5 	0                 	32506           
6 	0                 	32506           
7 	0                 	32506           
Select id #0, 1, 2, 3 for you.
Number of train data: 62343
Number of val data: 6927
Number of test data: 23986
number of parameters :  100940
load save model!
Let's use 4 GPUs!
Number of train data: 62343
Number of val data: 6927
Number of test data: 23986
number of parameters :  100940
load save model!
Let's use 4 GPUs!
Number of train data: 62343
Number of val data: 6927
Number of test data: 23986
number of parameters :  100940
load save model!
Let's use 4 GPUs!
Number of train data: 62343
Number of val data: 6927
Number of test data: 23986
number of parameters :  100940
load save model!
Let's use 4 GPUs!
