2022-01-17 02:35:45
Namespace(A2_limit=False, EF_rates=[0.001, 0.002, 0.005, 0.01, 0.02, 0.05], FP=False, adap_per_epoch_step=True, alpha=5, attention_dropout_rate=0.1, auxiliary_loss=True, batch_size=12, d_FC_layer=128, data_path='/home/caoduanhua/score_function/data/pocket_data', debug=False, deta_const=False, dis_adj2_with_adj1=False, domain_sum=10, dropout_rate=0.1, edge_bias=False, edge_type='single', embed_graph_mode='ligand_protein', epoch=1, ffn_size=280, from_mse_pretrain=False, fundation_model='graphformer', gate=False, head_size=8, hot_start=False, in_degree_bias=True, initial_dev=4.0, initial_mu=2.5, inner_lr=0.0001, layer_type='GAT_gate', loss_fn='bce_loss', lr=0.0001, lr_decay=False, mldg_beta=1.0, mode='1_H', multi_hop_max_dist=10, n_FC_layer=4, n_graph_layer=2, n_in_feature=80, n_out_feature=80, ngpu=1, norm_type='gn', num_workers=2, only_adj2=False, only_dis_adj2=True, out_degree_bias=False, path_data_dir='../../data/pocket_data_path', patience=1000, pred_mode='ligand', r_drop=False, rel_3d_pos_bias=False, rel_pos_bias=False, sampler=False, save_dir='/home/caoduanhua/score_function/GNN/train_result/graphnorm', save_logits=False, save_model='/home/caoduanhua/score_function/GNN/train_result/MSE/paper/GAT_gate/2021-11-25-12-45-42/save_best_model.pt', seed=1067, share_layer=True, single_graph=False, step_per_epoch=200, supernode=False, test=False, test_keys='/home/caoduanhua/score_function/GNN/GNN_graphformer/keys/test_keys.pkl', test_path='/home/caoduanhua/score_function/data/dude_without_duplicated_pdb_raw', train_keys='/home/caoduanhua/score_function/GNN/GNN_graphformer/keys/train_keys.pkl', train_mode='meta_naive', use_adj=True, virtual_aromatic_atom=False)
Available GPU List
id	utilization.gpu(%)	memory.free(MiB)
0 	0                 	11019           
Select id #0 for you.
0
load save model!
/home/caoduanhua/score_function/GNN/GNN_graphformer_pyg/utils.py:495: VisibleDeprecationWarning: Creating an ndarray from ragged nested sequences (which is a list-or-tuple of lists-or-tuples-or ndarrays with different lengths or shapes) is deprecated. If you meant to do this, you must specify 'dtype=object' when creating the ndarray
  test_pred = np.concatenate(np.array(test_pred), 0)
/home/caoduanhua/score_function/GNN/GNN_graphformer_pyg/utils.py:495: VisibleDeprecationWarning: Creating an ndarray from ragged nested sequences (which is a list-or-tuple of lists-or-tuples-or ndarrays with different lengths or shapes) is deprecated. If you meant to do this, you must specify 'dtype=object' when creating the ndarray
  test_pred = np.concatenate(np.array(test_pred), 0)
/home/caoduanhua/score_function/GNN/GNN_graphformer_pyg/utils.py:495: VisibleDeprecationWarning: Creating an ndarray from ragged nested sequences (which is a list-or-tuple of lists-or-tuples-or ndarrays with different lengths or shapes) is deprecated. If you meant to do this, you must specify 'dtype=object' when creating the ndarray
  test_pred = np.concatenate(np.array(test_pred), 0)
/home/caoduanhua/score_function/GNN/GNN_graphformer_pyg/utils.py:495: VisibleDeprecationWarning: Creating an ndarray from ragged nested sequences (which is a list-or-tuple of lists-or-tuples-or ndarrays with different lengths or shapes) is deprecated. If you meant to do this, you must specify 'dtype=object' when creating the ndarray
  test_pred = np.concatenate(np.array(test_pred), 0)
/home/caoduanhua/score_function/GNN/GNN_graphformer_pyg/utils.py:495: VisibleDeprecationWarning: Creating an ndarray from ragged nested sequences (which is a list-or-tuple of lists-or-tuples-or ndarrays with different lengths or shapes) is deprecated. If you meant to do this, you must specify 'dtype=object' when creating the ndarray
  test_pred = np.concatenate(np.array(test_pred), 0)
/home/caoduanhua/score_function/GNN/GNN_graphformer_pyg/utils.py:495: VisibleDeprecationWarning: Creating an ndarray from ragged nested sequences (which is a list-or-tuple of lists-or-tuples-or ndarrays with different lengths or shapes) is deprecated. If you meant to do this, you must specify 'dtype=object' when creating the ndarray
  test_pred = np.concatenate(np.array(test_pred), 0)
/home/caoduanhua/score_function/GNN/GNN_graphformer_pyg/utils.py:495: VisibleDeprecationWarning: Creating an ndarray from ragged nested sequences (which is a list-or-tuple of lists-or-tuples-or ndarrays with different lengths or shapes) is deprecated. If you meant to do this, you must specify 'dtype=object' when creating the ndarray
  test_pred = np.concatenate(np.array(test_pred), 0)
/home/caoduanhua/score_function/GNN/GNN_graphformer_pyg/utils.py:495: VisibleDeprecationWarning: Creating an ndarray from ragged nested sequences (which is a list-or-tuple of lists-or-tuples-or ndarrays with different lengths or shapes) is deprecated. If you meant to do this, you must specify 'dtype=object' when creating the ndarray
  test_pred = np.concatenate(np.array(test_pred), 0)
/home/caoduanhua/score_function/GNN/GNN_graphformer_pyg/utils.py:495: VisibleDeprecationWarning: Creating an ndarray from ragged nested sequences (which is a list-or-tuple of lists-or-tuples-or ndarrays with different lengths or shapes) is deprecated. If you meant to do this, you must specify 'dtype=object' when creating the ndarray
  test_pred = np.concatenate(np.array(test_pred), 0)
/home/caoduanhua/score_function/GNN/GNN_graphformer_pyg/utils.py:495: VisibleDeprecationWarning: Creating an ndarray from ragged nested sequences (which is a list-or-tuple of lists-or-tuples-or ndarrays with different lengths or shapes) is deprecated. If you meant to do this, you must specify 'dtype=object' when creating the ndarray
  test_pred = np.concatenate(np.array(test_pred), 0)
/home/caoduanhua/score_function/GNN/GNN_graphformer_pyg/utils.py:495: VisibleDeprecationWarning: Creating an ndarray from ragged nested sequences (which is a list-or-tuple of lists-or-tuples-or ndarrays with different lengths or shapes) is deprecated. If you meant to do this, you must specify 'dtype=object' when creating the ndarray
  test_pred = np.concatenate(np.array(test_pred), 0)
/home/caoduanhua/score_function/GNN/GNN_graphformer_pyg/utils.py:495: VisibleDeprecationWarning: Creating an ndarray from ragged nested sequences (which is a list-or-tuple of lists-or-tuples-or ndarrays with different lengths or shapes) is deprecated. If you meant to do this, you must specify 'dtype=object' when creating the ndarray
  test_pred = np.concatenate(np.array(test_pred), 0)
/home/caoduanhua/score_function/GNN/GNN_graphformer_pyg/utils.py:495: VisibleDeprecationWarning: Creating an ndarray from ragged nested sequences (which is a list-or-tuple of lists-or-tuples-or ndarrays with different lengths or shapes) is deprecated. If you meant to do this, you must specify 'dtype=object' when creating the ndarray
  test_pred = np.concatenate(np.array(test_pred), 0)
/home/caoduanhua/score_function/GNN/GNN_graphformer_pyg/utils.py:495: VisibleDeprecationWarning: Creating an ndarray from ragged nested sequences (which is a list-or-tuple of lists-or-tuples-or ndarrays with different lengths or shapes) is deprecated. If you meant to do this, you must specify 'dtype=object' when creating the ndarray
  test_pred = np.concatenate(np.array(test_pred), 0)
/home/caoduanhua/score_function/GNN/GNN_graphformer_pyg/utils.py:495: VisibleDeprecationWarning: Creating an ndarray from ragged nested sequences (which is a list-or-tuple of lists-or-tuples-or ndarrays with different lengths or shapes) is deprecated. If you meant to do this, you must specify 'dtype=object' when creating the ndarray
  test_pred = np.concatenate(np.array(test_pred), 0)
/home/caoduanhua/score_function/GNN/GNN_graphformer_pyg/utils.py:495: VisibleDeprecationWarning: Creating an ndarray from ragged nested sequences (which is a list-or-tuple of lists-or-tuples-or ndarrays with different lengths or shapes) is deprecated. If you meant to do this, you must specify 'dtype=object' when creating the ndarray
  test_pred = np.concatenate(np.array(test_pred), 0)
/home/caoduanhua/score_function/GNN/GNN_graphformer_pyg/utils.py:495: VisibleDeprecationWarning: Creating an ndarray from ragged nested sequences (which is a list-or-tuple of lists-or-tuples-or ndarrays with different lengths or shapes) is deprecated. If you meant to do this, you must specify 'dtype=object' when creating the ndarray
  test_pred = np.concatenate(np.array(test_pred), 0)
/home/caoduanhua/score_function/GNN/GNN_graphformer_pyg/utils.py:495: VisibleDeprecationWarning: Creating an ndarray from ragged nested sequences (which is a list-or-tuple of lists-or-tuples-or ndarrays with different lengths or shapes) is deprecated. If you meant to do this, you must specify 'dtype=object' when creating the ndarray
  test_pred = np.concatenate(np.array(test_pred), 0)
/home/caoduanhua/score_function/GNN/GNN_graphformer_pyg/utils.py:495: VisibleDeprecationWarning: Creating an ndarray from ragged nested sequences (which is a list-or-tuple of lists-or-tuples-or ndarrays with different lengths or shapes) is deprecated. If you meant to do this, you must specify 'dtype=object' when creating the ndarray
  test_pred = np.concatenate(np.array(test_pred), 0)
/home/caoduanhua/score_function/GNN/GNN_graphformer_pyg/utils.py:495: VisibleDeprecationWarning: Creating an ndarray from ragged nested sequences (which is a list-or-tuple of lists-or-tuples-or ndarrays with different lengths or shapes) is deprecated. If you meant to do this, you must specify 'dtype=object' when creating the ndarray
  test_pred = np.concatenate(np.array(test_pred), 0)
/home/caoduanhua/score_function/GNN/GNN_graphformer_pyg/utils.py:495: VisibleDeprecationWarning: Creating an ndarray from ragged nested sequences (which is a list-or-tuple of lists-or-tuples-or ndarrays with different lengths or shapes) is deprecated. If you meant to do this, you must specify 'dtype=object' when creating the ndarray
  test_pred = np.concatenate(np.array(test_pred), 0)
/home/caoduanhua/score_function/GNN/GNN_graphformer_pyg/utils.py:495: VisibleDeprecationWarning: Creating an ndarray from ragged nested sequences (which is a list-or-tuple of lists-or-tuples-or ndarrays with different lengths or shapes) is deprecated. If you meant to do this, you must specify 'dtype=object' when creating the ndarray
  test_pred = np.concatenate(np.array(test_pred), 0)
/home/caoduanhua/score_function/GNN/GNN_graphformer_pyg/utils.py:495: VisibleDeprecationWarning: Creating an ndarray from ragged nested sequences (which is a list-or-tuple of lists-or-tuples-or ndarrays with different lengths or shapes) is deprecated. If you meant to do this, you must specify 'dtype=object' when creating the ndarray
  test_pred = np.concatenate(np.array(test_pred), 0)
/home/caoduanhua/score_function/GNN/GNN_graphformer_pyg/utils.py:495: VisibleDeprecationWarning: Creating an ndarray from ragged nested sequences (which is a list-or-tuple of lists-or-tuples-or ndarrays with different lengths or shapes) is deprecated. If you meant to do this, you must specify 'dtype=object' when creating the ndarray
  test_pred = np.concatenate(np.array(test_pred), 0)
/home/caoduanhua/score_function/GNN/GNN_graphformer_pyg/utils.py:495: VisibleDeprecationWarning: Creating an ndarray from ragged nested sequences (which is a list-or-tuple of lists-or-tuples-or ndarrays with different lengths or shapes) is deprecated. If you meant to do this, you must specify 'dtype=object' when creating the ndarray
  test_pred = np.concatenate(np.array(test_pred), 0)
/home/caoduanhua/score_function/GNN/GNN_graphformer_pyg/utils.py:495: VisibleDeprecationWarning: Creating an ndarray from ragged nested sequences (which is a list-or-tuple of lists-or-tuples-or ndarrays with different lengths or shapes) is deprecated. If you meant to do this, you must specify 'dtype=object' when creating the ndarray
  test_pred = np.concatenate(np.array(test_pred), 0)
/home/caoduanhua/score_function/GNN/GNN_graphformer_pyg/utils.py:495: VisibleDeprecationWarning: Creating an ndarray from ragged nested sequences (which is a list-or-tuple of lists-or-tuples-or ndarrays with different lengths or shapes) is deprecated. If you meant to do this, you must specify 'dtype=object' when creating the ndarray
  test_pred = np.concatenate(np.array(test_pred), 0)
/home/caoduanhua/score_function/GNN/GNN_graphformer_pyg/utils.py:495: VisibleDeprecationWarning: Creating an ndarray from ragged nested sequences (which is a list-or-tuple of lists-or-tuples-or ndarrays with different lengths or shapes) is deprecated. If you meant to do this, you must specify 'dtype=object' when creating the ndarray
  test_pred = np.concatenate(np.array(test_pred), 0)
/home/caoduanhua/score_function/GNN/GNN_graphformer_pyg/utils.py:495: VisibleDeprecationWarning: Creating an ndarray from ragged nested sequences (which is a list-or-tuple of lists-or-tuples-or ndarrays with different lengths or shapes) is deprecated. If you meant to do this, you must specify 'dtype=object' when creating the ndarray
  test_pred = np.concatenate(np.array(test_pred), 0)
/home/caoduanhua/score_function/GNN/GNN_graphformer_pyg/utils.py:495: VisibleDeprecationWarning: Creating an ndarray from ragged nested sequences (which is a list-or-tuple of lists-or-tuples-or ndarrays with different lengths or shapes) is deprecated. If you meant to do this, you must specify 'dtype=object' when creating the ndarray
  test_pred = np.concatenate(np.array(test_pred), 0)
/home/caoduanhua/score_function/GNN/GNN_graphformer_pyg/utils.py:495: VisibleDeprecationWarning: Creating an ndarray from ragged nested sequences (which is a list-or-tuple of lists-or-tuples-or ndarrays with different lengths or shapes) is deprecated. If you meant to do this, you must specify 'dtype=object' when creating the ndarray
  test_pred = np.concatenate(np.array(test_pred), 0)
/home/caoduanhua/score_function/GNN/GNN_graphformer_pyg/utils.py:495: VisibleDeprecationWarning: Creating an ndarray from ragged nested sequences (which is a list-or-tuple of lists-or-tuples-or ndarrays with different lengths or shapes) is deprecated. If you meant to do this, you must specify 'dtype=object' when creating the ndarray
  test_pred = np.concatenate(np.array(test_pred), 0)
/home/caoduanhua/score_function/GNN/GNN_graphformer_pyg/utils.py:495: VisibleDeprecationWarning: Creating an ndarray from ragged nested sequences (which is a list-or-tuple of lists-or-tuples-or ndarrays with different lengths or shapes) is deprecated. If you meant to do this, you must specify 'dtype=object' when creating the ndarray
  test_pred = np.concatenate(np.array(test_pred), 0)
/home/caoduanhua/score_function/GNN/GNN_graphformer_pyg/utils.py:495: VisibleDeprecationWarning: Creating an ndarray from ragged nested sequences (which is a list-or-tuple of lists-or-tuples-or ndarrays with different lengths or shapes) is deprecated. If you meant to do this, you must specify 'dtype=object' when creating the ndarray
  test_pred = np.concatenate(np.array(test_pred), 0)
/home/caoduanhua/score_function/GNN/GNN_graphformer_pyg/utils.py:495: VisibleDeprecationWarning: Creating an ndarray from ragged nested sequences (which is a list-or-tuple of lists-or-tuples-or ndarrays with different lengths or shapes) is deprecated. If you meant to do this, you must specify 'dtype=object' when creating the ndarray
  test_pred = np.concatenate(np.array(test_pred), 0)
/home/caoduanhua/score_function/GNN/GNN_graphformer_pyg/utils.py:495: VisibleDeprecationWarning: Creating an ndarray from ragged nested sequences (which is a list-or-tuple of lists-or-tuples-or ndarrays with different lengths or shapes) is deprecated. If you meant to do this, you must specify 'dtype=object' when creating the ndarray
  test_pred = np.concatenate(np.array(test_pred), 0)
/home/caoduanhua/score_function/GNN/GNN_graphformer_pyg/utils.py:495: VisibleDeprecationWarning: Creating an ndarray from ragged nested sequences (which is a list-or-tuple of lists-or-tuples-or ndarrays with different lengths or shapes) is deprecated. If you meant to do this, you must specify 'dtype=object' when creating the ndarray
  test_pred = np.concatenate(np.array(test_pred), 0)
/home/caoduanhua/score_function/GNN/GNN_graphformer_pyg/utils.py:495: VisibleDeprecationWarning: Creating an ndarray from ragged nested sequences (which is a list-or-tuple of lists-or-tuples-or ndarrays with different lengths or shapes) is deprecated. If you meant to do this, you must specify 'dtype=object' when creating the ndarray
  test_pred = np.concatenate(np.array(test_pred), 0)
/home/caoduanhua/score_function/GNN/GNN_graphformer_pyg/utils.py:495: VisibleDeprecationWarning: Creating an ndarray from ragged nested sequences (which is a list-or-tuple of lists-or-tuples-or ndarrays with different lengths or shapes) is deprecated. If you meant to do this, you must specify 'dtype=object' when creating the ndarray
  test_pred = np.concatenate(np.array(test_pred), 0)
/home/caoduanhua/score_function/GNN/GNN_graphformer_pyg/utils.py:495: VisibleDeprecationWarning: Creating an ndarray from ragged nested sequences (which is a list-or-tuple of lists-or-tuples-or ndarrays with different lengths or shapes) is deprecated. If you meant to do this, you must specify 'dtype=object' when creating the ndarray
  test_pred = np.concatenate(np.array(test_pred), 0)
/home/caoduanhua/score_function/GNN/GNN_graphformer_pyg/utils.py:495: VisibleDeprecationWarning: Creating an ndarray from ragged nested sequences (which is a list-or-tuple of lists-or-tuples-or ndarrays with different lengths or shapes) is deprecated. If you meant to do this, you must specify 'dtype=object' when creating the ndarray
  test_pred = np.concatenate(np.array(test_pred), 0)
/home/caoduanhua/score_function/GNN/GNN_graphformer_pyg/utils.py:495: VisibleDeprecationWarning: Creating an ndarray from ragged nested sequences (which is a list-or-tuple of lists-or-tuples-or ndarrays with different lengths or shapes) is deprecated. If you meant to do this, you must specify 'dtype=object' when creating the ndarray
  test_pred = np.concatenate(np.array(test_pred), 0)
/home/caoduanhua/score_function/GNN/GNN_graphformer_pyg/utils.py:495: VisibleDeprecationWarning: Creating an ndarray from ragged nested sequences (which is a list-or-tuple of lists-or-tuples-or ndarrays with different lengths or shapes) is deprecated. If you meant to do this, you must specify 'dtype=object' when creating the ndarray
  test_pred = np.concatenate(np.array(test_pred), 0)
/home/caoduanhua/score_function/GNN/GNN_graphformer_pyg/utils.py:495: VisibleDeprecationWarning: Creating an ndarray from ragged nested sequences (which is a list-or-tuple of lists-or-tuples-or ndarrays with different lengths or shapes) is deprecated. If you meant to do this, you must specify 'dtype=object' when creating the ndarray
  test_pred = np.concatenate(np.array(test_pred), 0)
