2022-05-18 09:23:00
Available GPU List
id	utilization.gpu(%)	memory.free(MiB)
0 	0                 	32510           
1 	0                 	32510           
2 	0                 	32510           
3 	0                 	32510           
4 	0                 	32510           
5 	0                 	32510           
6 	0                 	32510           
7 	2                 	32510           
Select id #0, 1, 2, 3 for you.
Number of train data: 124965
Number of val data: 13886
Number of test data: 40231
number of parameters :  215388
Let's use 4 GPUs!
Number of train data: 124965
Number of val data: 13886
Number of test data: 40231
number of parameters :  215388
Let's use 4 GPUs!
Number of train data: 124965
Number of val data: 13886
Number of test data: 40231
number of parameters :  215388
Let's use 4 GPUs!
Number of train data: 124965
Number of val data: 13886
Number of test data: 40231
number of parameters :  215388
Let's use 4 GPUs!
