2022-05-16 10:06:52
Available GPU List
id	utilization.gpu(%)	memory.free(MiB)
4 	0                 	32506           
5 	0                 	32506           
6 	0                 	32506           
7 	0                 	32506           
Select id #4, 5, 6, 7 for you.
Number of train data: 62343
Number of val data: 6927
Number of test data: 23986
number of parameters :  215388
Let's use 4 GPUs!
Number of train data: 62343
Number of val data: 6927
Number of test data: 23986
number of parameters :  215388
Let's use 4 GPUs!
Number of train data: 62343
Number of val data: 6927
Number of test data: 23986
number of parameters :  215388
Let's use 4 GPUs!
Number of train data: 62343
Number of val data: 6927
Number of test data: 23986
number of parameters :  215388
Let's use 4 GPUs!
/home/caoduanhua/anaconda3/lib/python3.7/site-packages/sklearn/metrics/_classification.py:1318: UndefinedMetricWarning: Precision is ill-defined and being set to 0.0 due to no predicted samples. Use `zero_division` parameter to control this behavior.
  _warn_prf(average, modifier, msg_start, len(result))
/home/caoduanhua/anaconda3/lib/python3.7/site-packages/sklearn/metrics/_classification.py:1318: UndefinedMetricWarning: Precision is ill-defined and being set to 0.0 due to no predicted samples. Use `zero_division` parameter to control this behavior.
  _warn_prf(average, modifier, msg_start, len(result))
/home/caoduanhua/anaconda3/lib/python3.7/site-packages/sklearn/metrics/_classification.py:1318: UndefinedMetricWarning: Precision is ill-defined and being set to 0.0 due to no predicted samples. Use `zero_division` parameter to control this behavior.
  _warn_prf(average, modifier, msg_start, len(result))
