2022-08-19 05:02:21
Available GPU List
id	utilization.gpu(%)	memory.free(MiB)
0 	0                 	32510           
1 	0                 	32510           
2 	0                 	32510           
3 	0                 	32510           
4 	0                 	32510           
5 	0                 	32510           
6 	0                 	32510           
7 	0                 	32510           
Select id #0, 1, 2, 3 for you.
Number of train data: 310578
Number of val data: 34341
Number of test data: 104206
number of parameters :  261567
Let's use 4 GPUs!
Number of train data: 310578
Number of val data: 34341
Number of test data: 104206
number of parameters :  261567
Let's use 4 GPUs!
Number of train data: 310578
Number of val data: 34341
Number of test data: 104206
number of parameters :  261567
Let's use 4 GPUs!
Number of train data: 310578
Number of val data: 34341
Number of test data: 104206
number of parameters :  261567
Let's use 4 GPUs!
