2022-09-06 03:26:15
Available GPU List
id	utilization.gpu(%)	memory.free(MiB)
0 	0                 	32510           
1 	0                 	32510           
2 	0                 	32510           
3 	0                 	32510           
4 	0                 	32510           
5 	0                 	32510           
6 	0                 	32510           
7 	0                 	32510           
Select id #0, 1, 2, 3, 4, 5, 6 for you.
number of parameters :  565319
Let's use 7 GPUs!
number of parameters :  565319
Let's use 7 GPUs!
number of parameters :  565319
Let's use 7 GPUs!
Number of train data: 310578
Number of val data: 34341
Number of test data: 104206
number of parameters :  565319
Let's use 7 GPUs!
number of parameters :  565319
Let's use 7 GPUs!
number of parameters :  565319
Let's use 7 GPUs!
number of parameters :  565319
Let's use 7 GPUs!
