2022-04-20 13:03:17
Namespace(A2_limit=False, EF_rates=[0.001, 0.002, 0.005, 0.01, 0.02, 0.05], FP=False, add_logk_reg=True, alpha=5, att_mode='SA', attention_dropout_rate=0.2, auxiliary_loss=True, batch_size=12, d_FC_layer=128, data_path='/home/caoduanhua/score_function/data/general_refineset', debug=False, deta_const=False, dis_adj2_with_adj1=False, dropout_rate=0.2, edge_bias=False, edge_type='single', embed_graph='double_graph', embed_graph_mode='ligand_protein', epoch=400, ffn_size=280, fundation_model='graphformer', gate=False, grad_sum=False, head_size=8, hot_start=False, in_degree_bias=True, initial_dev=4.0, initial_mu=2.5, json_path='/home/caoduanhua/score_function/GNN/GNN_graphformer_pyg/train_keys/config_files/train_add_reg_logk.json', label_smothing=0.0, layer_type='GAT_gate', loss_fn='cross_entry', lr=0.0001, lr_decay=False, mode='1_H', multi_hop_max_dist=10, n_FC_layer=4, n_graph_layer=2, n_in_feature=80, n_out_feature=80, ngpu=1, norm_type='gn_mul', num_workers=8, only_adj2=False, only_dis_adj2=True, out_degree_bias=False, path_data_dir='../../data/pocket_data_path', patience=50, pred_mode='ligand', r_drop=False, reg_lambda=0.5, rel_3d_pos_bias=False, rel_pos_bias=False, sampler=False, save_dir='/home/caoduanhua/score_function/GNN/train_result/BCE_LOGK_AUXI_LOSS/', save_model='/home/caoduanhua/score_function/GNN/train_result/pdb_screen/graphformer/GAT_gate/2022-03-07-05-48-46/save_best_model.pt', seed=42, share_layer=True, supernode=False, test=True, test_keys='/home/caoduanhua/score_function/GNN/GNN_graphformer_pyg/train_keys/general_refine_crossdecoy_1_5_logk/test_keys.pkl', test_path='/home/caoduanhua/score_function/data/independent/dude_pocket', train_keys='/home/caoduanhua/score_function/GNN/GNN_graphformer_pyg/train_keys/general_refine_crossdecoy_1_5_logk/train_keys.pkl', use_adj=True, virtual_aromatic_atom=True)
Number of train data: 62349
Number of val data: 6928
Number of test data: 23989
Available GPU List
id	utilization.gpu(%)	memory.free(MiB)
0 	0                 	11019           
Select id #0 for you.
number of parameters :  208294
/home/caoduanhua/score_function/GNN/GNN_graphformer_pyg/utils.py:372: UserWarning: Using a target size (torch.Size([12, 1])) that is different to the input size (torch.Size([12, 128])). This will likely lead to incorrect results due to broadcasting. Please ensure they have the same size.
  (model.reg_value*sample.Y.long().reshape(-1,1).to(pred.device), sample.value.reshape(-1,1).to(pred.device))
/home/caoduanhua/score_function/GNN/GNN_graphformer_pyg/utils.py:372: UserWarning: Using a target size (torch.Size([9, 1])) that is different to the input size (torch.Size([9, 128])). This will likely lead to incorrect results due to broadcasting. Please ensure they have the same size.
  (model.reg_value*sample.Y.long().reshape(-1,1).to(pred.device), sample.value.reshape(-1,1).to(pred.device))
/home/caoduanhua/anaconda3/envs/rdkit-env/lib/python3.6/site-packages/sklearn/metrics/_classification.py:1248: UndefinedMetricWarning: Precision is ill-defined and being set to 0.0 due to no predicted samples. Use `zero_division` parameter to control this behavior.
  _warn_prf(average, modifier, msg_start, len(result))
/home/caoduanhua/score_function/GNN/GNN_graphformer_pyg/utils.py:372: UserWarning: Using a target size (torch.Size([12, 1])) that is different to the input size (torch.Size([12, 128])). This will likely lead to incorrect results due to broadcasting. Please ensure they have the same size.
  (model.reg_value*sample.Y.long().reshape(-1,1).to(pred.device), sample.value.reshape(-1,1).to(pred.device))
/home/caoduanhua/score_function/GNN/GNN_graphformer_pyg/utils.py:372: UserWarning: Using a target size (torch.Size([9, 1])) that is different to the input size (torch.Size([9, 128])). This will likely lead to incorrect results due to broadcasting. Please ensure they have the same size.
  (model.reg_value*sample.Y.long().reshape(-1,1).to(pred.device), sample.value.reshape(-1,1).to(pred.device))
/home/caoduanhua/anaconda3/envs/rdkit-env/lib/python3.6/site-packages/sklearn/metrics/_classification.py:1248: UndefinedMetricWarning: Precision is ill-defined and being set to 0.0 due to no predicted samples. Use `zero_division` parameter to control this behavior.
  _warn_prf(average, modifier, msg_start, len(result))
/home/caoduanhua/score_function/GNN/GNN_graphformer_pyg/utils.py:372: UserWarning: Using a target size (torch.Size([12, 1])) that is different to the input size (torch.Size([12, 128])). This will likely lead to incorrect results due to broadcasting. Please ensure they have the same size.
  (model.reg_value*sample.Y.long().reshape(-1,1).to(pred.device), sample.value.reshape(-1,1).to(pred.device))
/home/caoduanhua/score_function/GNN/GNN_graphformer_pyg/utils.py:372: UserWarning: Using a target size (torch.Size([9, 1])) that is different to the input size (torch.Size([9, 128])). This will likely lead to incorrect results due to broadcasting. Please ensure they have the same size.
  (model.reg_value*sample.Y.long().reshape(-1,1).to(pred.device), sample.value.reshape(-1,1).to(pred.device))
/home/caoduanhua/anaconda3/envs/rdkit-env/lib/python3.6/site-packages/sklearn/metrics/_classification.py:1248: UndefinedMetricWarning: Precision is ill-defined and being set to 0.0 due to no predicted samples. Use `zero_division` parameter to control this behavior.
  _warn_prf(average, modifier, msg_start, len(result))
/home/caoduanhua/score_function/GNN/GNN_graphformer_pyg/utils.py:372: UserWarning: Using a target size (torch.Size([12, 1])) that is different to the input size (torch.Size([12, 128])). This will likely lead to incorrect results due to broadcasting. Please ensure they have the same size.
  (model.reg_value*sample.Y.long().reshape(-1,1).to(pred.device), sample.value.reshape(-1,1).to(pred.device))
/home/caoduanhua/score_function/GNN/GNN_graphformer_pyg/utils.py:372: UserWarning: Using a target size (torch.Size([9, 1])) that is different to the input size (torch.Size([9, 128])). This will likely lead to incorrect results due to broadcasting. Please ensure they have the same size.
  (model.reg_value*sample.Y.long().reshape(-1,1).to(pred.device), sample.value.reshape(-1,1).to(pred.device))
/home/caoduanhua/anaconda3/envs/rdkit-env/lib/python3.6/site-packages/sklearn/metrics/_classification.py:1248: UndefinedMetricWarning: Precision is ill-defined and being set to 0.0 due to no predicted samples. Use `zero_division` parameter to control this behavior.
  _warn_prf(average, modifier, msg_start, len(result))
/home/caoduanhua/score_function/GNN/GNN_graphformer_pyg/utils.py:372: UserWarning: Using a target size (torch.Size([12, 1])) that is different to the input size (torch.Size([12, 128])). This will likely lead to incorrect results due to broadcasting. Please ensure they have the same size.
  (model.reg_value*sample.Y.long().reshape(-1,1).to(pred.device), sample.value.reshape(-1,1).to(pred.device))
/home/caoduanhua/score_function/GNN/GNN_graphformer_pyg/utils.py:372: UserWarning: Using a target size (torch.Size([9, 1])) that is different to the input size (torch.Size([9, 128])). This will likely lead to incorrect results due to broadcasting. Please ensure they have the same size.
  (model.reg_value*sample.Y.long().reshape(-1,1).to(pred.device), sample.value.reshape(-1,1).to(pred.device))
/home/caoduanhua/anaconda3/envs/rdkit-env/lib/python3.6/site-packages/sklearn/metrics/_classification.py:1248: UndefinedMetricWarning: Precision is ill-defined and being set to 0.0 due to no predicted samples. Use `zero_division` parameter to control this behavior.
  _warn_prf(average, modifier, msg_start, len(result))
/home/caoduanhua/score_function/GNN/GNN_graphformer_pyg/utils.py:372: UserWarning: Using a target size (torch.Size([12, 1])) that is different to the input size (torch.Size([12, 128])). This will likely lead to incorrect results due to broadcasting. Please ensure they have the same size.
  (model.reg_value*sample.Y.long().reshape(-1,1).to(pred.device), sample.value.reshape(-1,1).to(pred.device))
/home/caoduanhua/score_function/GNN/GNN_graphformer_pyg/utils.py:372: UserWarning: Using a target size (torch.Size([9, 1])) that is different to the input size (torch.Size([9, 128])). This will likely lead to incorrect results due to broadcasting. Please ensure they have the same size.
  (model.reg_value*sample.Y.long().reshape(-1,1).to(pred.device), sample.value.reshape(-1,1).to(pred.device))
/home/caoduanhua/anaconda3/envs/rdkit-env/lib/python3.6/site-packages/sklearn/metrics/_classification.py:1248: UndefinedMetricWarning: Precision is ill-defined and being set to 0.0 due to no predicted samples. Use `zero_division` parameter to control this behavior.
  _warn_prf(average, modifier, msg_start, len(result))
/home/caoduanhua/score_function/GNN/GNN_graphformer_pyg/utils.py:372: UserWarning: Using a target size (torch.Size([12, 1])) that is different to the input size (torch.Size([12, 128])). This will likely lead to incorrect results due to broadcasting. Please ensure they have the same size.
  (model.reg_value*sample.Y.long().reshape(-1,1).to(pred.device), sample.value.reshape(-1,1).to(pred.device))
/home/caoduanhua/score_function/GNN/GNN_graphformer_pyg/utils.py:372: UserWarning: Using a target size (torch.Size([9, 1])) that is different to the input size (torch.Size([9, 128])). This will likely lead to incorrect results due to broadcasting. Please ensure they have the same size.
  (model.reg_value*sample.Y.long().reshape(-1,1).to(pred.device), sample.value.reshape(-1,1).to(pred.device))
/home/caoduanhua/anaconda3/envs/rdkit-env/lib/python3.6/site-packages/sklearn/metrics/_classification.py:1248: UndefinedMetricWarning: Precision is ill-defined and being set to 0.0 due to no predicted samples. Use `zero_division` parameter to control this behavior.
  _warn_prf(average, modifier, msg_start, len(result))
/home/caoduanhua/score_function/GNN/GNN_graphformer_pyg/utils.py:372: UserWarning: Using a target size (torch.Size([12, 1])) that is different to the input size (torch.Size([12, 128])). This will likely lead to incorrect results due to broadcasting. Please ensure they have the same size.
  (model.reg_value*sample.Y.long().reshape(-1,1).to(pred.device), sample.value.reshape(-1,1).to(pred.device))
/home/caoduanhua/score_function/GNN/GNN_graphformer_pyg/utils.py:372: UserWarning: Using a target size (torch.Size([9, 1])) that is different to the input size (torch.Size([9, 128])). This will likely lead to incorrect results due to broadcasting. Please ensure they have the same size.
  (model.reg_value*sample.Y.long().reshape(-1,1).to(pred.device), sample.value.reshape(-1,1).to(pred.device))
/home/caoduanhua/anaconda3/envs/rdkit-env/lib/python3.6/site-packages/sklearn/metrics/_classification.py:1248: UndefinedMetricWarning: Precision is ill-defined and being set to 0.0 due to no predicted samples. Use `zero_division` parameter to control this behavior.
  _warn_prf(average, modifier, msg_start, len(result))
/home/caoduanhua/score_function/GNN/GNN_graphformer_pyg/utils.py:372: UserWarning: Using a target size (torch.Size([12, 1])) that is different to the input size (torch.Size([12, 128])). This will likely lead to incorrect results due to broadcasting. Please ensure they have the same size.
  (model.reg_value*sample.Y.long().reshape(-1,1).to(pred.device), sample.value.reshape(-1,1).to(pred.device))
/home/caoduanhua/score_function/GNN/GNN_graphformer_pyg/utils.py:372: UserWarning: Using a target size (torch.Size([9, 1])) that is different to the input size (torch.Size([9, 128])). This will likely lead to incorrect results due to broadcasting. Please ensure they have the same size.
  (model.reg_value*sample.Y.long().reshape(-1,1).to(pred.device), sample.value.reshape(-1,1).to(pred.device))
/home/caoduanhua/anaconda3/envs/rdkit-env/lib/python3.6/site-packages/sklearn/metrics/_classification.py:1248: UndefinedMetricWarning: Precision is ill-defined and being set to 0.0 due to no predicted samples. Use `zero_division` parameter to control this behavior.
  _warn_prf(average, modifier, msg_start, len(result))
/home/caoduanhua/score_function/GNN/GNN_graphformer_pyg/utils.py:372: UserWarning: Using a target size (torch.Size([12, 1])) that is different to the input size (torch.Size([12, 128])). This will likely lead to incorrect results due to broadcasting. Please ensure they have the same size.
  (model.reg_value*sample.Y.long().reshape(-1,1).to(pred.device), sample.value.reshape(-1,1).to(pred.device))
/home/caoduanhua/score_function/GNN/GNN_graphformer_pyg/utils.py:372: UserWarning: Using a target size (torch.Size([9, 1])) that is different to the input size (torch.Size([9, 128])). This will likely lead to incorrect results due to broadcasting. Please ensure they have the same size.
  (model.reg_value*sample.Y.long().reshape(-1,1).to(pred.device), sample.value.reshape(-1,1).to(pred.device))
/home/caoduanhua/anaconda3/envs/rdkit-env/lib/python3.6/site-packages/sklearn/metrics/_classification.py:1248: UndefinedMetricWarning: Precision is ill-defined and being set to 0.0 due to no predicted samples. Use `zero_division` parameter to control this behavior.
  _warn_prf(average, modifier, msg_start, len(result))
/home/caoduanhua/score_function/GNN/GNN_graphformer_pyg/utils.py:372: UserWarning: Using a target size (torch.Size([12, 1])) that is different to the input size (torch.Size([12, 128])). This will likely lead to incorrect results due to broadcasting. Please ensure they have the same size.
  (model.reg_value*sample.Y.long().reshape(-1,1).to(pred.device), sample.value.reshape(-1,1).to(pred.device))
/home/caoduanhua/score_function/GNN/GNN_graphformer_pyg/utils.py:372: UserWarning: Using a target size (torch.Size([9, 1])) that is different to the input size (torch.Size([9, 128])). This will likely lead to incorrect results due to broadcasting. Please ensure they have the same size.
  (model.reg_value*sample.Y.long().reshape(-1,1).to(pred.device), sample.value.reshape(-1,1).to(pred.device))
/home/caoduanhua/anaconda3/envs/rdkit-env/lib/python3.6/site-packages/sklearn/metrics/_classification.py:1248: UndefinedMetricWarning: Precision is ill-defined and being set to 0.0 due to no predicted samples. Use `zero_division` parameter to control this behavior.
  _warn_prf(average, modifier, msg_start, len(result))
/home/caoduanhua/score_function/GNN/GNN_graphformer_pyg/utils.py:372: UserWarning: Using a target size (torch.Size([12, 1])) that is different to the input size (torch.Size([12, 128])). This will likely lead to incorrect results due to broadcasting. Please ensure they have the same size.
  (model.reg_value*sample.Y.long().reshape(-1,1).to(pred.device), sample.value.reshape(-1,1).to(pred.device))
/home/caoduanhua/score_function/GNN/GNN_graphformer_pyg/utils.py:372: UserWarning: Using a target size (torch.Size([9, 1])) that is different to the input size (torch.Size([9, 128])). This will likely lead to incorrect results due to broadcasting. Please ensure they have the same size.
  (model.reg_value*sample.Y.long().reshape(-1,1).to(pred.device), sample.value.reshape(-1,1).to(pred.device))
/home/caoduanhua/anaconda3/envs/rdkit-env/lib/python3.6/site-packages/sklearn/metrics/_classification.py:1248: UndefinedMetricWarning: Precision is ill-defined and being set to 0.0 due to no predicted samples. Use `zero_division` parameter to control this behavior.
  _warn_prf(average, modifier, msg_start, len(result))
/home/caoduanhua/score_function/GNN/GNN_graphformer_pyg/utils.py:372: UserWarning: Using a target size (torch.Size([12, 1])) that is different to the input size (torch.Size([12, 128])). This will likely lead to incorrect results due to broadcasting. Please ensure they have the same size.
  (model.reg_value*sample.Y.long().reshape(-1,1).to(pred.device), sample.value.reshape(-1,1).to(pred.device))
/home/caoduanhua/score_function/GNN/GNN_graphformer_pyg/utils.py:372: UserWarning: Using a target size (torch.Size([9, 1])) that is different to the input size (torch.Size([9, 128])). This will likely lead to incorrect results due to broadcasting. Please ensure they have the same size.
  (model.reg_value*sample.Y.long().reshape(-1,1).to(pred.device), sample.value.reshape(-1,1).to(pred.device))
/home/caoduanhua/anaconda3/envs/rdkit-env/lib/python3.6/site-packages/sklearn/metrics/_classification.py:1248: UndefinedMetricWarning: Precision is ill-defined and being set to 0.0 due to no predicted samples. Use `zero_division` parameter to control this behavior.
  _warn_prf(average, modifier, msg_start, len(result))
/home/caoduanhua/score_function/GNN/GNN_graphformer_pyg/utils.py:372: UserWarning: Using a target size (torch.Size([12, 1])) that is different to the input size (torch.Size([12, 128])). This will likely lead to incorrect results due to broadcasting. Please ensure they have the same size.
  (model.reg_value*sample.Y.long().reshape(-1,1).to(pred.device), sample.value.reshape(-1,1).to(pred.device))
/home/caoduanhua/score_function/GNN/GNN_graphformer_pyg/utils.py:372: UserWarning: Using a target size (torch.Size([9, 1])) that is different to the input size (torch.Size([9, 128])). This will likely lead to incorrect results due to broadcasting. Please ensure they have the same size.
  (model.reg_value*sample.Y.long().reshape(-1,1).to(pred.device), sample.value.reshape(-1,1).to(pred.device))
/home/caoduanhua/anaconda3/envs/rdkit-env/lib/python3.6/site-packages/sklearn/metrics/_classification.py:1248: UndefinedMetricWarning: Precision is ill-defined and being set to 0.0 due to no predicted samples. Use `zero_division` parameter to control this behavior.
  _warn_prf(average, modifier, msg_start, len(result))
/home/caoduanhua/score_function/GNN/GNN_graphformer_pyg/utils.py:372: UserWarning: Using a target size (torch.Size([12, 1])) that is different to the input size (torch.Size([12, 128])). This will likely lead to incorrect results due to broadcasting. Please ensure they have the same size.
  (model.reg_value*sample.Y.long().reshape(-1,1).to(pred.device), sample.value.reshape(-1,1).to(pred.device))
/home/caoduanhua/score_function/GNN/GNN_graphformer_pyg/utils.py:372: UserWarning: Using a target size (torch.Size([9, 1])) that is different to the input size (torch.Size([9, 128])). This will likely lead to incorrect results due to broadcasting. Please ensure they have the same size.
  (model.reg_value*sample.Y.long().reshape(-1,1).to(pred.device), sample.value.reshape(-1,1).to(pred.device))
/home/caoduanhua/score_function/GNN/GNN_graphformer_pyg/utils.py:372: UserWarning: Using a target size (torch.Size([12, 1])) that is different to the input size (torch.Size([12, 128])). This will likely lead to incorrect results due to broadcasting. Please ensure they have the same size.
  (model.reg_value*sample.Y.long().reshape(-1,1).to(pred.device), sample.value.reshape(-1,1).to(pred.device))
/home/caoduanhua/score_function/GNN/GNN_graphformer_pyg/utils.py:372: UserWarning: Using a target size (torch.Size([9, 1])) that is different to the input size (torch.Size([9, 128])). This will likely lead to incorrect results due to broadcasting. Please ensure they have the same size.
  (model.reg_value*sample.Y.long().reshape(-1,1).to(pred.device), sample.value.reshape(-1,1).to(pred.device))
/home/caoduanhua/score_function/GNN/GNN_graphformer_pyg/utils.py:372: UserWarning: Using a target size (torch.Size([12, 1])) that is different to the input size (torch.Size([12, 128])). This will likely lead to incorrect results due to broadcasting. Please ensure they have the same size.
  (model.reg_value*sample.Y.long().reshape(-1,1).to(pred.device), sample.value.reshape(-1,1).to(pred.device))
/home/caoduanhua/score_function/GNN/GNN_graphformer_pyg/utils.py:372: UserWarning: Using a target size (torch.Size([9, 1])) that is different to the input size (torch.Size([9, 128])). This will likely lead to incorrect results due to broadcasting. Please ensure they have the same size.
  (model.reg_value*sample.Y.long().reshape(-1,1).to(pred.device), sample.value.reshape(-1,1).to(pred.device))
/home/caoduanhua/score_function/GNN/GNN_graphformer_pyg/utils.py:372: UserWarning: Using a target size (torch.Size([12, 1])) that is different to the input size (torch.Size([12, 128])). This will likely lead to incorrect results due to broadcasting. Please ensure they have the same size.
  (model.reg_value*sample.Y.long().reshape(-1,1).to(pred.device), sample.value.reshape(-1,1).to(pred.device))
/home/caoduanhua/score_function/GNN/GNN_graphformer_pyg/utils.py:372: UserWarning: Using a target size (torch.Size([9, 1])) that is different to the input size (torch.Size([9, 128])). This will likely lead to incorrect results due to broadcasting. Please ensure they have the same size.
  (model.reg_value*sample.Y.long().reshape(-1,1).to(pred.device), sample.value.reshape(-1,1).to(pred.device))
/home/caoduanhua/score_function/GNN/GNN_graphformer_pyg/utils.py:372: UserWarning: Using a target size (torch.Size([12, 1])) that is different to the input size (torch.Size([12, 128])). This will likely lead to incorrect results due to broadcasting. Please ensure they have the same size.
  (model.reg_value*sample.Y.long().reshape(-1,1).to(pred.device), sample.value.reshape(-1,1).to(pred.device))
/home/caoduanhua/score_function/GNN/GNN_graphformer_pyg/utils.py:372: UserWarning: Using a target size (torch.Size([9, 1])) that is different to the input size (torch.Size([9, 128])). This will likely lead to incorrect results due to broadcasting. Please ensure they have the same size.
  (model.reg_value*sample.Y.long().reshape(-1,1).to(pred.device), sample.value.reshape(-1,1).to(pred.device))
/home/caoduanhua/score_function/GNN/GNN_graphformer_pyg/utils.py:372: UserWarning: Using a target size (torch.Size([12, 1])) that is different to the input size (torch.Size([12, 128])). This will likely lead to incorrect results due to broadcasting. Please ensure they have the same size.
  (model.reg_value*sample.Y.long().reshape(-1,1).to(pred.device), sample.value.reshape(-1,1).to(pred.device))
/home/caoduanhua/score_function/GNN/GNN_graphformer_pyg/utils.py:372: UserWarning: Using a target size (torch.Size([9, 1])) that is different to the input size (torch.Size([9, 128])). This will likely lead to incorrect results due to broadcasting. Please ensure they have the same size.
  (model.reg_value*sample.Y.long().reshape(-1,1).to(pred.device), sample.value.reshape(-1,1).to(pred.device))
/home/caoduanhua/score_function/GNN/GNN_graphformer_pyg/utils.py:372: UserWarning: Using a target size (torch.Size([12, 1])) that is different to the input size (torch.Size([12, 128])). This will likely lead to incorrect results due to broadcasting. Please ensure they have the same size.
  (model.reg_value*sample.Y.long().reshape(-1,1).to(pred.device), sample.value.reshape(-1,1).to(pred.device))
/home/caoduanhua/score_function/GNN/GNN_graphformer_pyg/utils.py:372: UserWarning: Using a target size (torch.Size([9, 1])) that is different to the input size (torch.Size([9, 128])). This will likely lead to incorrect results due to broadcasting. Please ensure they have the same size.
  (model.reg_value*sample.Y.long().reshape(-1,1).to(pred.device), sample.value.reshape(-1,1).to(pred.device))
/home/caoduanhua/score_function/GNN/GNN_graphformer_pyg/utils.py:372: UserWarning: Using a target size (torch.Size([12, 1])) that is different to the input size (torch.Size([12, 128])). This will likely lead to incorrect results due to broadcasting. Please ensure they have the same size.
  (model.reg_value*sample.Y.long().reshape(-1,1).to(pred.device), sample.value.reshape(-1,1).to(pred.device))
/home/caoduanhua/score_function/GNN/GNN_graphformer_pyg/utils.py:372: UserWarning: Using a target size (torch.Size([9, 1])) that is different to the input size (torch.Size([9, 128])). This will likely lead to incorrect results due to broadcasting. Please ensure they have the same size.
  (model.reg_value*sample.Y.long().reshape(-1,1).to(pred.device), sample.value.reshape(-1,1).to(pred.device))
/home/caoduanhua/score_function/GNN/GNN_graphformer_pyg/utils.py:372: UserWarning: Using a target size (torch.Size([12, 1])) that is different to the input size (torch.Size([12, 128])). This will likely lead to incorrect results due to broadcasting. Please ensure they have the same size.
  (model.reg_value*sample.Y.long().reshape(-1,1).to(pred.device), sample.value.reshape(-1,1).to(pred.device))
/home/caoduanhua/score_function/GNN/GNN_graphformer_pyg/utils.py:372: UserWarning: Using a target size (torch.Size([9, 1])) that is different to the input size (torch.Size([9, 128])). This will likely lead to incorrect results due to broadcasting. Please ensure they have the same size.
  (model.reg_value*sample.Y.long().reshape(-1,1).to(pred.device), sample.value.reshape(-1,1).to(pred.device))
/home/caoduanhua/score_function/GNN/GNN_graphformer_pyg/utils.py:372: UserWarning: Using a target size (torch.Size([12, 1])) that is different to the input size (torch.Size([12, 128])). This will likely lead to incorrect results due to broadcasting. Please ensure they have the same size.
  (model.reg_value*sample.Y.long().reshape(-1,1).to(pred.device), sample.value.reshape(-1,1).to(pred.device))
/home/caoduanhua/score_function/GNN/GNN_graphformer_pyg/utils.py:372: UserWarning: Using a target size (torch.Size([9, 1])) that is different to the input size (torch.Size([9, 128])). This will likely lead to incorrect results due to broadcasting. Please ensure they have the same size.
  (model.reg_value*sample.Y.long().reshape(-1,1).to(pred.device), sample.value.reshape(-1,1).to(pred.device))
/home/caoduanhua/score_function/GNN/GNN_graphformer_pyg/utils.py:372: UserWarning: Using a target size (torch.Size([12, 1])) that is different to the input size (torch.Size([12, 128])). This will likely lead to incorrect results due to broadcasting. Please ensure they have the same size.
  (model.reg_value*sample.Y.long().reshape(-1,1).to(pred.device), sample.value.reshape(-1,1).to(pred.device))
/home/caoduanhua/score_function/GNN/GNN_graphformer_pyg/utils.py:372: UserWarning: Using a target size (torch.Size([9, 1])) that is different to the input size (torch.Size([9, 128])). This will likely lead to incorrect results due to broadcasting. Please ensure they have the same size.
  (model.reg_value*sample.Y.long().reshape(-1,1).to(pred.device), sample.value.reshape(-1,1).to(pred.device))
/home/caoduanhua/score_function/GNN/GNN_graphformer_pyg/utils.py:372: UserWarning: Using a target size (torch.Size([12, 1])) that is different to the input size (torch.Size([12, 128])). This will likely lead to incorrect results due to broadcasting. Please ensure they have the same size.
  (model.reg_value*sample.Y.long().reshape(-1,1).to(pred.device), sample.value.reshape(-1,1).to(pred.device))
/home/caoduanhua/score_function/GNN/GNN_graphformer_pyg/utils.py:372: UserWarning: Using a target size (torch.Size([9, 1])) that is different to the input size (torch.Size([9, 128])). This will likely lead to incorrect results due to broadcasting. Please ensure they have the same size.
  (model.reg_value*sample.Y.long().reshape(-1,1).to(pred.device), sample.value.reshape(-1,1).to(pred.device))
/home/caoduanhua/score_function/GNN/GNN_graphformer_pyg/utils.py:372: UserWarning: Using a target size (torch.Size([12, 1])) that is different to the input size (torch.Size([12, 128])). This will likely lead to incorrect results due to broadcasting. Please ensure they have the same size.
  (model.reg_value*sample.Y.long().reshape(-1,1).to(pred.device), sample.value.reshape(-1,1).to(pred.device))
/home/caoduanhua/score_function/GNN/GNN_graphformer_pyg/utils.py:372: UserWarning: Using a target size (torch.Size([9, 1])) that is different to the input size (torch.Size([9, 128])). This will likely lead to incorrect results due to broadcasting. Please ensure they have the same size.
  (model.reg_value*sample.Y.long().reshape(-1,1).to(pred.device), sample.value.reshape(-1,1).to(pred.device))
/home/caoduanhua/score_function/GNN/GNN_graphformer_pyg/utils.py:372: UserWarning: Using a target size (torch.Size([12, 1])) that is different to the input size (torch.Size([12, 128])). This will likely lead to incorrect results due to broadcasting. Please ensure they have the same size.
  (model.reg_value*sample.Y.long().reshape(-1,1).to(pred.device), sample.value.reshape(-1,1).to(pred.device))
/home/caoduanhua/score_function/GNN/GNN_graphformer_pyg/utils.py:372: UserWarning: Using a target size (torch.Size([9, 1])) that is different to the input size (torch.Size([9, 128])). This will likely lead to incorrect results due to broadcasting. Please ensure they have the same size.
  (model.reg_value*sample.Y.long().reshape(-1,1).to(pred.device), sample.value.reshape(-1,1).to(pred.device))
/home/caoduanhua/score_function/GNN/GNN_graphformer_pyg/utils.py:372: UserWarning: Using a target size (torch.Size([12, 1])) that is different to the input size (torch.Size([12, 128])). This will likely lead to incorrect results due to broadcasting. Please ensure they have the same size.
  (model.reg_value*sample.Y.long().reshape(-1,1).to(pred.device), sample.value.reshape(-1,1).to(pred.device))
/home/caoduanhua/score_function/GNN/GNN_graphformer_pyg/utils.py:372: UserWarning: Using a target size (torch.Size([9, 1])) that is different to the input size (torch.Size([9, 128])). This will likely lead to incorrect results due to broadcasting. Please ensure they have the same size.
  (model.reg_value*sample.Y.long().reshape(-1,1).to(pred.device), sample.value.reshape(-1,1).to(pred.device))
/home/caoduanhua/score_function/GNN/GNN_graphformer_pyg/utils.py:372: UserWarning: Using a target size (torch.Size([12, 1])) that is different to the input size (torch.Size([12, 128])). This will likely lead to incorrect results due to broadcasting. Please ensure they have the same size.
  (model.reg_value*sample.Y.long().reshape(-1,1).to(pred.device), sample.value.reshape(-1,1).to(pred.device))
/home/caoduanhua/score_function/GNN/GNN_graphformer_pyg/utils.py:372: UserWarning: Using a target size (torch.Size([9, 1])) that is different to the input size (torch.Size([9, 128])). This will likely lead to incorrect results due to broadcasting. Please ensure they have the same size.
  (model.reg_value*sample.Y.long().reshape(-1,1).to(pred.device), sample.value.reshape(-1,1).to(pred.device))
/home/caoduanhua/score_function/GNN/GNN_graphformer_pyg/utils.py:372: UserWarning: Using a target size (torch.Size([12, 1])) that is different to the input size (torch.Size([12, 128])). This will likely lead to incorrect results due to broadcasting. Please ensure they have the same size.
  (model.reg_value*sample.Y.long().reshape(-1,1).to(pred.device), sample.value.reshape(-1,1).to(pred.device))
/home/caoduanhua/score_function/GNN/GNN_graphformer_pyg/utils.py:372: UserWarning: Using a target size (torch.Size([9, 1])) that is different to the input size (torch.Size([9, 128])). This will likely lead to incorrect results due to broadcasting. Please ensure they have the same size.
  (model.reg_value*sample.Y.long().reshape(-1,1).to(pred.device), sample.value.reshape(-1,1).to(pred.device))
/home/caoduanhua/score_function/GNN/GNN_graphformer_pyg/utils.py:372: UserWarning: Using a target size (torch.Size([12, 1])) that is different to the input size (torch.Size([12, 128])). This will likely lead to incorrect results due to broadcasting. Please ensure they have the same size.
  (model.reg_value*sample.Y.long().reshape(-1,1).to(pred.device), sample.value.reshape(-1,1).to(pred.device))
/home/caoduanhua/score_function/GNN/GNN_graphformer_pyg/utils.py:372: UserWarning: Using a target size (torch.Size([9, 1])) that is different to the input size (torch.Size([9, 128])). This will likely lead to incorrect results due to broadcasting. Please ensure they have the same size.
  (model.reg_value*sample.Y.long().reshape(-1,1).to(pred.device), sample.value.reshape(-1,1).to(pred.device))
/home/caoduanhua/score_function/GNN/GNN_graphformer_pyg/utils.py:372: UserWarning: Using a target size (torch.Size([12, 1])) that is different to the input size (torch.Size([12, 128])). This will likely lead to incorrect results due to broadcasting. Please ensure they have the same size.
  (model.reg_value*sample.Y.long().reshape(-1,1).to(pred.device), sample.value.reshape(-1,1).to(pred.device))
/home/caoduanhua/score_function/GNN/GNN_graphformer_pyg/utils.py:372: UserWarning: Using a target size (torch.Size([9, 1])) that is different to the input size (torch.Size([9, 128])). This will likely lead to incorrect results due to broadcasting. Please ensure they have the same size.
  (model.reg_value*sample.Y.long().reshape(-1,1).to(pred.device), sample.value.reshape(-1,1).to(pred.device))
/home/caoduanhua/score_function/GNN/GNN_graphformer_pyg/utils.py:372: UserWarning: Using a target size (torch.Size([12, 1])) that is different to the input size (torch.Size([12, 128])). This will likely lead to incorrect results due to broadcasting. Please ensure they have the same size.
  (model.reg_value*sample.Y.long().reshape(-1,1).to(pred.device), sample.value.reshape(-1,1).to(pred.device))
/home/caoduanhua/score_function/GNN/GNN_graphformer_pyg/utils.py:372: UserWarning: Using a target size (torch.Size([9, 1])) that is different to the input size (torch.Size([9, 128])). This will likely lead to incorrect results due to broadcasting. Please ensure they have the same size.
  (model.reg_value*sample.Y.long().reshape(-1,1).to(pred.device), sample.value.reshape(-1,1).to(pred.device))
/home/caoduanhua/score_function/GNN/GNN_graphformer_pyg/utils.py:372: UserWarning: Using a target size (torch.Size([12, 1])) that is different to the input size (torch.Size([12, 128])). This will likely lead to incorrect results due to broadcasting. Please ensure they have the same size.
  (model.reg_value*sample.Y.long().reshape(-1,1).to(pred.device), sample.value.reshape(-1,1).to(pred.device))
/home/caoduanhua/score_function/GNN/GNN_graphformer_pyg/utils.py:372: UserWarning: Using a target size (torch.Size([9, 1])) that is different to the input size (torch.Size([9, 128])). This will likely lead to incorrect results due to broadcasting. Please ensure they have the same size.
  (model.reg_value*sample.Y.long().reshape(-1,1).to(pred.device), sample.value.reshape(-1,1).to(pred.device))
/home/caoduanhua/score_function/GNN/GNN_graphformer_pyg/utils.py:372: UserWarning: Using a target size (torch.Size([12, 1])) that is different to the input size (torch.Size([12, 128])). This will likely lead to incorrect results due to broadcasting. Please ensure they have the same size.
  (model.reg_value*sample.Y.long().reshape(-1,1).to(pred.device), sample.value.reshape(-1,1).to(pred.device))
/home/caoduanhua/score_function/GNN/GNN_graphformer_pyg/utils.py:372: UserWarning: Using a target size (torch.Size([9, 1])) that is different to the input size (torch.Size([9, 128])). This will likely lead to incorrect results due to broadcasting. Please ensure they have the same size.
  (model.reg_value*sample.Y.long().reshape(-1,1).to(pred.device), sample.value.reshape(-1,1).to(pred.device))
/home/caoduanhua/score_function/GNN/GNN_graphformer_pyg/utils.py:372: UserWarning: Using a target size (torch.Size([12, 1])) that is different to the input size (torch.Size([12, 128])). This will likely lead to incorrect results due to broadcasting. Please ensure they have the same size.
  (model.reg_value*sample.Y.long().reshape(-1,1).to(pred.device), sample.value.reshape(-1,1).to(pred.device))
/home/caoduanhua/score_function/GNN/GNN_graphformer_pyg/utils.py:372: UserWarning: Using a target size (torch.Size([9, 1])) that is different to the input size (torch.Size([9, 128])). This will likely lead to incorrect results due to broadcasting. Please ensure they have the same size.
  (model.reg_value*sample.Y.long().reshape(-1,1).to(pred.device), sample.value.reshape(-1,1).to(pred.device))
/home/caoduanhua/score_function/GNN/GNN_graphformer_pyg/utils.py:372: UserWarning: Using a target size (torch.Size([12, 1])) that is different to the input size (torch.Size([12, 128])). This will likely lead to incorrect results due to broadcasting. Please ensure they have the same size.
  (model.reg_value*sample.Y.long().reshape(-1,1).to(pred.device), sample.value.reshape(-1,1).to(pred.device))
/home/caoduanhua/score_function/GNN/GNN_graphformer_pyg/utils.py:372: UserWarning: Using a target size (torch.Size([9, 1])) that is different to the input size (torch.Size([9, 128])). This will likely lead to incorrect results due to broadcasting. Please ensure they have the same size.
  (model.reg_value*sample.Y.long().reshape(-1,1).to(pred.device), sample.value.reshape(-1,1).to(pred.device))
/home/caoduanhua/score_function/GNN/GNN_graphformer_pyg/utils.py:372: UserWarning: Using a target size (torch.Size([12, 1])) that is different to the input size (torch.Size([12, 128])). This will likely lead to incorrect results due to broadcasting. Please ensure they have the same size.
  (model.reg_value*sample.Y.long().reshape(-1,1).to(pred.device), sample.value.reshape(-1,1).to(pred.device))
/home/caoduanhua/score_function/GNN/GNN_graphformer_pyg/utils.py:372: UserWarning: Using a target size (torch.Size([9, 1])) that is different to the input size (torch.Size([9, 128])). This will likely lead to incorrect results due to broadcasting. Please ensure they have the same size.
  (model.reg_value*sample.Y.long().reshape(-1,1).to(pred.device), sample.value.reshape(-1,1).to(pred.device))
/home/caoduanhua/score_function/GNN/GNN_graphformer_pyg/utils.py:372: UserWarning: Using a target size (torch.Size([12, 1])) that is different to the input size (torch.Size([12, 128])). This will likely lead to incorrect results due to broadcasting. Please ensure they have the same size.
  (model.reg_value*sample.Y.long().reshape(-1,1).to(pred.device), sample.value.reshape(-1,1).to(pred.device))
/home/caoduanhua/score_function/GNN/GNN_graphformer_pyg/utils.py:372: UserWarning: Using a target size (torch.Size([9, 1])) that is different to the input size (torch.Size([9, 128])). This will likely lead to incorrect results due to broadcasting. Please ensure they have the same size.
  (model.reg_value*sample.Y.long().reshape(-1,1).to(pred.device), sample.value.reshape(-1,1).to(pred.device))
/home/caoduanhua/score_function/GNN/GNN_graphformer_pyg/utils.py:372: UserWarning: Using a target size (torch.Size([12, 1])) that is different to the input size (torch.Size([12, 128])). This will likely lead to incorrect results due to broadcasting. Please ensure they have the same size.
  (model.reg_value*sample.Y.long().reshape(-1,1).to(pred.device), sample.value.reshape(-1,1).to(pred.device))
/home/caoduanhua/score_function/GNN/GNN_graphformer_pyg/utils.py:372: UserWarning: Using a target size (torch.Size([9, 1])) that is different to the input size (torch.Size([9, 128])). This will likely lead to incorrect results due to broadcasting. Please ensure they have the same size.
  (model.reg_value*sample.Y.long().reshape(-1,1).to(pred.device), sample.value.reshape(-1,1).to(pred.device))
/home/caoduanhua/score_function/GNN/GNN_graphformer_pyg/utils.py:372: UserWarning: Using a target size (torch.Size([12, 1])) that is different to the input size (torch.Size([12, 128])). This will likely lead to incorrect results due to broadcasting. Please ensure they have the same size.
  (model.reg_value*sample.Y.long().reshape(-1,1).to(pred.device), sample.value.reshape(-1,1).to(pred.device))
/home/caoduanhua/score_function/GNN/GNN_graphformer_pyg/utils.py:372: UserWarning: Using a target size (torch.Size([9, 1])) that is different to the input size (torch.Size([9, 128])). This will likely lead to incorrect results due to broadcasting. Please ensure they have the same size.
  (model.reg_value*sample.Y.long().reshape(-1,1).to(pred.device), sample.value.reshape(-1,1).to(pred.device))
/home/caoduanhua/score_function/GNN/GNN_graphformer_pyg/utils.py:372: UserWarning: Using a target size (torch.Size([12, 1])) that is different to the input size (torch.Size([12, 128])). This will likely lead to incorrect results due to broadcasting. Please ensure they have the same size.
  (model.reg_value*sample.Y.long().reshape(-1,1).to(pred.device), sample.value.reshape(-1,1).to(pred.device))
/home/caoduanhua/score_function/GNN/GNN_graphformer_pyg/utils.py:372: UserWarning: Using a target size (torch.Size([9, 1])) that is different to the input size (torch.Size([9, 128])). This will likely lead to incorrect results due to broadcasting. Please ensure they have the same size.
  (model.reg_value*sample.Y.long().reshape(-1,1).to(pred.device), sample.value.reshape(-1,1).to(pred.device))
/home/caoduanhua/score_function/GNN/GNN_graphformer_pyg/utils.py:372: UserWarning: Using a target size (torch.Size([12, 1])) that is different to the input size (torch.Size([12, 128])). This will likely lead to incorrect results due to broadcasting. Please ensure they have the same size.
  (model.reg_value*sample.Y.long().reshape(-1,1).to(pred.device), sample.value.reshape(-1,1).to(pred.device))
/home/caoduanhua/score_function/GNN/GNN_graphformer_pyg/utils.py:372: UserWarning: Using a target size (torch.Size([9, 1])) that is different to the input size (torch.Size([9, 128])). This will likely lead to incorrect results due to broadcasting. Please ensure they have the same size.
  (model.reg_value*sample.Y.long().reshape(-1,1).to(pred.device), sample.value.reshape(-1,1).to(pred.device))
/home/caoduanhua/score_function/GNN/GNN_graphformer_pyg/utils.py:372: UserWarning: Using a target size (torch.Size([12, 1])) that is different to the input size (torch.Size([12, 128])). This will likely lead to incorrect results due to broadcasting. Please ensure they have the same size.
  (model.reg_value*sample.Y.long().reshape(-1,1).to(pred.device), sample.value.reshape(-1,1).to(pred.device))
/home/caoduanhua/score_function/GNN/GNN_graphformer_pyg/utils.py:372: UserWarning: Using a target size (torch.Size([9, 1])) that is different to the input size (torch.Size([9, 128])). This will likely lead to incorrect results due to broadcasting. Please ensure they have the same size.
  (model.reg_value*sample.Y.long().reshape(-1,1).to(pred.device), sample.value.reshape(-1,1).to(pred.device))
/home/caoduanhua/score_function/GNN/GNN_graphformer_pyg/utils.py:372: UserWarning: Using a target size (torch.Size([12, 1])) that is different to the input size (torch.Size([12, 128])). This will likely lead to incorrect results due to broadcasting. Please ensure they have the same size.
  (model.reg_value*sample.Y.long().reshape(-1,1).to(pred.device), sample.value.reshape(-1,1).to(pred.device))
/home/caoduanhua/score_function/GNN/GNN_graphformer_pyg/utils.py:372: UserWarning: Using a target size (torch.Size([9, 1])) that is different to the input size (torch.Size([9, 128])). This will likely lead to incorrect results due to broadcasting. Please ensure they have the same size.
  (model.reg_value*sample.Y.long().reshape(-1,1).to(pred.device), sample.value.reshape(-1,1).to(pred.device))
/home/caoduanhua/score_function/GNN/GNN_graphformer_pyg/utils.py:372: UserWarning: Using a target size (torch.Size([12, 1])) that is different to the input size (torch.Size([12, 128])). This will likely lead to incorrect results due to broadcasting. Please ensure they have the same size.
  (model.reg_value*sample.Y.long().reshape(-1,1).to(pred.device), sample.value.reshape(-1,1).to(pred.device))
/home/caoduanhua/score_function/GNN/GNN_graphformer_pyg/utils.py:372: UserWarning: Using a target size (torch.Size([9, 1])) that is different to the input size (torch.Size([9, 128])). This will likely lead to incorrect results due to broadcasting. Please ensure they have the same size.
  (model.reg_value*sample.Y.long().reshape(-1,1).to(pred.device), sample.value.reshape(-1,1).to(pred.device))
/home/caoduanhua/score_function/GNN/GNN_graphformer_pyg/utils.py:372: UserWarning: Using a target size (torch.Size([12, 1])) that is different to the input size (torch.Size([12, 128])). This will likely lead to incorrect results due to broadcasting. Please ensure they have the same size.
  (model.reg_value*sample.Y.long().reshape(-1,1).to(pred.device), sample.value.reshape(-1,1).to(pred.device))
/home/caoduanhua/score_function/GNN/GNN_graphformer_pyg/utils.py:372: UserWarning: Using a target size (torch.Size([9, 1])) that is different to the input size (torch.Size([9, 128])). This will likely lead to incorrect results due to broadcasting. Please ensure they have the same size.
  (model.reg_value*sample.Y.long().reshape(-1,1).to(pred.device), sample.value.reshape(-1,1).to(pred.device))
/home/caoduanhua/score_function/GNN/GNN_graphformer_pyg/utils.py:372: UserWarning: Using a target size (torch.Size([12, 1])) that is different to the input size (torch.Size([12, 128])). This will likely lead to incorrect results due to broadcasting. Please ensure they have the same size.
  (model.reg_value*sample.Y.long().reshape(-1,1).to(pred.device), sample.value.reshape(-1,1).to(pred.device))
/home/caoduanhua/score_function/GNN/GNN_graphformer_pyg/utils.py:372: UserWarning: Using a target size (torch.Size([9, 1])) that is different to the input size (torch.Size([9, 128])). This will likely lead to incorrect results due to broadcasting. Please ensure they have the same size.
  (model.reg_value*sample.Y.long().reshape(-1,1).to(pred.device), sample.value.reshape(-1,1).to(pred.device))
/home/caoduanhua/score_function/GNN/GNN_graphformer_pyg/utils.py:372: UserWarning: Using a target size (torch.Size([12, 1])) that is different to the input size (torch.Size([12, 128])). This will likely lead to incorrect results due to broadcasting. Please ensure they have the same size.
  (model.reg_value*sample.Y.long().reshape(-1,1).to(pred.device), sample.value.reshape(-1,1).to(pred.device))
/home/caoduanhua/score_function/GNN/GNN_graphformer_pyg/utils.py:372: UserWarning: Using a target size (torch.Size([9, 1])) that is different to the input size (torch.Size([9, 128])). This will likely lead to incorrect results due to broadcasting. Please ensure they have the same size.
  (model.reg_value*sample.Y.long().reshape(-1,1).to(pred.device), sample.value.reshape(-1,1).to(pred.device))
/home/caoduanhua/score_function/GNN/GNN_graphformer_pyg/utils.py:372: UserWarning: Using a target size (torch.Size([12, 1])) that is different to the input size (torch.Size([12, 128])). This will likely lead to incorrect results due to broadcasting. Please ensure they have the same size.
  (model.reg_value*sample.Y.long().reshape(-1,1).to(pred.device), sample.value.reshape(-1,1).to(pred.device))
/home/caoduanhua/score_function/GNN/GNN_graphformer_pyg/utils.py:372: UserWarning: Using a target size (torch.Size([9, 1])) that is different to the input size (torch.Size([9, 128])). This will likely lead to incorrect results due to broadcasting. Please ensure they have the same size.
  (model.reg_value*sample.Y.long().reshape(-1,1).to(pred.device), sample.value.reshape(-1,1).to(pred.device))
/home/caoduanhua/score_function/GNN/GNN_graphformer_pyg/utils.py:372: UserWarning: Using a target size (torch.Size([12, 1])) that is different to the input size (torch.Size([12, 128])). This will likely lead to incorrect results due to broadcasting. Please ensure they have the same size.
  (model.reg_value*sample.Y.long().reshape(-1,1).to(pred.device), sample.value.reshape(-1,1).to(pred.device))
/home/caoduanhua/score_function/GNN/GNN_graphformer_pyg/utils.py:372: UserWarning: Using a target size (torch.Size([9, 1])) that is different to the input size (torch.Size([9, 128])). This will likely lead to incorrect results due to broadcasting. Please ensure they have the same size.
  (model.reg_value*sample.Y.long().reshape(-1,1).to(pred.device), sample.value.reshape(-1,1).to(pred.device))
/home/caoduanhua/score_function/GNN/GNN_graphformer_pyg/utils.py:372: UserWarning: Using a target size (torch.Size([12, 1])) that is different to the input size (torch.Size([12, 128])). This will likely lead to incorrect results due to broadcasting. Please ensure they have the same size.
  (model.reg_value*sample.Y.long().reshape(-1,1).to(pred.device), sample.value.reshape(-1,1).to(pred.device))
/home/caoduanhua/score_function/GNN/GNN_graphformer_pyg/utils.py:372: UserWarning: Using a target size (torch.Size([9, 1])) that is different to the input size (torch.Size([9, 128])). This will likely lead to incorrect results due to broadcasting. Please ensure they have the same size.
  (model.reg_value*sample.Y.long().reshape(-1,1).to(pred.device), sample.value.reshape(-1,1).to(pred.device))
/home/caoduanhua/score_function/GNN/GNN_graphformer_pyg/utils.py:372: UserWarning: Using a target size (torch.Size([12, 1])) that is different to the input size (torch.Size([12, 128])). This will likely lead to incorrect results due to broadcasting. Please ensure they have the same size.
  (model.reg_value*sample.Y.long().reshape(-1,1).to(pred.device), sample.value.reshape(-1,1).to(pred.device))
/home/caoduanhua/score_function/GNN/GNN_graphformer_pyg/utils.py:372: UserWarning: Using a target size (torch.Size([9, 1])) that is different to the input size (torch.Size([9, 128])). This will likely lead to incorrect results due to broadcasting. Please ensure they have the same size.
  (model.reg_value*sample.Y.long().reshape(-1,1).to(pred.device), sample.value.reshape(-1,1).to(pred.device))
/home/caoduanhua/score_function/GNN/GNN_graphformer_pyg/utils.py:372: UserWarning: Using a target size (torch.Size([12, 1])) that is different to the input size (torch.Size([12, 128])). This will likely lead to incorrect results due to broadcasting. Please ensure they have the same size.
  (model.reg_value*sample.Y.long().reshape(-1,1).to(pred.device), sample.value.reshape(-1,1).to(pred.device))
/home/caoduanhua/score_function/GNN/GNN_graphformer_pyg/utils.py:372: UserWarning: Using a target size (torch.Size([9, 1])) that is different to the input size (torch.Size([9, 128])). This will likely lead to incorrect results due to broadcasting. Please ensure they have the same size.
  (model.reg_value*sample.Y.long().reshape(-1,1).to(pred.device), sample.value.reshape(-1,1).to(pred.device))
/home/caoduanhua/score_function/GNN/GNN_graphformer_pyg/utils.py:372: UserWarning: Using a target size (torch.Size([12, 1])) that is different to the input size (torch.Size([12, 128])). This will likely lead to incorrect results due to broadcasting. Please ensure they have the same size.
  (model.reg_value*sample.Y.long().reshape(-1,1).to(pred.device), sample.value.reshape(-1,1).to(pred.device))
/home/caoduanhua/score_function/GNN/GNN_graphformer_pyg/utils.py:372: UserWarning: Using a target size (torch.Size([9, 1])) that is different to the input size (torch.Size([9, 128])). This will likely lead to incorrect results due to broadcasting. Please ensure they have the same size.
  (model.reg_value*sample.Y.long().reshape(-1,1).to(pred.device), sample.value.reshape(-1,1).to(pred.device))
/home/caoduanhua/score_function/GNN/GNN_graphformer_pyg/utils.py:372: UserWarning: Using a target size (torch.Size([12, 1])) that is different to the input size (torch.Size([12, 128])). This will likely lead to incorrect results due to broadcasting. Please ensure they have the same size.
  (model.reg_value*sample.Y.long().reshape(-1,1).to(pred.device), sample.value.reshape(-1,1).to(pred.device))
/home/caoduanhua/score_function/GNN/GNN_graphformer_pyg/utils.py:372: UserWarning: Using a target size (torch.Size([9, 1])) that is different to the input size (torch.Size([9, 128])). This will likely lead to incorrect results due to broadcasting. Please ensure they have the same size.
  (model.reg_value*sample.Y.long().reshape(-1,1).to(pred.device), sample.value.reshape(-1,1).to(pred.device))
/home/caoduanhua/score_function/GNN/GNN_graphformer_pyg/utils.py:372: UserWarning: Using a target size (torch.Size([12, 1])) that is different to the input size (torch.Size([12, 128])). This will likely lead to incorrect results due to broadcasting. Please ensure they have the same size.
  (model.reg_value*sample.Y.long().reshape(-1,1).to(pred.device), sample.value.reshape(-1,1).to(pred.device))
/home/caoduanhua/score_function/GNN/GNN_graphformer_pyg/utils.py:372: UserWarning: Using a target size (torch.Size([9, 1])) that is different to the input size (torch.Size([9, 128])). This will likely lead to incorrect results due to broadcasting. Please ensure they have the same size.
  (model.reg_value*sample.Y.long().reshape(-1,1).to(pred.device), sample.value.reshape(-1,1).to(pred.device))
/home/caoduanhua/score_function/GNN/GNN_graphformer_pyg/utils.py:372: UserWarning: Using a target size (torch.Size([12, 1])) that is different to the input size (torch.Size([12, 128])). This will likely lead to incorrect results due to broadcasting. Please ensure they have the same size.
  (model.reg_value*sample.Y.long().reshape(-1,1).to(pred.device), sample.value.reshape(-1,1).to(pred.device))
/home/caoduanhua/score_function/GNN/GNN_graphformer_pyg/utils.py:372: UserWarning: Using a target size (torch.Size([9, 1])) that is different to the input size (torch.Size([9, 128])). This will likely lead to incorrect results due to broadcasting. Please ensure they have the same size.
  (model.reg_value*sample.Y.long().reshape(-1,1).to(pred.device), sample.value.reshape(-1,1).to(pred.device))
/home/caoduanhua/score_function/GNN/GNN_graphformer_pyg/utils.py:372: UserWarning: Using a target size (torch.Size([12, 1])) that is different to the input size (torch.Size([12, 128])). This will likely lead to incorrect results due to broadcasting. Please ensure they have the same size.
  (model.reg_value*sample.Y.long().reshape(-1,1).to(pred.device), sample.value.reshape(-1,1).to(pred.device))
/home/caoduanhua/score_function/GNN/GNN_graphformer_pyg/utils.py:372: UserWarning: Using a target size (torch.Size([9, 1])) that is different to the input size (torch.Size([9, 128])). This will likely lead to incorrect results due to broadcasting. Please ensure they have the same size.
  (model.reg_value*sample.Y.long().reshape(-1,1).to(pred.device), sample.value.reshape(-1,1).to(pred.device))
/home/caoduanhua/score_function/GNN/GNN_graphformer_pyg/utils.py:372: UserWarning: Using a target size (torch.Size([12, 1])) that is different to the input size (torch.Size([12, 128])). This will likely lead to incorrect results due to broadcasting. Please ensure they have the same size.
  (model.reg_value*sample.Y.long().reshape(-1,1).to(pred.device), sample.value.reshape(-1,1).to(pred.device))
/home/caoduanhua/score_function/GNN/GNN_graphformer_pyg/utils.py:372: UserWarning: Using a target size (torch.Size([9, 1])) that is different to the input size (torch.Size([9, 128])). This will likely lead to incorrect results due to broadcasting. Please ensure they have the same size.
  (model.reg_value*sample.Y.long().reshape(-1,1).to(pred.device), sample.value.reshape(-1,1).to(pred.device))
/home/caoduanhua/score_function/GNN/GNN_graphformer_pyg/utils.py:372: UserWarning: Using a target size (torch.Size([12, 1])) that is different to the input size (torch.Size([12, 128])). This will likely lead to incorrect results due to broadcasting. Please ensure they have the same size.
  (model.reg_value*sample.Y.long().reshape(-1,1).to(pred.device), sample.value.reshape(-1,1).to(pred.device))
/home/caoduanhua/score_function/GNN/GNN_graphformer_pyg/utils.py:372: UserWarning: Using a target size (torch.Size([9, 1])) that is different to the input size (torch.Size([9, 128])). This will likely lead to incorrect results due to broadcasting. Please ensure they have the same size.
  (model.reg_value*sample.Y.long().reshape(-1,1).to(pred.device), sample.value.reshape(-1,1).to(pred.device))
/home/caoduanhua/score_function/GNN/GNN_graphformer_pyg/utils.py:372: UserWarning: Using a target size (torch.Size([12, 1])) that is different to the input size (torch.Size([12, 128])). This will likely lead to incorrect results due to broadcasting. Please ensure they have the same size.
  (model.reg_value*sample.Y.long().reshape(-1,1).to(pred.device), sample.value.reshape(-1,1).to(pred.device))
/home/caoduanhua/score_function/GNN/GNN_graphformer_pyg/utils.py:372: UserWarning: Using a target size (torch.Size([9, 1])) that is different to the input size (torch.Size([9, 128])). This will likely lead to incorrect results due to broadcasting. Please ensure they have the same size.
  (model.reg_value*sample.Y.long().reshape(-1,1).to(pred.device), sample.value.reshape(-1,1).to(pred.device))
/home/caoduanhua/score_function/GNN/GNN_graphformer_pyg/utils.py:372: UserWarning: Using a target size (torch.Size([12, 1])) that is different to the input size (torch.Size([12, 128])). This will likely lead to incorrect results due to broadcasting. Please ensure they have the same size.
  (model.reg_value*sample.Y.long().reshape(-1,1).to(pred.device), sample.value.reshape(-1,1).to(pred.device))
/home/caoduanhua/score_function/GNN/GNN_graphformer_pyg/utils.py:372: UserWarning: Using a target size (torch.Size([9, 1])) that is different to the input size (torch.Size([9, 128])). This will likely lead to incorrect results due to broadcasting. Please ensure they have the same size.
  (model.reg_value*sample.Y.long().reshape(-1,1).to(pred.device), sample.value.reshape(-1,1).to(pred.device))
/home/caoduanhua/score_function/GNN/GNN_graphformer_pyg/utils.py:372: UserWarning: Using a target size (torch.Size([12, 1])) that is different to the input size (torch.Size([12, 128])). This will likely lead to incorrect results due to broadcasting. Please ensure they have the same size.
  (model.reg_value*sample.Y.long().reshape(-1,1).to(pred.device), sample.value.reshape(-1,1).to(pred.device))
/home/caoduanhua/score_function/GNN/GNN_graphformer_pyg/utils.py:372: UserWarning: Using a target size (torch.Size([9, 1])) that is different to the input size (torch.Size([9, 128])). This will likely lead to incorrect results due to broadcasting. Please ensure they have the same size.
  (model.reg_value*sample.Y.long().reshape(-1,1).to(pred.device), sample.value.reshape(-1,1).to(pred.device))
/home/caoduanhua/score_function/GNN/GNN_graphformer_pyg/utils.py:372: UserWarning: Using a target size (torch.Size([12, 1])) that is different to the input size (torch.Size([12, 128])). This will likely lead to incorrect results due to broadcasting. Please ensure they have the same size.
  (model.reg_value*sample.Y.long().reshape(-1,1).to(pred.device), sample.value.reshape(-1,1).to(pred.device))
/home/caoduanhua/score_function/GNN/GNN_graphformer_pyg/utils.py:372: UserWarning: Using a target size (torch.Size([9, 1])) that is different to the input size (torch.Size([9, 128])). This will likely lead to incorrect results due to broadcasting. Please ensure they have the same size.
  (model.reg_value*sample.Y.long().reshape(-1,1).to(pred.device), sample.value.reshape(-1,1).to(pred.device))
/home/caoduanhua/score_function/GNN/GNN_graphformer_pyg/utils.py:372: UserWarning: Using a target size (torch.Size([12, 1])) that is different to the input size (torch.Size([12, 128])). This will likely lead to incorrect results due to broadcasting. Please ensure they have the same size.
  (model.reg_value*sample.Y.long().reshape(-1,1).to(pred.device), sample.value.reshape(-1,1).to(pred.device))
/home/caoduanhua/score_function/GNN/GNN_graphformer_pyg/utils.py:372: UserWarning: Using a target size (torch.Size([9, 1])) that is different to the input size (torch.Size([9, 128])). This will likely lead to incorrect results due to broadcasting. Please ensure they have the same size.
  (model.reg_value*sample.Y.long().reshape(-1,1).to(pred.device), sample.value.reshape(-1,1).to(pred.device))
/home/caoduanhua/score_function/GNN/GNN_graphformer_pyg/utils.py:372: UserWarning: Using a target size (torch.Size([12, 1])) that is different to the input size (torch.Size([12, 128])). This will likely lead to incorrect results due to broadcasting. Please ensure they have the same size.
  (model.reg_value*sample.Y.long().reshape(-1,1).to(pred.device), sample.value.reshape(-1,1).to(pred.device))
/home/caoduanhua/score_function/GNN/GNN_graphformer_pyg/utils.py:372: UserWarning: Using a target size (torch.Size([9, 1])) that is different to the input size (torch.Size([9, 128])). This will likely lead to incorrect results due to broadcasting. Please ensure they have the same size.
  (model.reg_value*sample.Y.long().reshape(-1,1).to(pred.device), sample.value.reshape(-1,1).to(pred.device))
/home/caoduanhua/score_function/GNN/GNN_graphformer_pyg/utils.py:372: UserWarning: Using a target size (torch.Size([12, 1])) that is different to the input size (torch.Size([12, 128])). This will likely lead to incorrect results due to broadcasting. Please ensure they have the same size.
  (model.reg_value*sample.Y.long().reshape(-1,1).to(pred.device), sample.value.reshape(-1,1).to(pred.device))
/home/caoduanhua/score_function/GNN/GNN_graphformer_pyg/utils.py:372: UserWarning: Using a target size (torch.Size([9, 1])) that is different to the input size (torch.Size([9, 128])). This will likely lead to incorrect results due to broadcasting. Please ensure they have the same size.
  (model.reg_value*sample.Y.long().reshape(-1,1).to(pred.device), sample.value.reshape(-1,1).to(pred.device))
/home/caoduanhua/score_function/GNN/GNN_graphformer_pyg/utils.py:372: UserWarning: Using a target size (torch.Size([12, 1])) that is different to the input size (torch.Size([12, 128])). This will likely lead to incorrect results due to broadcasting. Please ensure they have the same size.
  (model.reg_value*sample.Y.long().reshape(-1,1).to(pred.device), sample.value.reshape(-1,1).to(pred.device))
/home/caoduanhua/score_function/GNN/GNN_graphformer_pyg/utils.py:372: UserWarning: Using a target size (torch.Size([9, 1])) that is different to the input size (torch.Size([9, 128])). This will likely lead to incorrect results due to broadcasting. Please ensure they have the same size.
  (model.reg_value*sample.Y.long().reshape(-1,1).to(pred.device), sample.value.reshape(-1,1).to(pred.device))
/home/caoduanhua/score_function/GNN/GNN_graphformer_pyg/utils.py:372: UserWarning: Using a target size (torch.Size([12, 1])) that is different to the input size (torch.Size([12, 128])). This will likely lead to incorrect results due to broadcasting. Please ensure they have the same size.
  (model.reg_value*sample.Y.long().reshape(-1,1).to(pred.device), sample.value.reshape(-1,1).to(pred.device))
/home/caoduanhua/score_function/GNN/GNN_graphformer_pyg/utils.py:372: UserWarning: Using a target size (torch.Size([9, 1])) that is different to the input size (torch.Size([9, 128])). This will likely lead to incorrect results due to broadcasting. Please ensure they have the same size.
  (model.reg_value*sample.Y.long().reshape(-1,1).to(pred.device), sample.value.reshape(-1,1).to(pred.device))
/home/caoduanhua/score_function/GNN/GNN_graphformer_pyg/utils.py:372: UserWarning: Using a target size (torch.Size([12, 1])) that is different to the input size (torch.Size([12, 128])). This will likely lead to incorrect results due to broadcasting. Please ensure they have the same size.
  (model.reg_value*sample.Y.long().reshape(-1,1).to(pred.device), sample.value.reshape(-1,1).to(pred.device))
/home/caoduanhua/score_function/GNN/GNN_graphformer_pyg/utils.py:372: UserWarning: Using a target size (torch.Size([9, 1])) that is different to the input size (torch.Size([9, 128])). This will likely lead to incorrect results due to broadcasting. Please ensure they have the same size.
  (model.reg_value*sample.Y.long().reshape(-1,1).to(pred.device), sample.value.reshape(-1,1).to(pred.device))
/home/caoduanhua/score_function/GNN/GNN_graphformer_pyg/utils.py:372: UserWarning: Using a target size (torch.Size([12, 1])) that is different to the input size (torch.Size([12, 128])). This will likely lead to incorrect results due to broadcasting. Please ensure they have the same size.
  (model.reg_value*sample.Y.long().reshape(-1,1).to(pred.device), sample.value.reshape(-1,1).to(pred.device))
/home/caoduanhua/score_function/GNN/GNN_graphformer_pyg/utils.py:372: UserWarning: Using a target size (torch.Size([9, 1])) that is different to the input size (torch.Size([9, 128])). This will likely lead to incorrect results due to broadcasting. Please ensure they have the same size.
  (model.reg_value*sample.Y.long().reshape(-1,1).to(pred.device), sample.value.reshape(-1,1).to(pred.device))
/home/caoduanhua/score_function/GNN/GNN_graphformer_pyg/utils.py:372: UserWarning: Using a target size (torch.Size([12, 1])) that is different to the input size (torch.Size([12, 128])). This will likely lead to incorrect results due to broadcasting. Please ensure they have the same size.
  (model.reg_value*sample.Y.long().reshape(-1,1).to(pred.device), sample.value.reshape(-1,1).to(pred.device))
/home/caoduanhua/score_function/GNN/GNN_graphformer_pyg/utils.py:372: UserWarning: Using a target size (torch.Size([9, 1])) that is different to the input size (torch.Size([9, 128])). This will likely lead to incorrect results due to broadcasting. Please ensure they have the same size.
  (model.reg_value*sample.Y.long().reshape(-1,1).to(pred.device), sample.value.reshape(-1,1).to(pred.device))
/home/caoduanhua/score_function/GNN/GNN_graphformer_pyg/utils.py:372: UserWarning: Using a target size (torch.Size([12, 1])) that is different to the input size (torch.Size([12, 128])). This will likely lead to incorrect results due to broadcasting. Please ensure they have the same size.
  (model.reg_value*sample.Y.long().reshape(-1,1).to(pred.device), sample.value.reshape(-1,1).to(pred.device))
/home/caoduanhua/score_function/GNN/GNN_graphformer_pyg/utils.py:372: UserWarning: Using a target size (torch.Size([9, 1])) that is different to the input size (torch.Size([9, 128])). This will likely lead to incorrect results due to broadcasting. Please ensure they have the same size.
  (model.reg_value*sample.Y.long().reshape(-1,1).to(pred.device), sample.value.reshape(-1,1).to(pred.device))
/home/caoduanhua/score_function/GNN/GNN_graphformer_pyg/utils.py:372: UserWarning: Using a target size (torch.Size([12, 1])) that is different to the input size (torch.Size([12, 128])). This will likely lead to incorrect results due to broadcasting. Please ensure they have the same size.
  (model.reg_value*sample.Y.long().reshape(-1,1).to(pred.device), sample.value.reshape(-1,1).to(pred.device))
/home/caoduanhua/score_function/GNN/GNN_graphformer_pyg/utils.py:372: UserWarning: Using a target size (torch.Size([9, 1])) that is different to the input size (torch.Size([9, 128])). This will likely lead to incorrect results due to broadcasting. Please ensure they have the same size.
  (model.reg_value*sample.Y.long().reshape(-1,1).to(pred.device), sample.value.reshape(-1,1).to(pred.device))
/home/caoduanhua/score_function/GNN/GNN_graphformer_pyg/utils.py:372: UserWarning: Using a target size (torch.Size([12, 1])) that is different to the input size (torch.Size([12, 128])). This will likely lead to incorrect results due to broadcasting. Please ensure they have the same size.
  (model.reg_value*sample.Y.long().reshape(-1,1).to(pred.device), sample.value.reshape(-1,1).to(pred.device))
/home/caoduanhua/score_function/GNN/GNN_graphformer_pyg/utils.py:372: UserWarning: Using a target size (torch.Size([9, 1])) that is different to the input size (torch.Size([9, 128])). This will likely lead to incorrect results due to broadcasting. Please ensure they have the same size.
  (model.reg_value*sample.Y.long().reshape(-1,1).to(pred.device), sample.value.reshape(-1,1).to(pred.device))
/home/caoduanhua/score_function/GNN/GNN_graphformer_pyg/utils.py:372: UserWarning: Using a target size (torch.Size([12, 1])) that is different to the input size (torch.Size([12, 128])). This will likely lead to incorrect results due to broadcasting. Please ensure they have the same size.
  (model.reg_value*sample.Y.long().reshape(-1,1).to(pred.device), sample.value.reshape(-1,1).to(pred.device))
/home/caoduanhua/score_function/GNN/GNN_graphformer_pyg/utils.py:372: UserWarning: Using a target size (torch.Size([9, 1])) that is different to the input size (torch.Size([9, 128])). This will likely lead to incorrect results due to broadcasting. Please ensure they have the same size.
  (model.reg_value*sample.Y.long().reshape(-1,1).to(pred.device), sample.value.reshape(-1,1).to(pred.device))
/home/caoduanhua/score_function/GNN/GNN_graphformer_pyg/utils.py:372: UserWarning: Using a target size (torch.Size([12, 1])) that is different to the input size (torch.Size([12, 128])). This will likely lead to incorrect results due to broadcasting. Please ensure they have the same size.
  (model.reg_value*sample.Y.long().reshape(-1,1).to(pred.device), sample.value.reshape(-1,1).to(pred.device))
/home/caoduanhua/score_function/GNN/GNN_graphformer_pyg/utils.py:372: UserWarning: Using a target size (torch.Size([9, 1])) that is different to the input size (torch.Size([9, 128])). This will likely lead to incorrect results due to broadcasting. Please ensure they have the same size.
  (model.reg_value*sample.Y.long().reshape(-1,1).to(pred.device), sample.value.reshape(-1,1).to(pred.device))
/home/caoduanhua/score_function/GNN/GNN_graphformer_pyg/utils.py:372: UserWarning: Using a target size (torch.Size([12, 1])) that is different to the input size (torch.Size([12, 128])). This will likely lead to incorrect results due to broadcasting. Please ensure they have the same size.
  (model.reg_value*sample.Y.long().reshape(-1,1).to(pred.device), sample.value.reshape(-1,1).to(pred.device))
/home/caoduanhua/score_function/GNN/GNN_graphformer_pyg/utils.py:372: UserWarning: Using a target size (torch.Size([9, 1])) that is different to the input size (torch.Size([9, 128])). This will likely lead to incorrect results due to broadcasting. Please ensure they have the same size.
  (model.reg_value*sample.Y.long().reshape(-1,1).to(pred.device), sample.value.reshape(-1,1).to(pred.device))
/home/caoduanhua/score_function/GNN/GNN_graphformer_pyg/utils.py:372: UserWarning: Using a target size (torch.Size([12, 1])) that is different to the input size (torch.Size([12, 128])). This will likely lead to incorrect results due to broadcasting. Please ensure they have the same size.
  (model.reg_value*sample.Y.long().reshape(-1,1).to(pred.device), sample.value.reshape(-1,1).to(pred.device))
/home/caoduanhua/score_function/GNN/GNN_graphformer_pyg/utils.py:372: UserWarning: Using a target size (torch.Size([9, 1])) that is different to the input size (torch.Size([9, 128])). This will likely lead to incorrect results due to broadcasting. Please ensure they have the same size.
  (model.reg_value*sample.Y.long().reshape(-1,1).to(pred.device), sample.value.reshape(-1,1).to(pred.device))
/home/caoduanhua/score_function/GNN/GNN_graphformer_pyg/utils.py:372: UserWarning: Using a target size (torch.Size([12, 1])) that is different to the input size (torch.Size([12, 128])). This will likely lead to incorrect results due to broadcasting. Please ensure they have the same size.
  (model.reg_value*sample.Y.long().reshape(-1,1).to(pred.device), sample.value.reshape(-1,1).to(pred.device))
/home/caoduanhua/score_function/GNN/GNN_graphformer_pyg/utils.py:372: UserWarning: Using a target size (torch.Size([9, 1])) that is different to the input size (torch.Size([9, 128])). This will likely lead to incorrect results due to broadcasting. Please ensure they have the same size.
  (model.reg_value*sample.Y.long().reshape(-1,1).to(pred.device), sample.value.reshape(-1,1).to(pred.device))
/home/caoduanhua/score_function/GNN/GNN_graphformer_pyg/utils.py:372: UserWarning: Using a target size (torch.Size([12, 1])) that is different to the input size (torch.Size([12, 128])). This will likely lead to incorrect results due to broadcasting. Please ensure they have the same size.
  (model.reg_value*sample.Y.long().reshape(-1,1).to(pred.device), sample.value.reshape(-1,1).to(pred.device))
/home/caoduanhua/score_function/GNN/GNN_graphformer_pyg/utils.py:372: UserWarning: Using a target size (torch.Size([9, 1])) that is different to the input size (torch.Size([9, 128])). This will likely lead to incorrect results due to broadcasting. Please ensure they have the same size.
  (model.reg_value*sample.Y.long().reshape(-1,1).to(pred.device), sample.value.reshape(-1,1).to(pred.device))
/home/caoduanhua/score_function/GNN/GNN_graphformer_pyg/utils.py:372: UserWarning: Using a target size (torch.Size([12, 1])) that is different to the input size (torch.Size([12, 128])). This will likely lead to incorrect results due to broadcasting. Please ensure they have the same size.
  (model.reg_value*sample.Y.long().reshape(-1,1).to(pred.device), sample.value.reshape(-1,1).to(pred.device))
/home/caoduanhua/score_function/GNN/GNN_graphformer_pyg/utils.py:372: UserWarning: Using a target size (torch.Size([9, 1])) that is different to the input size (torch.Size([9, 128])). This will likely lead to incorrect results due to broadcasting. Please ensure they have the same size.
  (model.reg_value*sample.Y.long().reshape(-1,1).to(pred.device), sample.value.reshape(-1,1).to(pred.device))
/home/caoduanhua/score_function/GNN/GNN_graphformer_pyg/utils.py:372: UserWarning: Using a target size (torch.Size([12, 1])) that is different to the input size (torch.Size([12, 128])). This will likely lead to incorrect results due to broadcasting. Please ensure they have the same size.
  (model.reg_value*sample.Y.long().reshape(-1,1).to(pred.device), sample.value.reshape(-1,1).to(pred.device))
/home/caoduanhua/score_function/GNN/GNN_graphformer_pyg/utils.py:372: UserWarning: Using a target size (torch.Size([9, 1])) that is different to the input size (torch.Size([9, 128])). This will likely lead to incorrect results due to broadcasting. Please ensure they have the same size.
  (model.reg_value*sample.Y.long().reshape(-1,1).to(pred.device), sample.value.reshape(-1,1).to(pred.device))
/home/caoduanhua/score_function/GNN/GNN_graphformer_pyg/utils.py:372: UserWarning: Using a target size (torch.Size([12, 1])) that is different to the input size (torch.Size([12, 128])). This will likely lead to incorrect results due to broadcasting. Please ensure they have the same size.
  (model.reg_value*sample.Y.long().reshape(-1,1).to(pred.device), sample.value.reshape(-1,1).to(pred.device))
/home/caoduanhua/score_function/GNN/GNN_graphformer_pyg/utils.py:372: UserWarning: Using a target size (torch.Size([9, 1])) that is different to the input size (torch.Size([9, 128])). This will likely lead to incorrect results due to broadcasting. Please ensure they have the same size.
  (model.reg_value*sample.Y.long().reshape(-1,1).to(pred.device), sample.value.reshape(-1,1).to(pred.device))
/home/caoduanhua/score_function/GNN/GNN_graphformer_pyg/utils.py:372: UserWarning: Using a target size (torch.Size([12, 1])) that is different to the input size (torch.Size([12, 128])). This will likely lead to incorrect results due to broadcasting. Please ensure they have the same size.
  (model.reg_value*sample.Y.long().reshape(-1,1).to(pred.device), sample.value.reshape(-1,1).to(pred.device))
/home/caoduanhua/score_function/GNN/GNN_graphformer_pyg/utils.py:372: UserWarning: Using a target size (torch.Size([9, 1])) that is different to the input size (torch.Size([9, 128])). This will likely lead to incorrect results due to broadcasting. Please ensure they have the same size.
  (model.reg_value*sample.Y.long().reshape(-1,1).to(pred.device), sample.value.reshape(-1,1).to(pred.device))
/home/caoduanhua/score_function/GNN/GNN_graphformer_pyg/utils.py:372: UserWarning: Using a target size (torch.Size([12, 1])) that is different to the input size (torch.Size([12, 128])). This will likely lead to incorrect results due to broadcasting. Please ensure they have the same size.
  (model.reg_value*sample.Y.long().reshape(-1,1).to(pred.device), sample.value.reshape(-1,1).to(pred.device))
/home/caoduanhua/score_function/GNN/GNN_graphformer_pyg/utils.py:372: UserWarning: Using a target size (torch.Size([9, 1])) that is different to the input size (torch.Size([9, 128])). This will likely lead to incorrect results due to broadcasting. Please ensure they have the same size.
  (model.reg_value*sample.Y.long().reshape(-1,1).to(pred.device), sample.value.reshape(-1,1).to(pred.device))
/home/caoduanhua/score_function/GNN/GNN_graphformer_pyg/utils.py:372: UserWarning: Using a target size (torch.Size([12, 1])) that is different to the input size (torch.Size([12, 128])). This will likely lead to incorrect results due to broadcasting. Please ensure they have the same size.
  (model.reg_value*sample.Y.long().reshape(-1,1).to(pred.device), sample.value.reshape(-1,1).to(pred.device))
/home/caoduanhua/score_function/GNN/GNN_graphformer_pyg/utils.py:372: UserWarning: Using a target size (torch.Size([9, 1])) that is different to the input size (torch.Size([9, 128])). This will likely lead to incorrect results due to broadcasting. Please ensure they have the same size.
  (model.reg_value*sample.Y.long().reshape(-1,1).to(pred.device), sample.value.reshape(-1,1).to(pred.device))
/home/caoduanhua/score_function/GNN/GNN_graphformer_pyg/utils.py:372: UserWarning: Using a target size (torch.Size([12, 1])) that is different to the input size (torch.Size([12, 128])). This will likely lead to incorrect results due to broadcasting. Please ensure they have the same size.
  (model.reg_value*sample.Y.long().reshape(-1,1).to(pred.device), sample.value.reshape(-1,1).to(pred.device))
/home/caoduanhua/score_function/GNN/GNN_graphformer_pyg/utils.py:372: UserWarning: Using a target size (torch.Size([9, 1])) that is different to the input size (torch.Size([9, 128])). This will likely lead to incorrect results due to broadcasting. Please ensure they have the same size.
  (model.reg_value*sample.Y.long().reshape(-1,1).to(pred.device), sample.value.reshape(-1,1).to(pred.device))
/home/caoduanhua/score_function/GNN/GNN_graphformer_pyg/utils.py:372: UserWarning: Using a target size (torch.Size([12, 1])) that is different to the input size (torch.Size([12, 128])). This will likely lead to incorrect results due to broadcasting. Please ensure they have the same size.
  (model.reg_value*sample.Y.long().reshape(-1,1).to(pred.device), sample.value.reshape(-1,1).to(pred.device))
/home/caoduanhua/score_function/GNN/GNN_graphformer_pyg/utils.py:372: UserWarning: Using a target size (torch.Size([9, 1])) that is different to the input size (torch.Size([9, 128])). This will likely lead to incorrect results due to broadcasting. Please ensure they have the same size.
  (model.reg_value*sample.Y.long().reshape(-1,1).to(pred.device), sample.value.reshape(-1,1).to(pred.device))
/home/caoduanhua/score_function/GNN/GNN_graphformer_pyg/utils.py:372: UserWarning: Using a target size (torch.Size([12, 1])) that is different to the input size (torch.Size([12, 128])). This will likely lead to incorrect results due to broadcasting. Please ensure they have the same size.
  (model.reg_value*sample.Y.long().reshape(-1,1).to(pred.device), sample.value.reshape(-1,1).to(pred.device))
/home/caoduanhua/score_function/GNN/GNN_graphformer_pyg/utils.py:372: UserWarning: Using a target size (torch.Size([9, 1])) that is different to the input size (torch.Size([9, 128])). This will likely lead to incorrect results due to broadcasting. Please ensure they have the same size.
  (model.reg_value*sample.Y.long().reshape(-1,1).to(pred.device), sample.value.reshape(-1,1).to(pred.device))
/home/caoduanhua/score_function/GNN/GNN_graphformer_pyg/utils.py:372: UserWarning: Using a target size (torch.Size([12, 1])) that is different to the input size (torch.Size([12, 128])). This will likely lead to incorrect results due to broadcasting. Please ensure they have the same size.
  (model.reg_value*sample.Y.long().reshape(-1,1).to(pred.device), sample.value.reshape(-1,1).to(pred.device))
/home/caoduanhua/score_function/GNN/GNN_graphformer_pyg/utils.py:372: UserWarning: Using a target size (torch.Size([9, 1])) that is different to the input size (torch.Size([9, 128])). This will likely lead to incorrect results due to broadcasting. Please ensure they have the same size.
  (model.reg_value*sample.Y.long().reshape(-1,1).to(pred.device), sample.value.reshape(-1,1).to(pred.device))
/home/caoduanhua/score_function/GNN/GNN_graphformer_pyg/utils.py:372: UserWarning: Using a target size (torch.Size([12, 1])) that is different to the input size (torch.Size([12, 128])). This will likely lead to incorrect results due to broadcasting. Please ensure they have the same size.
  (model.reg_value*sample.Y.long().reshape(-1,1).to(pred.device), sample.value.reshape(-1,1).to(pred.device))
/home/caoduanhua/score_function/GNN/GNN_graphformer_pyg/utils.py:372: UserWarning: Using a target size (torch.Size([9, 1])) that is different to the input size (torch.Size([9, 128])). This will likely lead to incorrect results due to broadcasting. Please ensure they have the same size.
  (model.reg_value*sample.Y.long().reshape(-1,1).to(pred.device), sample.value.reshape(-1,1).to(pred.device))
/home/caoduanhua/score_function/GNN/GNN_graphformer_pyg/utils.py:372: UserWarning: Using a target size (torch.Size([12, 1])) that is different to the input size (torch.Size([12, 128])). This will likely lead to incorrect results due to broadcasting. Please ensure they have the same size.
  (model.reg_value*sample.Y.long().reshape(-1,1).to(pred.device), sample.value.reshape(-1,1).to(pred.device))
/home/caoduanhua/score_function/GNN/GNN_graphformer_pyg/utils.py:372: UserWarning: Using a target size (torch.Size([9, 1])) that is different to the input size (torch.Size([9, 128])). This will likely lead to incorrect results due to broadcasting. Please ensure they have the same size.
  (model.reg_value*sample.Y.long().reshape(-1,1).to(pred.device), sample.value.reshape(-1,1).to(pred.device))
/home/caoduanhua/score_function/GNN/GNN_graphformer_pyg/utils.py:372: UserWarning: Using a target size (torch.Size([12, 1])) that is different to the input size (torch.Size([12, 128])). This will likely lead to incorrect results due to broadcasting. Please ensure they have the same size.
  (model.reg_value*sample.Y.long().reshape(-1,1).to(pred.device), sample.value.reshape(-1,1).to(pred.device))
/home/caoduanhua/score_function/GNN/GNN_graphformer_pyg/utils.py:372: UserWarning: Using a target size (torch.Size([9, 1])) that is different to the input size (torch.Size([9, 128])). This will likely lead to incorrect results due to broadcasting. Please ensure they have the same size.
  (model.reg_value*sample.Y.long().reshape(-1,1).to(pred.device), sample.value.reshape(-1,1).to(pred.device))
/home/caoduanhua/score_function/GNN/GNN_graphformer_pyg/utils.py:372: UserWarning: Using a target size (torch.Size([12, 1])) that is different to the input size (torch.Size([12, 128])). This will likely lead to incorrect results due to broadcasting. Please ensure they have the same size.
  (model.reg_value*sample.Y.long().reshape(-1,1).to(pred.device), sample.value.reshape(-1,1).to(pred.device))
/home/caoduanhua/score_function/GNN/GNN_graphformer_pyg/utils.py:372: UserWarning: Using a target size (torch.Size([9, 1])) that is different to the input size (torch.Size([9, 128])). This will likely lead to incorrect results due to broadcasting. Please ensure they have the same size.
  (model.reg_value*sample.Y.long().reshape(-1,1).to(pred.device), sample.value.reshape(-1,1).to(pred.device))
/home/caoduanhua/score_function/GNN/GNN_graphformer_pyg/utils.py:372: UserWarning: Using a target size (torch.Size([12, 1])) that is different to the input size (torch.Size([12, 128])). This will likely lead to incorrect results due to broadcasting. Please ensure they have the same size.
  (model.reg_value*sample.Y.long().reshape(-1,1).to(pred.device), sample.value.reshape(-1,1).to(pred.device))
/home/caoduanhua/score_function/GNN/GNN_graphformer_pyg/utils.py:372: UserWarning: Using a target size (torch.Size([9, 1])) that is different to the input size (torch.Size([9, 128])). This will likely lead to incorrect results due to broadcasting. Please ensure they have the same size.
  (model.reg_value*sample.Y.long().reshape(-1,1).to(pred.device), sample.value.reshape(-1,1).to(pred.device))
/home/caoduanhua/score_function/GNN/GNN_graphformer_pyg/utils.py:372: UserWarning: Using a target size (torch.Size([12, 1])) that is different to the input size (torch.Size([12, 128])). This will likely lead to incorrect results due to broadcasting. Please ensure they have the same size.
  (model.reg_value*sample.Y.long().reshape(-1,1).to(pred.device), sample.value.reshape(-1,1).to(pred.device))
/home/caoduanhua/score_function/GNN/GNN_graphformer_pyg/utils.py:372: UserWarning: Using a target size (torch.Size([9, 1])) that is different to the input size (torch.Size([9, 128])). This will likely lead to incorrect results due to broadcasting. Please ensure they have the same size.
  (model.reg_value*sample.Y.long().reshape(-1,1).to(pred.device), sample.value.reshape(-1,1).to(pred.device))
/home/caoduanhua/score_function/GNN/GNN_graphformer_pyg/utils.py:372: UserWarning: Using a target size (torch.Size([12, 1])) that is different to the input size (torch.Size([12, 128])). This will likely lead to incorrect results due to broadcasting. Please ensure they have the same size.
  (model.reg_value*sample.Y.long().reshape(-1,1).to(pred.device), sample.value.reshape(-1,1).to(pred.device))
/home/caoduanhua/score_function/GNN/GNN_graphformer_pyg/utils.py:372: UserWarning: Using a target size (torch.Size([9, 1])) that is different to the input size (torch.Size([9, 128])). This will likely lead to incorrect results due to broadcasting. Please ensure they have the same size.
  (model.reg_value*sample.Y.long().reshape(-1,1).to(pred.device), sample.value.reshape(-1,1).to(pred.device))
/home/caoduanhua/score_function/GNN/GNN_graphformer_pyg/utils.py:372: UserWarning: Using a target size (torch.Size([12, 1])) that is different to the input size (torch.Size([12, 128])). This will likely lead to incorrect results due to broadcasting. Please ensure they have the same size.
  (model.reg_value*sample.Y.long().reshape(-1,1).to(pred.device), sample.value.reshape(-1,1).to(pred.device))
/home/caoduanhua/score_function/GNN/GNN_graphformer_pyg/utils.py:372: UserWarning: Using a target size (torch.Size([9, 1])) that is different to the input size (torch.Size([9, 128])). This will likely lead to incorrect results due to broadcasting. Please ensure they have the same size.
  (model.reg_value*sample.Y.long().reshape(-1,1).to(pred.device), sample.value.reshape(-1,1).to(pred.device))
/home/caoduanhua/score_function/GNN/GNN_graphformer_pyg/utils.py:372: UserWarning: Using a target size (torch.Size([12, 1])) that is different to the input size (torch.Size([12, 128])). This will likely lead to incorrect results due to broadcasting. Please ensure they have the same size.
  (model.reg_value*sample.Y.long().reshape(-1,1).to(pred.device), sample.value.reshape(-1,1).to(pred.device))
/home/caoduanhua/score_function/GNN/GNN_graphformer_pyg/utils.py:372: UserWarning: Using a target size (torch.Size([9, 1])) that is different to the input size (torch.Size([9, 128])). This will likely lead to incorrect results due to broadcasting. Please ensure they have the same size.
  (model.reg_value*sample.Y.long().reshape(-1,1).to(pred.device), sample.value.reshape(-1,1).to(pred.device))
/home/caoduanhua/score_function/GNN/GNN_graphformer_pyg/utils.py:372: UserWarning: Using a target size (torch.Size([12, 1])) that is different to the input size (torch.Size([12, 128])). This will likely lead to incorrect results due to broadcasting. Please ensure they have the same size.
  (model.reg_value*sample.Y.long().reshape(-1,1).to(pred.device), sample.value.reshape(-1,1).to(pred.device))
/home/caoduanhua/score_function/GNN/GNN_graphformer_pyg/utils.py:372: UserWarning: Using a target size (torch.Size([9, 1])) that is different to the input size (torch.Size([9, 128])). This will likely lead to incorrect results due to broadcasting. Please ensure they have the same size.
  (model.reg_value*sample.Y.long().reshape(-1,1).to(pred.device), sample.value.reshape(-1,1).to(pred.device))
/home/caoduanhua/score_function/GNN/GNN_graphformer_pyg/utils.py:372: UserWarning: Using a target size (torch.Size([12, 1])) that is different to the input size (torch.Size([12, 128])). This will likely lead to incorrect results due to broadcasting. Please ensure they have the same size.
  (model.reg_value*sample.Y.long().reshape(-1,1).to(pred.device), sample.value.reshape(-1,1).to(pred.device))
/home/caoduanhua/score_function/GNN/GNN_graphformer_pyg/utils.py:372: UserWarning: Using a target size (torch.Size([9, 1])) that is different to the input size (torch.Size([9, 128])). This will likely lead to incorrect results due to broadcasting. Please ensure they have the same size.
  (model.reg_value*sample.Y.long().reshape(-1,1).to(pred.device), sample.value.reshape(-1,1).to(pred.device))
/home/caoduanhua/score_function/GNN/GNN_graphformer_pyg/utils.py:372: UserWarning: Using a target size (torch.Size([12, 1])) that is different to the input size (torch.Size([12, 128])). This will likely lead to incorrect results due to broadcasting. Please ensure they have the same size.
  (model.reg_value*sample.Y.long().reshape(-1,1).to(pred.device), sample.value.reshape(-1,1).to(pred.device))
/home/caoduanhua/score_function/GNN/GNN_graphformer_pyg/utils.py:372: UserWarning: Using a target size (torch.Size([9, 1])) that is different to the input size (torch.Size([9, 128])). This will likely lead to incorrect results due to broadcasting. Please ensure they have the same size.
  (model.reg_value*sample.Y.long().reshape(-1,1).to(pred.device), sample.value.reshape(-1,1).to(pred.device))
/home/caoduanhua/score_function/GNN/GNN_graphformer_pyg/utils.py:372: UserWarning: Using a target size (torch.Size([12, 1])) that is different to the input size (torch.Size([12, 128])). This will likely lead to incorrect results due to broadcasting. Please ensure they have the same size.
  (model.reg_value*sample.Y.long().reshape(-1,1).to(pred.device), sample.value.reshape(-1,1).to(pred.device))
/home/caoduanhua/score_function/GNN/GNN_graphformer_pyg/utils.py:372: UserWarning: Using a target size (torch.Size([9, 1])) that is different to the input size (torch.Size([9, 128])). This will likely lead to incorrect results due to broadcasting. Please ensure they have the same size.
  (model.reg_value*sample.Y.long().reshape(-1,1).to(pred.device), sample.value.reshape(-1,1).to(pred.device))
/home/caoduanhua/score_function/GNN/GNN_graphformer_pyg/utils.py:372: UserWarning: Using a target size (torch.Size([12, 1])) that is different to the input size (torch.Size([12, 128])). This will likely lead to incorrect results due to broadcasting. Please ensure they have the same size.
  (model.reg_value*sample.Y.long().reshape(-1,1).to(pred.device), sample.value.reshape(-1,1).to(pred.device))
/home/caoduanhua/score_function/GNN/GNN_graphformer_pyg/utils.py:372: UserWarning: Using a target size (torch.Size([9, 1])) that is different to the input size (torch.Size([9, 128])). This will likely lead to incorrect results due to broadcasting. Please ensure they have the same size.
  (model.reg_value*sample.Y.long().reshape(-1,1).to(pred.device), sample.value.reshape(-1,1).to(pred.device))
/home/caoduanhua/score_function/GNN/GNN_graphformer_pyg/utils.py:372: UserWarning: Using a target size (torch.Size([12, 1])) that is different to the input size (torch.Size([12, 128])). This will likely lead to incorrect results due to broadcasting. Please ensure they have the same size.
  (model.reg_value*sample.Y.long().reshape(-1,1).to(pred.device), sample.value.reshape(-1,1).to(pred.device))
/home/caoduanhua/score_function/GNN/GNN_graphformer_pyg/utils.py:372: UserWarning: Using a target size (torch.Size([9, 1])) that is different to the input size (torch.Size([9, 128])). This will likely lead to incorrect results due to broadcasting. Please ensure they have the same size.
  (model.reg_value*sample.Y.long().reshape(-1,1).to(pred.device), sample.value.reshape(-1,1).to(pred.device))
/home/caoduanhua/score_function/GNN/GNN_graphformer_pyg/utils.py:372: UserWarning: Using a target size (torch.Size([12, 1])) that is different to the input size (torch.Size([12, 128])). This will likely lead to incorrect results due to broadcasting. Please ensure they have the same size.
  (model.reg_value*sample.Y.long().reshape(-1,1).to(pred.device), sample.value.reshape(-1,1).to(pred.device))
/home/caoduanhua/score_function/GNN/GNN_graphformer_pyg/utils.py:372: UserWarning: Using a target size (torch.Size([9, 1])) that is different to the input size (torch.Size([9, 128])). This will likely lead to incorrect results due to broadcasting. Please ensure they have the same size.
  (model.reg_value*sample.Y.long().reshape(-1,1).to(pred.device), sample.value.reshape(-1,1).to(pred.device))
/home/caoduanhua/score_function/GNN/GNN_graphformer_pyg/utils.py:372: UserWarning: Using a target size (torch.Size([12, 1])) that is different to the input size (torch.Size([12, 128])). This will likely lead to incorrect results due to broadcasting. Please ensure they have the same size.
  (model.reg_value*sample.Y.long().reshape(-1,1).to(pred.device), sample.value.reshape(-1,1).to(pred.device))
/home/caoduanhua/score_function/GNN/GNN_graphformer_pyg/utils.py:372: UserWarning: Using a target size (torch.Size([9, 1])) that is different to the input size (torch.Size([9, 128])). This will likely lead to incorrect results due to broadcasting. Please ensure they have the same size.
  (model.reg_value*sample.Y.long().reshape(-1,1).to(pred.device), sample.value.reshape(-1,1).to(pred.device))
/home/caoduanhua/score_function/GNN/GNN_graphformer_pyg/utils.py:372: UserWarning: Using a target size (torch.Size([12, 1])) that is different to the input size (torch.Size([12, 128])). This will likely lead to incorrect results due to broadcasting. Please ensure they have the same size.
  (model.reg_value*sample.Y.long().reshape(-1,1).to(pred.device), sample.value.reshape(-1,1).to(pred.device))
/home/caoduanhua/score_function/GNN/GNN_graphformer_pyg/utils.py:372: UserWarning: Using a target size (torch.Size([9, 1])) that is different to the input size (torch.Size([9, 128])). This will likely lead to incorrect results due to broadcasting. Please ensure they have the same size.
  (model.reg_value*sample.Y.long().reshape(-1,1).to(pred.device), sample.value.reshape(-1,1).to(pred.device))
/home/caoduanhua/score_function/GNN/GNN_graphformer_pyg/utils.py:372: UserWarning: Using a target size (torch.Size([12, 1])) that is different to the input size (torch.Size([12, 128])). This will likely lead to incorrect results due to broadcasting. Please ensure they have the same size.
  (model.reg_value*sample.Y.long().reshape(-1,1).to(pred.device), sample.value.reshape(-1,1).to(pred.device))
/home/caoduanhua/score_function/GNN/GNN_graphformer_pyg/utils.py:372: UserWarning: Using a target size (torch.Size([9, 1])) that is different to the input size (torch.Size([9, 128])). This will likely lead to incorrect results due to broadcasting. Please ensure they have the same size.
  (model.reg_value*sample.Y.long().reshape(-1,1).to(pred.device), sample.value.reshape(-1,1).to(pred.device))
/home/caoduanhua/score_function/GNN/GNN_graphformer_pyg/utils.py:372: UserWarning: Using a target size (torch.Size([12, 1])) that is different to the input size (torch.Size([12, 128])). This will likely lead to incorrect results due to broadcasting. Please ensure they have the same size.
  (model.reg_value*sample.Y.long().reshape(-1,1).to(pred.device), sample.value.reshape(-1,1).to(pred.device))
/home/caoduanhua/score_function/GNN/GNN_graphformer_pyg/utils.py:372: UserWarning: Using a target size (torch.Size([9, 1])) that is different to the input size (torch.Size([9, 128])). This will likely lead to incorrect results due to broadcasting. Please ensure they have the same size.
  (model.reg_value*sample.Y.long().reshape(-1,1).to(pred.device), sample.value.reshape(-1,1).to(pred.device))
/home/caoduanhua/score_function/GNN/GNN_graphformer_pyg/utils.py:372: UserWarning: Using a target size (torch.Size([12, 1])) that is different to the input size (torch.Size([12, 128])). This will likely lead to incorrect results due to broadcasting. Please ensure they have the same size.
  (model.reg_value*sample.Y.long().reshape(-1,1).to(pred.device), sample.value.reshape(-1,1).to(pred.device))
/home/caoduanhua/score_function/GNN/GNN_graphformer_pyg/utils.py:372: UserWarning: Using a target size (torch.Size([9, 1])) that is different to the input size (torch.Size([9, 128])). This will likely lead to incorrect results due to broadcasting. Please ensure they have the same size.
  (model.reg_value*sample.Y.long().reshape(-1,1).to(pred.device), sample.value.reshape(-1,1).to(pred.device))
