2022-10-11 07:47:19
Available GPU List
id	utilization.gpu(%)	memory.free(MiB)
0 	0                 	30935           
1 	0                 	32510           
2 	0                 	32510           
3 	0                 	32510           
4 	0                 	32510           
5 	0                 	32510           
6 	0                 	32510           
7 	0                 	32510           
Select id #0, 1, 2, 3, 4, 5, 6 for you.
Number of train data: 310578
Number of val data: 34341
Number of test data: 104206
number of parameters :  565319
Let's use 7 GPUs!
number of parameters :  565319
Let's use 7 GPUs!
number of parameters :  565319
Let's use 7 GPUs!
number of parameters :  565319
Let's use 7 GPUs!
number of parameters :  565319
Let's use 7 GPUs!
number of parameters :  565319
Let's use 7 GPUs!
number of parameters :  565319
Let's use 7 GPUs!
/home/caoduanhua/anaconda3/envs/prolif/lib/python3.8/site-packages/sklearn/metrics/_classification.py:1318: UndefinedMetricWarning: Precision is ill-defined and being set to 0.0 due to no predicted samples. Use `zero_division` parameter to control this behavior.
  _warn_prf(average, modifier, msg_start, len(result))
/home/caoduanhua/anaconda3/envs/prolif/lib/python3.8/site-packages/sklearn/metrics/_classification.py:1318: UndefinedMetricWarning: Precision is ill-defined and being set to 0.0 due to no predicted samples. Use `zero_division` parameter to control this behavior.
  _warn_prf(average, modifier, msg_start, len(result))
/home/caoduanhua/anaconda3/envs/prolif/lib/python3.8/site-packages/sklearn/metrics/_classification.py:1318: UndefinedMetricWarning: Precision is ill-defined and being set to 0.0 due to no predicted samples. Use `zero_division` parameter to control this behavior.
  _warn_prf(average, modifier, msg_start, len(result))
model early stop !
training done!
