2022-08-16 01:33:19
Available GPU List
id	utilization.gpu(%)	memory.free(MiB)
0 	0                 	32510           
1 	0                 	32510           
2 	0                 	32510           
3 	0                 	32510           
4 	0                 	32510           
5 	0                 	32510           
6 	0                 	32510           
7 	0                 	32510           
Select id #0, 1, 2, 3, 4, 5, 6, 7 for you.
Number of train data: 306603
Number of val data: 38316
Number of test data: 104206
Available GPU List
id	utilization.gpu(%)	memory.free(MiB)
0 	0                 	32506           
1 	0                 	32506           
2 	0                 	32506           
3 	0                 	32506           
4 	0                 	32506           
5 	0                 	32506           
6 	0                 	32506           
7 	0                 	32506           
Select id #0, 1, 2, 3, 4, 5, 6, 7 for you.
number of parameters :  263677
load save model!
Let's use 8 GPUs!
Number of train data: 306603
Number of val data: 38316
Number of test data: 104206
Available GPU List
id	utilization.gpu(%)	memory.free(MiB)
0 	0                 	32506           
1 	0                 	32506           
2 	0                 	32506           
3 	0                 	32506           
4 	0                 	32506           
5 	0                 	32506           
6 	0                 	32506           
7 	0                 	32506           
Select id #0, 1, 2, 3, 4, 5, 6, 7 for you.
number of parameters :  263677
load save model!
Let's use 8 GPUs!
Number of train data: 306603
Number of val data: 38316
Number of test data: 104206
Available GPU List
id	utilization.gpu(%)	memory.free(MiB)
0 	0                 	32506           
1 	0                 	32506           
2 	0                 	32506           
3 	0                 	32506           
4 	0                 	32506           
5 	0                 	32506           
6 	0                 	32506           
7 	0                 	32506           
Select id #0, 1, 2, 3, 4, 5, 6, 7 for you.
number of parameters :  263677
load save model!
Let's use 8 GPUs!
Number of train data: 306603
Number of val data: 38316
Number of test data: 104206
Available GPU List
id	utilization.gpu(%)	memory.free(MiB)
0 	0                 	32506           
1 	0                 	32506           
2 	0                 	32506           
3 	0                 	32506           
4 	0                 	32506           
5 	0                 	32506           
6 	0                 	32506           
7 	0                 	32506           
Select id #0, 1, 2, 3, 4, 5, 6, 7 for you.
number of parameters :  263677
load save model!
Let's use 8 GPUs!
Number of train data: 306603
Number of val data: 38316
Number of test data: 104206
Available GPU List
id	utilization.gpu(%)	memory.free(MiB)
0 	0                 	32506           
1 	0                 	32506           
2 	0                 	32506           
3 	0                 	32506           
4 	0                 	32506           
5 	0                 	32506           
6 	0                 	32506           
7 	0                 	32506           
Select id #0, 1, 2, 3, 4, 5, 6, 7 for you.
number of parameters :  263677
load save model!
Let's use 8 GPUs!
Number of train data: 306603
Number of val data: 38316
Number of test data: 104206
Available GPU List
id	utilization.gpu(%)	memory.free(MiB)
0 	0                 	32506           
1 	0                 	32506           
2 	0                 	32506           
3 	0                 	32506           
4 	0                 	32506           
5 	0                 	32506           
6 	0                 	32506           
7 	0                 	32506           
Select id #0, 1, 2, 3, 4, 5, 6, 7 for you.
number of parameters :  263677
load save model!
Let's use 8 GPUs!
Number of train data: 306603
Number of val data: 38316
Number of test data: 104206
Available GPU List
id	utilization.gpu(%)	memory.free(MiB)
0 	0                 	32506           
1 	0                 	32506           
2 	0                 	32506           
3 	0                 	32506           
4 	0                 	32506           
5 	0                 	32506           
6 	0                 	32506           
7 	0                 	32506           
Select id #0, 1, 2, 3, 4, 5, 6, 7 for you.
number of parameters :  263677
load save model!
Let's use 8 GPUs!
Number of train data: 306603
Number of val data: 38316
Number of test data: 104206
Available GPU List
id	utilization.gpu(%)	memory.free(MiB)
0 	0                 	32506           
1 	0                 	32506           
2 	0                 	32506           
3 	0                 	32506           
4 	0                 	32506           
5 	0                 	32506           
6 	0                 	32506           
7 	0                 	32506           
Select id #0, 1, 2, 3, 4, 5, 6, 7 for you.
number of parameters :  263677
load save model!
Let's use 8 GPUs!
