2022-06-13 05:09:26
Available GPU List
id	utilization.gpu(%)	memory.free(MiB)
0 	0                 	32510           
1 	0                 	32510           
2 	0                 	32510           
3 	0                 	32510           
4 	0                 	32510           
5 	0                 	32510           
6 	0                 	32510           
7 	0                 	32510           
Select id #0, 1, 2, 3, 4, 5, 6, 7 for you.
Number of train data: 124965
Number of val data: 13886
Number of test data: 40231
Available GPU List
id	utilization.gpu(%)	memory.free(MiB)
0 	0                 	32506           
1 	0                 	32506           
2 	0                 	32506           
3 	0                 	32506           
4 	0                 	32506           
5 	0                 	32506           
6 	0                 	32506           
7 	0                 	32506           
Select id #0, 1, 2, 3, 4, 5, 6, 7 for you.
number of parameters :  252036
Let's use 8 GPUs!
Number of train data: 124965
Number of val data: 13886
Number of test data: 40231
Available GPU List
id	utilization.gpu(%)	memory.free(MiB)
0 	0                 	32506           
1 	0                 	32506           
2 	0                 	32506           
3 	0                 	32506           
4 	0                 	32506           
5 	0                 	32506           
6 	0                 	32506           
7 	0                 	32506           
Select id #0, 1, 2, 3, 4, 5, 6, 7 for you.
number of parameters :  252036
Let's use 8 GPUs!
Number of train data: 124965
Number of val data: 13886
Number of test data: 40231
Available GPU List
id	utilization.gpu(%)	memory.free(MiB)
0 	0                 	32506           
1 	0                 	32506           
2 	0                 	32506           
3 	0                 	32506           
4 	0                 	32506           
5 	0                 	32506           
6 	0                 	32506           
7 	0                 	32506           
Select id #0, 1, 2, 3, 4, 5, 6, 7 for you.
number of parameters :  252036
Let's use 8 GPUs!
Number of train data: 124965
Number of val data: 13886
Number of test data: 40231
Available GPU List
id	utilization.gpu(%)	memory.free(MiB)
0 	0                 	32506           
1 	0                 	32506           
2 	0                 	32506           
3 	0                 	32506           
4 	0                 	32506           
5 	0                 	32506           
6 	0                 	32506           
7 	0                 	32506           
Select id #0, 1, 2, 3, 4, 5, 6, 7 for you.
number of parameters :  252036
Let's use 8 GPUs!
Number of train data: 124965
Number of val data: 13886
Number of test data: 40231
Available GPU List
id	utilization.gpu(%)	memory.free(MiB)
0 	0                 	32506           
1 	0                 	32506           
2 	0                 	32506           
3 	0                 	32506           
4 	0                 	32506           
5 	0                 	32506           
6 	0                 	32506           
7 	0                 	32506           
Select id #0, 1, 2, 3, 4, 5, 6, 7 for you.
number of parameters :  252036
Let's use 8 GPUs!
Number of train data: 124965
Number of val data: 13886
Number of test data: 40231
Available GPU List
id	utilization.gpu(%)	memory.free(MiB)
0 	0                 	32506           
1 	0                 	32506           
2 	0                 	32506           
3 	0                 	32506           
4 	0                 	32506           
5 	0                 	32506           
6 	0                 	32506           
7 	0                 	32506           
Select id #0, 1, 2, 3, 4, 5, 6, 7 for you.
number of parameters :  252036
Let's use 8 GPUs!
Number of train data: 124965
Number of val data: 13886
Number of test data: 40231
Available GPU List
id	utilization.gpu(%)	memory.free(MiB)
0 	0                 	32506           
1 	0                 	32506           
2 	0                 	32506           
3 	0                 	32506           
4 	0                 	32506           
5 	0                 	32506           
6 	0                 	32506           
7 	0                 	32506           
Select id #0, 1, 2, 3, 4, 5, 6, 7 for you.
number of parameters :  252036
Let's use 8 GPUs!
Number of train data: 124965
Number of val data: 13886
Number of test data: 40231
Available GPU List
id	utilization.gpu(%)	memory.free(MiB)
0 	0                 	32506           
1 	0                 	32506           
2 	0                 	32506           
3 	0                 	32506           
4 	0                 	32506           
5 	0                 	32506           
6 	0                 	32506           
7 	0                 	32506           
Select id #0, 1, 2, 3, 4, 5, 6, 7 for you.
number of parameters :  252036
Let's use 8 GPUs!
