2022-06-16 05:51:02
Available GPU List
id	utilization.gpu(%)	memory.free(MiB)
0 	34                	30627           
1 	0                 	32506           
2 	0                 	32506           
3 	0                 	32506           
4 	0                 	32506           
5 	0                 	32506           
6 	0                 	32506           
7 	0                 	32506           
Select id #1, 2, 3, 4, 5, 6, 7 for you.
Number of train data: 129356
Number of val data: 14059
Number of test data: 35667
Available GPU List
id	utilization.gpu(%)	memory.free(MiB)
0 	33                	30627           
1 	0                 	32506           
2 	0                 	32506           
3 	0                 	32506           
4 	0                 	32506           
5 	0                 	32506           
6 	0                 	32506           
7 	0                 	32506           
Select id #1, 2, 3, 4, 5, 6, 7 for you.
number of parameters :  252036
Let's use 7 GPUs!
Number of train data: 129356
Number of val data: 14059
Number of test data: 35667
Available GPU List
id	utilization.gpu(%)	memory.free(MiB)
0 	34                	30627           
1 	0                 	32506           
2 	0                 	32506           
3 	0                 	32506           
4 	0                 	32506           
5 	0                 	32506           
6 	0                 	32506           
7 	0                 	32506           
Select id #1, 2, 3, 4, 5, 6, 7 for you.
number of parameters :  252036
Let's use 7 GPUs!
Number of train data: 129356
Number of val data: 14059
Number of test data: 35667
Available GPU List
id	utilization.gpu(%)	memory.free(MiB)
0 	33                	30627           
1 	0                 	32506           
2 	0                 	32506           
3 	0                 	32506           
4 	0                 	32506           
5 	0                 	32506           
6 	0                 	32506           
7 	0                 	32506           
Select id #1, 2, 3, 4, 5, 6, 7 for you.
number of parameters :  252036
Let's use 7 GPUs!
Number of train data: 129356
Number of val data: 14059
Number of test data: 35667
Available GPU List
id	utilization.gpu(%)	memory.free(MiB)
0 	34                	30627           
1 	0                 	32506           
2 	0                 	32506           
3 	0                 	32506           
4 	0                 	32506           
5 	0                 	32506           
6 	0                 	32506           
7 	0                 	32506           
Select id #1, 2, 3, 4, 5, 6, 7 for you.
number of parameters :  252036
Let's use 7 GPUs!
Number of train data: 129356
Number of val data: 14059
Number of test data: 35667
Available GPU List
id	utilization.gpu(%)	memory.free(MiB)
0 	34                	30627           
1 	0                 	32506           
2 	0                 	32506           
3 	0                 	32506           
4 	0                 	32506           
5 	0                 	32506           
6 	0                 	32506           
7 	0                 	32506           
Select id #1, 2, 3, 4, 5, 6, 7 for you.
number of parameters :  252036
Let's use 7 GPUs!
Number of train data: 129356
Number of val data: 14059
Number of test data: 35667
Available GPU List
id	utilization.gpu(%)	memory.free(MiB)
0 	34                	30627           
1 	0                 	32506           
2 	0                 	32506           
3 	0                 	32506           
4 	0                 	32506           
5 	0                 	32506           
6 	0                 	32506           
7 	0                 	32506           
Select id #1, 2, 3, 4, 5, 6, 7 for you.
number of parameters :  252036
Let's use 7 GPUs!
Number of train data: 129356
Number of val data: 14059
Number of test data: 35667
Available GPU List
id	utilization.gpu(%)	memory.free(MiB)
0 	33                	30627           
1 	0                 	32506           
2 	0                 	32506           
3 	0                 	32506           
4 	0                 	32506           
5 	0                 	32506           
6 	0                 	32506           
7 	0                 	32506           
Select id #1, 2, 3, 4, 5, 6, 7 for you.
number of parameters :  252036
Let's use 7 GPUs!
/home/caoduanhua/anaconda3/envs/prolif/lib/python3.8/site-packages/sklearn/metrics/_classification.py:1318: UndefinedMetricWarning: Precision is ill-defined and being set to 0.0 due to no predicted samples. Use `zero_division` parameter to control this behavior.
  _warn_prf(average, modifier, msg_start, len(result))
/home/caoduanhua/anaconda3/envs/prolif/lib/python3.8/site-packages/sklearn/metrics/_classification.py:1318: UndefinedMetricWarning: Precision is ill-defined and being set to 0.0 due to no predicted samples. Use `zero_division` parameter to control this behavior.
  _warn_prf(average, modifier, msg_start, len(result))
/home/caoduanhua/anaconda3/envs/prolif/lib/python3.8/site-packages/sklearn/metrics/_classification.py:1318: UndefinedMetricWarning: Precision is ill-defined and being set to 0.0 due to no predicted samples. Use `zero_division` parameter to control this behavior.
  _warn_prf(average, modifier, msg_start, len(result))
/home/caoduanhua/anaconda3/envs/prolif/lib/python3.8/site-packages/sklearn/metrics/_classification.py:1318: UndefinedMetricWarning: Precision is ill-defined and being set to 0.0 due to no predicted samples. Use `zero_division` parameter to control this behavior.
  _warn_prf(average, modifier, msg_start, len(result))
/home/caoduanhua/anaconda3/envs/prolif/lib/python3.8/site-packages/sklearn/metrics/_classification.py:1318: UndefinedMetricWarning: Precision is ill-defined and being set to 0.0 due to no predicted samples. Use `zero_division` parameter to control this behavior.
  _warn_prf(average, modifier, msg_start, len(result))
