2022-06-09 12:10:56
Available GPU List
id	utilization.gpu(%)	memory.free(MiB)
0 	0                 	32510           
1 	0                 	32510           
2 	0                 	32510           
3 	0                 	32510           
4 	0                 	32510           
5 	0                 	32510           
6 	0                 	32510           
7 	0                 	32510           
Select id #0, 1, 2, 3, 4, 5, 6, 7 for you.
Number of train data: 124965
Number of val data: 13886
Number of test data: 40231
Available GPU List
id	utilization.gpu(%)	memory.free(MiB)
0 	0                 	32506           
1 	0                 	32506           
2 	0                 	32506           
3 	0                 	32506           
4 	0                 	32506           
5 	0                 	32506           
6 	0                 	32506           
7 	0                 	32506           
Select id #0, 1, 2, 3, 4, 5, 6, 7 for you.
number of parameters :  252037
Let's use 8 GPUs!
Number of train data: 124965
Number of val data: 13886
Number of test data: 40231
Available GPU List
id	utilization.gpu(%)	memory.free(MiB)
0 	0                 	32506           
1 	0                 	32506           
2 	0                 	32506           
3 	0                 	32506           
4 	0                 	32506           
5 	0                 	32506           
6 	0                 	32506           
7 	0                 	32506           
Select id #0, 1, 2, 3, 4, 5, 6, 7 for you.
number of parameters :  252037
Let's use 8 GPUs!
Number of train data: 124965
Number of val data: 13886
Number of test data: 40231
Available GPU List
id	utilization.gpu(%)	memory.free(MiB)
0 	0                 	32506           
1 	0                 	32506           
2 	0                 	32506           
3 	0                 	32506           
4 	0                 	32506           
5 	0                 	32506           
6 	0                 	32506           
7 	0                 	32506           
Select id #0, 1, 2, 3, 4, 5, 6, 7 for you.
number of parameters :  252037
Let's use 8 GPUs!
Number of train data: 124965
Number of val data: 13886
Number of test data: 40231
Available GPU List
id	utilization.gpu(%)	memory.free(MiB)
0 	0                 	32506           
1 	0                 	32506           
2 	0                 	32506           
3 	0                 	32506           
4 	0                 	32506           
5 	0                 	32506           
6 	0                 	32506           
7 	0                 	32506           
Select id #0, 1, 2, 3, 4, 5, 6, 7 for you.
number of parameters :  252037
Let's use 8 GPUs!
Number of train data: 124965
Number of val data: 13886
Number of test data: 40231
Available GPU List
id	utilization.gpu(%)	memory.free(MiB)
0 	0                 	32506           
1 	0                 	32506           
2 	0                 	32506           
3 	0                 	32506           
4 	0                 	32506           
5 	0                 	32506           
6 	0                 	32506           
7 	0                 	32506           
Select id #0, 1, 2, 3, 4, 5, 6, 7 for you.
number of parameters :  252037
Let's use 8 GPUs!
Number of train data: 124965
Number of val data: 13886
Number of test data: 40231
Available GPU List
id	utilization.gpu(%)	memory.free(MiB)
0 	0                 	32506           
1 	0                 	32506           
2 	0                 	32506           
3 	0                 	32506           
4 	0                 	32506           
5 	0                 	32506           
6 	0                 	32506           
7 	0                 	32506           
Select id #0, 1, 2, 3, 4, 5, 6, 7 for you.
number of parameters :  252037
Let's use 8 GPUs!
Number of train data: 124965
Number of val data: 13886
Number of test data: 40231
Available GPU List
id	utilization.gpu(%)	memory.free(MiB)
0 	0                 	32506           
1 	0                 	32506           
2 	0                 	32506           
3 	0                 	32506           
4 	0                 	32506           
5 	0                 	32506           
6 	0                 	32506           
7 	0                 	32506           
Select id #0, 1, 2, 3, 4, 5, 6, 7 for you.
number of parameters :  252037
Let's use 8 GPUs!
Number of train data: 124965
Number of val data: 13886
Number of test data: 40231
Available GPU List
id	utilization.gpu(%)	memory.free(MiB)
0 	0                 	32506           
1 	0                 	32506           
2 	0                 	32506           
3 	0                 	32506           
4 	0                 	32506           
5 	0                 	32506           
6 	0                 	32506           
7 	0                 	32506           
Select id #0, 1, 2, 3, 4, 5, 6, 7 for you.
number of parameters :  252037
Let's use 8 GPUs!
Process Process-2:
Traceback (most recent call last):
  File "/home/caoduanhua/anaconda3/lib/python3.7/multiprocessing/process.py", line 297, in _bootstrap
    self.run()
  File "/home/caoduanhua/anaconda3/lib/python3.7/multiprocessing/process.py", line 99, in run
    self._target(*self._args, **self._kwargs)
  File "train.py", line 182, in run
    model,train_losses,optimizer,scheluder = train(model,args,optimizer,loss_fn,train_dataloader,auxiliary_loss,scheduler)
ValueError: not enough values to unpack (expected 4, got 3)
Process Process-7:
Traceback (most recent call last):
  File "/home/caoduanhua/anaconda3/lib/python3.7/multiprocessing/process.py", line 297, in _bootstrap
    self.run()
  File "/home/caoduanhua/anaconda3/lib/python3.7/multiprocessing/process.py", line 99, in run
    self._target(*self._args, **self._kwargs)
  File "train.py", line 182, in run
    model,train_losses,optimizer,scheluder = train(model,args,optimizer,loss_fn,train_dataloader,auxiliary_loss,scheduler)
ValueError: not enough values to unpack (expected 4, got 3)
Process Process-1:
Traceback (most recent call last):
  File "/home/caoduanhua/anaconda3/lib/python3.7/multiprocessing/process.py", line 297, in _bootstrap
    self.run()
  File "/home/caoduanhua/anaconda3/lib/python3.7/multiprocessing/process.py", line 99, in run
    self._target(*self._args, **self._kwargs)
  File "train.py", line 182, in run
    model,train_losses,optimizer,scheluder = train(model,args,optimizer,loss_fn,train_dataloader,auxiliary_loss,scheduler)
ValueError: not enough values to unpack (expected 4, got 3)
Process Process-3:
Traceback (most recent call last):
  File "/home/caoduanhua/anaconda3/lib/python3.7/multiprocessing/process.py", line 297, in _bootstrap
    self.run()
  File "/home/caoduanhua/anaconda3/lib/python3.7/multiprocessing/process.py", line 99, in run
    self._target(*self._args, **self._kwargs)
  File "train.py", line 182, in run
    model,train_losses,optimizer,scheluder = train(model,args,optimizer,loss_fn,train_dataloader,auxiliary_loss,scheduler)
ValueError: not enough values to unpack (expected 4, got 3)
Process Process-4:
Traceback (most recent call last):
  File "/home/caoduanhua/anaconda3/lib/python3.7/multiprocessing/process.py", line 297, in _bootstrap
    self.run()
  File "/home/caoduanhua/anaconda3/lib/python3.7/multiprocessing/process.py", line 99, in run
    self._target(*self._args, **self._kwargs)
  File "train.py", line 182, in run
    model,train_losses,optimizer,scheluder = train(model,args,optimizer,loss_fn,train_dataloader,auxiliary_loss,scheduler)
ValueError: not enough values to unpack (expected 4, got 3)
Process Process-5:
Traceback (most recent call last):
  File "/home/caoduanhua/anaconda3/lib/python3.7/multiprocessing/process.py", line 297, in _bootstrap
    self.run()
  File "/home/caoduanhua/anaconda3/lib/python3.7/multiprocessing/process.py", line 99, in run
    self._target(*self._args, **self._kwargs)
  File "train.py", line 182, in run
    model,train_losses,optimizer,scheluder = train(model,args,optimizer,loss_fn,train_dataloader,auxiliary_loss,scheduler)
ValueError: not enough values to unpack (expected 4, got 3)
Process Process-8:
Traceback (most recent call last):
  File "/home/caoduanhua/anaconda3/lib/python3.7/multiprocessing/process.py", line 297, in _bootstrap
    self.run()
  File "/home/caoduanhua/anaconda3/lib/python3.7/multiprocessing/process.py", line 99, in run
    self._target(*self._args, **self._kwargs)
  File "train.py", line 182, in run
    model,train_losses,optimizer,scheluder = train(model,args,optimizer,loss_fn,train_dataloader,auxiliary_loss,scheduler)
ValueError: not enough values to unpack (expected 4, got 3)
Process Process-6:
Traceback (most recent call last):
  File "/home/caoduanhua/anaconda3/lib/python3.7/multiprocessing/process.py", line 297, in _bootstrap
    self.run()
  File "/home/caoduanhua/anaconda3/lib/python3.7/multiprocessing/process.py", line 99, in run
    self._target(*self._args, **self._kwargs)
  File "train.py", line 182, in run
    model,train_losses,optimizer,scheluder = train(model,args,optimizer,loss_fn,train_dataloader,auxiliary_loss,scheduler)
ValueError: not enough values to unpack (expected 4, got 3)
