2022-06-29 02:39:08
Available GPU List
id	utilization.gpu(%)	memory.free(MiB)
0 	0                 	32510           
1 	0                 	32510           
2 	0                 	32510           
3 	0                 	32510           
4 	0                 	32510           
5 	0                 	32510           
6 	0                 	32510           
7 	0                 	32510           
Select id #0, 1, 2, 3, 4, 5, 6, 7 for you.
Number of train data: 116299
Number of val data: 12923
Number of test data: 33270
Available GPU List
id	utilization.gpu(%)	memory.free(MiB)
0 	0                 	32506           
1 	0                 	32506           
2 	0                 	32506           
3 	0                 	32506           
4 	0                 	32506           
5 	0                 	32506           
6 	0                 	32506           
7 	0                 	32506           
Select id #0, 1, 2, 3, 4, 5, 6, 7 for you.
number of parameters :  384396
Let's use 8 GPUs!
Number of train data: 116299
Number of val data: 12923
Number of test data: 33270
Available GPU List
id	utilization.gpu(%)	memory.free(MiB)
0 	0                 	32506           
1 	0                 	32506           
2 	0                 	32506           
3 	0                 	32506           
4 	0                 	32506           
5 	0                 	32506           
6 	0                 	32506           
7 	0                 	32506           
Select id #0, 1, 2, 3, 4, 5, 6, 7 for you.
number of parameters :  384396
Let's use 8 GPUs!
Number of train data: 116299
Number of val data: 12923
Number of test data: 33270
Available GPU List
id	utilization.gpu(%)	memory.free(MiB)
0 	0                 	32506           
1 	0                 	32506           
2 	0                 	32506           
3 	0                 	32506           
4 	0                 	32506           
5 	0                 	32506           
6 	0                 	32506           
7 	0                 	32506           
Select id #0, 1, 2, 3, 4, 5, 6, 7 for you.
number of parameters :  384396
Let's use 8 GPUs!
Number of train data: 116299
Number of val data: 12923
Number of test data: 33270
Available GPU List
id	utilization.gpu(%)	memory.free(MiB)
0 	0                 	32506           
1 	0                 	32506           
2 	0                 	32506           
3 	0                 	32506           
4 	0                 	32506           
5 	0                 	32506           
6 	0                 	32506           
7 	0                 	32506           
Select id #0, 1, 2, 3, 4, 5, 6, 7 for you.
number of parameters :  384396
Let's use 8 GPUs!
Number of train data: 116299
Number of val data: 12923
Number of test data: 33270
Available GPU List
id	utilization.gpu(%)	memory.free(MiB)
0 	0                 	32506           
1 	0                 	32506           
2 	0                 	32506           
3 	0                 	32506           
4 	0                 	32506           
5 	0                 	32506           
6 	0                 	32506           
7 	0                 	32506           
Select id #0, 1, 2, 3, 4, 5, 6, 7 for you.
number of parameters :  384396
Let's use 8 GPUs!
Number of train data: 116299
Number of val data: 12923
Number of test data: 33270
Available GPU List
id	utilization.gpu(%)	memory.free(MiB)
0 	0                 	32506           
1 	0                 	32506           
2 	0                 	32506           
3 	0                 	32506           
4 	0                 	32506           
5 	0                 	32506           
6 	0                 	32506           
7 	0                 	32506           
Select id #0, 1, 2, 3, 4, 5, 6, 7 for you.
number of parameters :  384396
Let's use 8 GPUs!
Number of train data: 116299
Number of val data: 12923
Number of test data: 33270
Available GPU List
id	utilization.gpu(%)	memory.free(MiB)
0 	0                 	32506           
1 	0                 	32506           
2 	0                 	32506           
3 	0                 	32506           
4 	0                 	32506           
5 	0                 	32506           
6 	0                 	32506           
7 	0                 	32506           
Select id #0, 1, 2, 3, 4, 5, 6, 7 for you.
number of parameters :  384396
Let's use 8 GPUs!
Number of train data: 116299
Number of val data: 12923
Number of test data: 33270
Available GPU List
id	utilization.gpu(%)	memory.free(MiB)
0 	0                 	32506           
1 	0                 	32506           
2 	0                 	32506           
3 	0                 	32506           
4 	0                 	32506           
5 	0                 	32506           
6 	0                 	32506           
7 	0                 	32506           
Select id #0, 1, 2, 3, 4, 5, 6, 7 for you.
number of parameters :  384396
Let's use 8 GPUs!
/home/caoduanhua/anaconda3/envs/prolif/lib/python3.8/site-packages/sklearn/metrics/_classification.py:1318: UndefinedMetricWarning: Precision is ill-defined and being set to 0.0 due to no predicted samples. Use `zero_division` parameter to control this behavior.
  _warn_prf(average, modifier, msg_start, len(result))
/home/caoduanhua/anaconda3/envs/prolif/lib/python3.8/site-packages/sklearn/metrics/_classification.py:1318: UndefinedMetricWarning: Precision is ill-defined and being set to 0.0 due to no predicted samples. Use `zero_division` parameter to control this behavior.
  _warn_prf(average, modifier, msg_start, len(result))
/home/caoduanhua/anaconda3/envs/prolif/lib/python3.8/site-packages/sklearn/metrics/_classification.py:1318: UndefinedMetricWarning: Precision is ill-defined and being set to 0.0 due to no predicted samples. Use `zero_division` parameter to control this behavior.
  _warn_prf(average, modifier, msg_start, len(result))
/home/caoduanhua/anaconda3/envs/prolif/lib/python3.8/site-packages/sklearn/metrics/_classification.py:1318: UndefinedMetricWarning: Precision is ill-defined and being set to 0.0 due to no predicted samples. Use `zero_division` parameter to control this behavior.
  _warn_prf(average, modifier, msg_start, len(result))
/home/caoduanhua/anaconda3/envs/prolif/lib/python3.8/site-packages/sklearn/metrics/_classification.py:1318: UndefinedMetricWarning: Precision is ill-defined and being set to 0.0 due to no predicted samples. Use `zero_division` parameter to control this behavior.
  _warn_prf(average, modifier, msg_start, len(result))
/home/caoduanhua/anaconda3/envs/prolif/lib/python3.8/site-packages/sklearn/metrics/_classification.py:1318: UndefinedMetricWarning: Precision is ill-defined and being set to 0.0 due to no predicted samples. Use `zero_division` parameter to control this behavior.
  _warn_prf(average, modifier, msg_start, len(result))
/home/caoduanhua/anaconda3/envs/prolif/lib/python3.8/site-packages/sklearn/metrics/_classification.py:1318: UndefinedMetricWarning: Precision is ill-defined and being set to 0.0 due to no predicted samples. Use `zero_division` parameter to control this behavior.
  _warn_prf(average, modifier, msg_start, len(result))
/home/caoduanhua/anaconda3/envs/prolif/lib/python3.8/site-packages/sklearn/metrics/_classification.py:1318: UndefinedMetricWarning: Precision is ill-defined and being set to 0.0 due to no predicted samples. Use `zero_division` parameter to control this behavior.
  _warn_prf(average, modifier, msg_start, len(result))
/home/caoduanhua/anaconda3/envs/prolif/lib/python3.8/site-packages/sklearn/metrics/_classification.py:1318: UndefinedMetricWarning: Precision is ill-defined and being set to 0.0 due to no predicted samples. Use `zero_division` parameter to control this behavior.
  _warn_prf(average, modifier, msg_start, len(result))
/home/caoduanhua/anaconda3/envs/prolif/lib/python3.8/site-packages/sklearn/metrics/_classification.py:1318: UndefinedMetricWarning: Precision is ill-defined and being set to 0.0 due to no predicted samples. Use `zero_division` parameter to control this behavior.
  _warn_prf(average, modifier, msg_start, len(result))
/home/caoduanhua/anaconda3/envs/prolif/lib/python3.8/site-packages/sklearn/metrics/_classification.py:1318: UndefinedMetricWarning: Precision is ill-defined and being set to 0.0 due to no predicted samples. Use `zero_division` parameter to control this behavior.
  _warn_prf(average, modifier, msg_start, len(result))
/home/caoduanhua/anaconda3/envs/prolif/lib/python3.8/site-packages/sklearn/metrics/_classification.py:1318: UndefinedMetricWarning: Precision is ill-defined and being set to 0.0 due to no predicted samples. Use `zero_division` parameter to control this behavior.
  _warn_prf(average, modifier, msg_start, len(result))
/home/caoduanhua/anaconda3/envs/prolif/lib/python3.8/site-packages/sklearn/metrics/_classification.py:1318: UndefinedMetricWarning: Precision is ill-defined and being set to 0.0 due to no predicted samples. Use `zero_division` parameter to control this behavior.
  _warn_prf(average, modifier, msg_start, len(result))
/home/caoduanhua/anaconda3/envs/prolif/lib/python3.8/site-packages/sklearn/metrics/_classification.py:1318: UndefinedMetricWarning: Precision is ill-defined and being set to 0.0 due to no predicted samples. Use `zero_division` parameter to control this behavior.
  _warn_prf(average, modifier, msg_start, len(result))
/home/caoduanhua/anaconda3/envs/prolif/lib/python3.8/site-packages/sklearn/metrics/_classification.py:1318: UndefinedMetricWarning: Precision is ill-defined and being set to 0.0 due to no predicted samples. Use `zero_division` parameter to control this behavior.
  _warn_prf(average, modifier, msg_start, len(result))
/home/caoduanhua/anaconda3/envs/prolif/lib/python3.8/site-packages/sklearn/metrics/_classification.py:1318: UndefinedMetricWarning: Precision is ill-defined and being set to 0.0 due to no predicted samples. Use `zero_division` parameter to control this behavior.
  _warn_prf(average, modifier, msg_start, len(result))
/home/caoduanhua/anaconda3/envs/prolif/lib/python3.8/site-packages/sklearn/metrics/_classification.py:1318: UndefinedMetricWarning: Precision is ill-defined and being set to 0.0 due to no predicted samples. Use `zero_division` parameter to control this behavior.
  _warn_prf(average, modifier, msg_start, len(result))
/home/caoduanhua/anaconda3/envs/prolif/lib/python3.8/site-packages/sklearn/metrics/_classification.py:1318: UndefinedMetricWarning: Precision is ill-defined and being set to 0.0 due to no predicted samples. Use `zero_division` parameter to control this behavior.
  _warn_prf(average, modifier, msg_start, len(result))
/home/caoduanhua/anaconda3/envs/prolif/lib/python3.8/site-packages/sklearn/metrics/_classification.py:1318: UndefinedMetricWarning: Precision is ill-defined and being set to 0.0 due to no predicted samples. Use `zero_division` parameter to control this behavior.
  _warn_prf(average, modifier, msg_start, len(result))
/home/caoduanhua/anaconda3/envs/prolif/lib/python3.8/site-packages/sklearn/metrics/_classification.py:1318: UndefinedMetricWarning: Precision is ill-defined and being set to 0.0 due to no predicted samples. Use `zero_division` parameter to control this behavior.
  _warn_prf(average, modifier, msg_start, len(result))
/home/caoduanhua/anaconda3/envs/prolif/lib/python3.8/site-packages/sklearn/metrics/_classification.py:1318: UndefinedMetricWarning: Precision is ill-defined and being set to 0.0 due to no predicted samples. Use `zero_division` parameter to control this behavior.
  _warn_prf(average, modifier, msg_start, len(result))
/home/caoduanhua/anaconda3/envs/prolif/lib/python3.8/site-packages/sklearn/metrics/_classification.py:1318: UndefinedMetricWarning: Precision is ill-defined and being set to 0.0 due to no predicted samples. Use `zero_division` parameter to control this behavior.
  _warn_prf(average, modifier, msg_start, len(result))
/home/caoduanhua/anaconda3/envs/prolif/lib/python3.8/site-packages/sklearn/metrics/_classification.py:1318: UndefinedMetricWarning: Precision is ill-defined and being set to 0.0 due to no predicted samples. Use `zero_division` parameter to control this behavior.
  _warn_prf(average, modifier, msg_start, len(result))
/home/caoduanhua/anaconda3/envs/prolif/lib/python3.8/site-packages/sklearn/metrics/_classification.py:1318: UndefinedMetricWarning: Precision is ill-defined and being set to 0.0 due to no predicted samples. Use `zero_division` parameter to control this behavior.
  _warn_prf(average, modifier, msg_start, len(result))
/home/caoduanhua/anaconda3/envs/prolif/lib/python3.8/site-packages/sklearn/metrics/_classification.py:1318: UndefinedMetricWarning: Precision is ill-defined and being set to 0.0 due to no predicted samples. Use `zero_division` parameter to control this behavior.
  _warn_prf(average, modifier, msg_start, len(result))
/home/caoduanhua/anaconda3/envs/prolif/lib/python3.8/site-packages/sklearn/metrics/_classification.py:1318: UndefinedMetricWarning: Precision is ill-defined and being set to 0.0 due to no predicted samples. Use `zero_division` parameter to control this behavior.
  _warn_prf(average, modifier, msg_start, len(result))
