2022-09-26 09:13:07
Available GPU List
id	utilization.gpu(%)	memory.free(MiB)
0 	0                 	32510           
1 	0                 	32510           
2 	0                 	32510           
3 	0                 	32510           
4 	0                 	32510           
5 	0                 	32510           
6 	0                 	32510           
7 	0                 	32510           
Select id #0, 1, 2, 3, 4, 5, 6 for you.
load save model!
Let's use 7 GPUs!
this pro :  hiv1rt  is tested
this pro :  hsp90  is tested
this pro :  hiv1pr  is tested
this pro :  a2a  is tested
this pro :  sirt2  is tested
load save model!
Let's use 7 GPUs!
this pro :  hiv1rt  is tested
this pro :  hsp90  is tested
this pro :  hiv1pr  is tested
this pro :  a2a  is tested
this pro :  sirt2  is tested
load save model!
Let's use 7 GPUs!
this pro :  hiv1rt  is tested
this pro :  hsp90  is tested
this pro :  hiv1pr  is tested
this pro :  a2a  is tested
this pro :  sirt2  is tested
load save model!
Let's use 7 GPUs!
this pro :  hiv1rt  is tested
this pro :  hsp90  is tested
this pro :  hiv1pr  is tested
this pro :  a2a  is tested
this pro :  sirt2  is tested
load save model!
Let's use 7 GPUs!
this pro :  hiv1rt  is tested
this pro :  hsp90  is tested
this pro :  hiv1pr  is tested
this pro :  a2a  is tested
this pro :  sirt2  is tested
load save model!
Let's use 7 GPUs!
this pro :  hiv1rt  is tested
this pro :  hsp90  is tested
this pro :  hiv1pr  is tested
this pro :  a2a  is tested
this pro :  sirt2  is tested
load save model!
Let's use 7 GPUs!
this pro :  hiv1rt  is tested
this pro :  hsp90  is tested
this pro :  hiv1pr  is tested
this pro :  a2a  is tested
this pro :  sirt2  is tested
parp-1 :skip for some bug
