2022-10-12 05:25:47
Available GPU List
id	utilization.gpu(%)	memory.free(MiB)
0 	0                 	31987           
1 	0                 	32510           
2 	0                 	32510           
3 	0                 	32510           
4 	0                 	32510           
5 	0                 	32510           
6 	0                 	32510           
7 	0                 	32510           
Select id #0, 1, 2, 3, 4, 5, 6 for you.
load save model!
Let's use 7 GPUs!
load save model!
Let's use 7 GPUs!
load save model!
Let's use 7 GPUs!
load save model!
Let's use 7 GPUs!
load save model!
Let's use 7 GPUs!
load save model!
Let's use 7 GPUs!
load save model!
Let's use 7 GPUs!
